epoch	link_F1_0	link_loss	loss	relation_F1_0_1_2_3	relation_F1_0_2	relation_loss	source_F1_0_1_2_3_4	source_loss	target_F1_0_1_2_3_4	target_loss
1	0.027979277501496248	0.3445675057781196	12.851514511740458	0.018376248607017764	0.019284600930567344	0.9415304398470049	0.18398964009633753	1.6249207289637102	0.18496946323055197	1.704857429021973
2	0.00333546090509344	0.12277308233143772	5.442811016012197	0.00043777926172161385	0.0008755585234432277	0.26961030186983637	0.20170583414298185	1.31168648618823	0.20124596189224947	1.3271293412950529
3	0.0	0.11644552737208703	4.821615659337048	0.0	0.0	0.24455919962337686	0.26215278982021184	1.1388274143596961	0.26458509288831755	1.1300633960116693
4	0.0	0.1132680503103663	4.520692639411813	0.0005941289991675454	0.0011882579983350909	0.23327152267205514	0.33295674555223526	1.0341511448472938	0.2849092493923029	1.0476360237436597
5	0.001512328357589263	0.11038606872175773	4.266309174699354	0.006253792227813081	0.0032655774468983937	0.2259180573372248	0.5067320436523127	0.942349949597297	0.4505118510267859	0.9601966950656697
6	0.03466390969744304	0.1078845028390442	4.011348116388339	0.01692343542781041	0.0185848139770836	0.2204067290408325	0.5976508671036298	0.8434844706678505	0.5670211086819639	0.860381786393967
7	0.04193119959662252	0.10551951373616193	3.8304519265898054	0.029375172564773858	0.02236918209379622	0.21448111039131984	0.6122500060449206	0.787183257210023	0.6035086506557309	0.7957457995554346
8	0.0482786096607295	0.10337711446877645	3.705387122300447	0.031141296960772863	0.03770922562093467	0.21015702210424236	0.6308775260032108	0.7470072131303513	0.6184534920983837	0.7548349649309002
9	0.05414103637865036	0.10177935488990068	3.5961819795461802	0.03986048959778777	0.029702832407543445	0.206860432605065	0.648927413431158	0.7056293168187237	0.6356666625059441	0.7205671914118162
10	0.0732083134598351	0.0994998826081365	3.4800947188442617	0.05165436630122884	0.04613561168788172	0.20318424518450418	0.6657255198173878	0.6712184942304882	0.6629553235568866	0.6761670046294341
11	0.07384742036890092	0.09752278834519898	3.353785100343667	0.052150366587221254	0.044304135855505127	0.19743763515614182	0.7028661811403942	0.6377690023156852	0.7103442285071241	0.641056964070295
12	0.12162867167406242	0.09618330383879059	3.2854907207105715	0.08977181974311478	0.07125003180174709	0.19566281123390722	0.7250312418569489	0.6137127129835495	0.7344736272435808	0.6143732630479898
13	0.15611086588587564	0.09329938447355256	3.1743345644234786	0.09706563420510099	0.09202110067447858	0.18975931887919198	0.7579540612852437	0.5811737630003654	0.7528515967527671	0.5941856750028071
14	0.1393941541501821	0.0932743767152957	3.1207462276332327	0.0911401031829872	0.09041261301734986	0.18893789639808029	0.7791467319203669	0.5580220728644609	0.7690796953330354	0.5709227386515985
15	0.17538430329457189	0.09230982240002888	3.049489563628972	0.10476119373001859	0.11288362232460657	0.18666425601365816	0.7921390032989184	0.5392407077620693	0.7895140595807445	0.5400464889143006
16	0.17148644418599446	0.08929610186937421	2.962206449031449	0.12345882264704028	0.11056802171134501	0.18176940271999248	0.8035365888906212	0.5187524691132874	0.8060890487728036	0.5208707084863909
17	0.2144859180329472	0.08850025599001886	2.921615762916181	0.11672808795425818	0.11440934264678074	0.18032751240714737	0.8140673150332804	0.5000108878068985	0.8040889237597784	0.5120353227263599
18	0.19702626175307553	0.08868068987134292	2.8943089918472173	0.1207208668753937	0.1270102505440118	0.1798870357837739	0.8235172768642677	0.49153440911496354	0.81849340541614	0.49590996139015264
19	0.22932089321454144	0.0855464817802894	2.808427565999573	0.14573543809203687	0.1556516900799902	0.17415574652787089	0.8215204123873538	0.47272695438370665	0.8237512795991618	0.48395766627607684
20	0.24000990851205178	0.08445722722102106	2.730279881046083	0.18030422657689554	0.1805819896908698	0.17035505563488723	0.8435276445399772	0.4535957253459987	0.8306392023584889	0.4610846874274121
21	0.25281503184100595	0.08269486396350631	2.7005112971401544	0.1570568025874843	0.158097968489755	0.16891277203768182	0.8406602138423603	0.4478594410806569	0.8405318423905463	0.4498250058214811
22	0.29135646088917416	0.0824088621844922	2.642525448010962	0.2009267622807756	0.1975692045564022	0.16562783526837238	0.8420076434465013	0.4330757756380125	0.8398244106683046	0.43776881793156436
23	0.25283263538119766	0.08191579829833039	2.6436649948033306	0.17964587233593243	0.168187532331809	0.16592315056415546	0.8467616535915036	0.42758757087789	0.8408370396715635	0.4388772730405958
24	0.29711833437083424	0.08175878309006938	2.5956083299125607	0.19586743820868116	0.1935965882236223	0.1617708839783492	0.8505871565014014	0.42600421850228204	0.8438310775323694	0.4314117879786008
25	0.31401128901135555	0.07891487100751342	2.5605456493685845	0.20945344570324867	0.2186904720450685	0.16096279274554273	0.8578765279320002	0.40995286362647754	0.8493471437997812	0.4182626097632876
26	0.30848171366656196	0.07895475116528378	2.5149201532770795	0.18467533729079896	0.1923969815952053	0.15899848971304692	0.8604160618542347	0.39540743820680596	0.8618522932184	0.4045640537007108
27	0.3389010147289995	0.07892837382938306	2.5053349185694334	0.22770612852092065	0.2236610429502151	0.1590666631571324	0.8650182507612365	0.3952740875724976	0.8604666284425752	0.39232552811872273
28	0.3510980584466104	0.07740085689999938	2.460958163456489	0.22484816523253529	0.2339663644489339	0.15590032525132524	0.8692631056620543	0.38247482818525336	0.8688742964534553	0.39016014299067153
29	0.3504479390116624	0.07658178549947052	2.465275929698863	0.22961913456053687	0.2257984094553418	0.1551638078544411	0.8630190153727587	0.39331488849906043	0.8639678101543415	0.3881151387554742
30	0.352005611121233	0.07576141028154601	2.3956704928832453	0.22143336753869577	0.22330134194224108	0.1521592467224103	0.8712377616091407	0.3693482050013282	0.8716557703696115	0.37029325427417586
31	0.36158180649261507	0.07545011681260376	2.371283707052017	0.22826441846956438	0.21899443966420334	0.15057091298915937	0.8749157381049707	0.36643287596595964	0.8730821955930309	0.3627276785725255
32	0.3825252235744354	0.07338551441710744	2.347951311648828	0.24176715888154612	0.24429730682658646	0.14861632956230073	0.8765692890357518	0.36218327016931345	0.8775292006247781	0.36057428227544686
33	0.4132317213465723	0.07086385099580703	2.2928155900824727	0.2692874454890504	0.2651055328486733	0.14375416695623439	0.8779474921877538	0.3577163188753212	0.8806989946438537	0.3563937317477854
34	0.3930813799374666	0.0725498194961209	2.321326196939348	0.2380027352861285	0.23031545566681144	0.1466004465648888	0.8724956118436737	0.3551542267524596	0.8786061266670798	0.3563968696539028
35	0.3977685009551064	0.07111726784649795	2.2864562504019292	0.24116450246730814	0.23662514485683145	0.1424765055228222	0.877200667127984	0.35784289506178507	0.8760548214726144	0.35682771550250997
36	0.4352200670020944	0.06970157085736682	2.2717140880645132	0.26781762304676526	0.28629244922194363	0.14226615956930172	0.8814440070481777	0.34607292513026183	0.8801636105802169	0.3530200360095466
37	0.4011878995144474	0.07139689972218138	2.2710314201870783	0.2782212430215043	0.27422452960847754	0.14205533143808177	0.8813392191415843	0.3432958743889217	0.8816409442425768	0.3547205250687443
38	0.39596545202227984	0.07105853388248082	2.233576903309567	0.24888522177733405	0.24393782712898854	0.139565626621873	0.8846259461964593	0.34248734894016497	0.8832082980832571	0.34032552069985617
39	0.44482699778499385	0.06754831676979965	2.220733786869912	0.2971213315338019	0.29330708079842155	0.1376924632280264	0.882684727768467	0.3384367914744949	0.8804482456563356	0.34678836167255295
40	0.4446233840012717	0.06830107627274398	2.1860178435200988	0.2810917933835616	0.2722022671086515	0.13715775424130172	0.8880120971189819	0.325433177923566	0.8859886435842903	0.32796856013739206
41	0.4517214380999258	0.0664271849574705	2.1656175682860104	0.2862104860589464	0.2683308657812911	0.1352335953545088	0.8879388211554305	0.32111813972803516	0.8871700169791329	0.3291931658594539
42	0.4746088318454281	0.06653766114327195	2.11987593363091	0.2943416176918198	0.29632649428496477	0.13173799915697812	0.8931733603209203	0.31838336522302507	0.8930947850924276	0.31867623683744395
43	0.46025332599723096	0.06583373030681844	2.1267139924978173	0.2825181822956974	0.271476868524591	0.13210725590352654	0.8896298862157381	0.3188529536703149	0.8941490541237846	0.31803742821764874
44	0.49094758947700323	0.06553632098986076	2.10371701825893	0.34427041963551136	0.35214513634802436	0.12982410206867243	0.891717726234236	0.31521663422323715	0.8936168468506572	0.3179602068247775
45	0.47648307600749834	0.06311474345170312	2.0733307315721325	0.3199819553672878	0.33190595546882373	0.12828874922862452	0.8954461194440991	0.30409226260557753	0.8941273126336802	0.3107471098314742
46	0.46403519125559556	0.06506422231266845	2.0936767360077027	0.3007870766044185	0.2729687045943787	0.1292353816199547	0.8996987440591645	0.3081436536597355	0.8951179881300758	0.31384204176549807
47	0.48536865781934124	0.06478948193650107	2.0565702675789446	0.3176986061033741	0.3388210327256113	0.12800349474809955	0.8956112741327997	0.29521549237648603	0.8957947162514561	0.2980804063552296
48	0.498513608288424	0.06153440063173288	2.00695292053941	0.33074620556278955	0.3238261391530329	0.12340549840265873	0.9037147236649662	0.2909283238580356	0.9003819327589766	0.295851943304969
49	0.5068095353385632	0.061108483770544425	1.9992739992602442	0.33073945582324255	0.3144231261246565	0.12372547061952753	0.9012673862616315	0.2853563814990407	0.8996003931378155	0.2875375623755516
50	0.5244958187820417	0.06085368298814157	1.9918060772337112	0.350094057748899	0.36052745149239834	0.12208070268565459	0.8998134690341396	0.2901122893068205	0.9021857140852364	0.28737326709829747
51	0.5455904950034811	0.05883579905694442	1.9714464696601632	0.3567669031713731	0.3816787944774971	0.11957812700435491	0.9056965340436866	0.28659741819055595	0.9046140388960501	0.29138440816269806
52	0.5491072854915204	0.06026328707127248	1.963135139784154	0.3593738035899722	0.36143893718313885	0.11954502580007689	0.903446737300454	0.2873008046056287	0.9039462434529814	0.27887932570898566
53	0.5219837230616677	0.05935283712814677	1.9623692941405464	0.36169476955024965	0.34179896287590344	0.11899109288459132	0.8951297122752221	0.2821645259139288	0.9032836390104685	0.2843503858561937
54	0.5575482890354618	0.0568163364871321	1.8890780203514415	0.3585031197803845	0.3600796976988639	0.1146998443671259	0.911991350827764	0.2677460666473222	0.9144133337813665	0.2647028914197887
55	0.5744217885964189	0.05715818576651556	1.8552638142706075	0.3710254641055432	0.3587693267355385	0.11309301194685045	0.9177670154887366	0.2540657175171873	0.913634118664723	0.25729905655877783
56	0.5713809227815438	0.055518914500461126	1.830089479042299	0.37818938419014925	0.3743450526734705	0.11045903057982416	0.9137768414968809	0.2537948773132222	0.9114921797152692	0.2551511546752064
57	0.5811725258678919	0.05464342455182592	1.8348974823031554	0.39145198534244413	0.3970518208961454	0.1089470143682039	0.9119248006849516	0.2631159346032117	0.9099931173621484	0.26019756181033205
58	0.5790451046800489	0.05527893776490011	1.8674185591585495	0.39018519778215344	0.39883951381581884	0.11256748538822262	0.9108734925632243	0.25981163668416746	0.917022746775301	0.25386488880681524
59	0.5926817323404849	0.0541790383717946	1.7891168413499838	0.3935966779664828	0.38718260438209157	0.10742597097899326	0.9194482938089906	0.24134771326357993	0.9171033785108375	0.24178493842740373
60	0.5902951585706473	0.05317429988180224	1.7738595135611106	0.3848698902291729	0.36947032654587336	0.10462535063827612	0.9187890694248597	0.24010841573033526	0.9180554878525754	0.2511734954015289
61	0.5994909845657902	0.051783371544206334	1.7690614453649025	0.39372707614467084	0.3926018854225976	0.10564357617020702	0.9204659844265023	0.23410069347736776	0.9209666983516949	0.2380176698305615
62	0.6133077573920984	0.05113980320071822	1.692017783470093	0.43164837741212486	0.4206345703631424	0.09959390539292218	0.9266970278444199	0.22459101493105724	0.9269412614068512	0.22665846258568453
63	0.6463697399681567	0.04770709676452384	1.6240624973898972	0.4271831079150045	0.4120660150798703	0.09495110526514364	0.9325507450261571	0.21075641753740504	0.924538201233337	0.2157618444524993
64	0.6389948794477802	0.04979142000453013	1.7106651093910945	0.4351921893916923	0.440526518889207	0.09903292378149421	0.9155813300031848	0.22925141554683773	0.9113222074556008	0.2368706950830087
65	0.6235872134140721	0.05067889150906337	1.7483556419571316	0.40035558186700343	0.3983718150420826	0.10261635767285546	0.9221519597394803	0.23242078676109845	0.9234412325044395	0.22895991856553055
66	0.6338586843413098	0.04832775610661948	1.6201724096248211	0.4128786175421395	0.41375306855703714	0.09346592094375394	0.9258288091252187	0.21220634962757565	0.9269881538042357	0.2091771359055925
67	0.6773067689532654	0.045439368004803804	1.560520361340487	0.48950159151267103	0.49102865994064654	0.08917226161116658	0.9342132304752633	0.19917973205903314	0.9329037805614433	0.2026369352491574
68	0.6538660028507762	0.04709631676215749	1.6373832941785087	0.4249613620014512	0.4383152414626134	0.09452638524592652	0.9304284375669774	0.21141779498118557	0.9315699123475023	0.20882250573253072
69	0.6649198190500856	0.04531175042593062	1.5851880509326013	0.4439289894266893	0.4877993871286956	0.09018883514938153	0.9308703001864259	0.20588531899609272	0.9304559945042593	0.2016380706389026
70	0.688230755389518	0.04249314594263246	1.5044002361776094	0.4689365335937612	0.47573114297454505	0.08565942779488789	0.9398277173313964	0.18301807631115535	0.938581294474665	0.1871339457626669
71	0.6912301819549049	0.043198708933176976	1.5080882104464215	0.4534949234866614	0.44648183183283585	0.08426598934637666	0.9284147396013817	0.192730241648244	0.9343497053389433	0.1921703380601724
72	0.7011989566892024	0.04087011861429709	1.4745120705839863	0.4396563489321276	0.4357764222978335	0.08130448816915777	0.9365036586850713	0.18882330274618397	0.9295449582887814	0.18911428327751756
73	0.7176528855079188	0.04035193564472901	1.4683829086208267	0.4726479261323403	0.4866709687214313	0.08101475002313029	0.93468298455429	0.1904912643830669	0.9376843510881941	0.1814211264692915
74	0.7323090287583675	0.03978069478312261	1.4434827844894151	0.47540927412735573	0.47906301748840385	0.07833356055435282	0.9385398161979878	0.18770210046518473	0.9378546516189515	0.18302439653337207
75	0.7331453666416932	0.038269493224172155	1.429250872956967	0.5045827107520785	0.4963969590280324	0.07741238325556637	0.9386915872782939	0.1836913752361898	0.9398795343870594	0.17879040646749764
76	0.728089735251086	0.038943897611254594	1.4334422076259294	0.4938742474858629	0.498248580539982	0.07726224818154634	0.9403753789673625	0.18613152798401061	0.9358080628221107	0.17878746213369112
77	0.7176743911790289	0.03939286040899234	1.423572201740878	0.48508233521757277	0.4719105943046297	0.07686449017941888	0.9360914289978135	0.18186446640016807	0.9450038824318	0.17416282204996883
78	0.7259743034619304	0.03705982571206977	1.3903348222989682	0.4664150563229352	0.4598510318632701	0.07469008143446866	0.9411842271247383	0.17430951171037776	0.9461239101022038	0.1668767395875763
79	0.7475549201682782	0.03728492314128331	1.3756981123499583	0.498708106936916	0.49680598242998725	0.07245405897149101	0.9413014825059447	0.17636610950906764	0.9427879002966101	0.17000164698917467
80	0.7459240473671189	0.03692608487653247	1.3836076850106749	0.4834726264868271	0.49037878166125454	0.07375645578861442	0.9447224336951702	0.17372203396971886	0.9457642222487807	0.164934004849581
81	0.7291222977913879	0.038592035245345664	1.4404990691468536	0.48812739600964694	0.49789710640233514	0.0764434249674525	0.9374362564659738	0.18855285522668547	0.9412298234832667	0.1745600380759021
82	0.748822948818004	0.03776880190924647	1.3787802162245293	0.5080567615053562	0.5078805763875585	0.07334043198414612	0.9426106726041662	0.16639478323003984	0.938854353531616	0.1635621735627327
83	0.7411089811917717	0.03608946009725729	1.386043944097371	0.4732046397393122	0.4981035960650085	0.07338866535876623	0.9441353212906669	0.16356806659519213	0.9431381009657464	0.16949896570141404
84	0.7405172130382732	0.037439602332738506	1.4313113915974198	0.4773315978651794	0.4850759026672177	0.07497046387880557	0.9340874100665245	0.17895859087940572	0.937863118645424	0.1791224088732997
85	0.770912948752574	0.03394184004275452	1.3379243765703566	0.5027127391537705	0.4933835061884552	0.0686470671451041	0.9456892812716212	0.1637534379189656	0.9446776443137971	0.1624355448019736
86	0.7728708901357227	0.033716141193830484	1.308466085814592	0.5208762082616049	0.5109944946148597	0.06618537991993091	0.9462099971613416	0.16183227999396135	0.9454399990424288	0.1584597089651864
87	0.7734174906229067	0.03251301375903647	1.2599544666503255	0.5247409002497098	0.5174713813138798	0.06336942676029403	0.9498732518878259	0.15048342546468438	0.9499259585667497	0.14919839325339387
88	0.7338435083473412	0.036115749011057664	1.338891599290638	0.49830184575153935	0.4784368695386332	0.06729559951067954	0.9443875469619061	0.17142025356141055	0.9447018910464939	0.16442349658907648
89	0.7681456004108969	0.03363346306616795	1.315702583701299	0.5128905803739168	0.5275703189786437	0.06674344534099515	0.9489083947786302	0.15559287807322386	0.9464591054512136	0.15923170852262922
90	0.7652580125408867	0.03313059667767379	1.3087451587752645	0.510754377216932	0.5093185985767315	0.06617273007650182	0.9478039499556397	0.15655862810405005	0.9490779229725356	0.15570587259889568
91	0.8002514106463181	0.03047803877737588	1.2568838591425857	0.5091100090920739	0.500502605391403	0.06240180244588506	0.944775150945293	0.150672436413936	0.9448983919730998	0.14685018068104624
92	0.7764512468860831	0.032306497012276676	1.2688883685164545	0.5161030785391522	0.5051986114200784	0.06371580605787548	0.9535440988980441	0.14833738918805142	0.9512362856260922	0.1471739697498402
93	0.7965589843447841	0.030288361163528787	1.2294715090511261	0.5618153704164935	0.5521931888166907	0.060168846256263495	0.9514024122772481	0.14372501803608154	0.9495543138703635	0.14783790378985268
94	0.7778534627260506	0.0312685717442855	1.2524683955092046	0.5250483934537661	0.5270344616443877	0.06291806125269232	0.951494723658425	0.14535952964487753	0.9519897188342639	0.14163168790232858
95	0.773966008643526	0.030975123862062907	1.2522592190925765	0.5183301302061445	0.5099030600834732	0.06216732964379723	0.9483949879879007	0.1479152059145341	0.9474730621478535	0.1449099180207057
96	0.7889011440120551	0.030757772848297615	1.2430711417144875	0.5129205215567357	0.537173879239319	0.06106679204683815	0.9523035370217285	0.14580610816584866	0.9485036488393135	0.1459599442716558
97	0.7830119680931167	0.031614748617405625	1.2655774724508875	0.525504487581407	0.5395304842596375	0.0629230168461403	0.9499333288310355	0.14741664705760846	0.9501154043681979	0.14642780522935117
98	0.7823148674529949	0.030868407488087404	1.2375336477484893	0.5281557589346567	0.505442620933374	0.060549623007933956	0.9488990242146861	0.1432872531632651	0.949001898191993	0.14504868130846357
99	0.7903576557815466	0.02938729174814906	1.2535124342429502	0.5605598747806075	0.5647827618719743	0.06107490906174081	0.9520013578678153	0.1501135417221311	0.9453650315106236	0.14715745687060353
100	0.7924148463938349	0.030404031902377136	1.2381062947643986	0.5328441956479051	0.5454535985387305	0.06040765821565878	0.9525793575047522	0.142792397806119	0.9482069841079824	0.14430347807647892
101	0.7984084401935343	0.028967427025420954	1.216790805170439	0.5512506299398462	0.5709037992054494	0.0587165236224202	0.9483016251456517	0.14036766890637697	0.9481649536173984	0.14141521188397024
102	0.8200168031139967	0.02814271131077757	1.1972472954373872	0.5459815296306341	0.5478808125220699	0.05616812710693646	0.9498172251454072	0.14513758682002087	0.950508038479491	0.14213057254119568
103	0.8014248863156703	0.029410955808225833	1.2152583822072551	0.5165889065852823	0.5300245785892517	0.05828527852522032	0.9482502989405441	0.1453369555348867	0.9470502208677738	0.13857376660744117
104	0.8141951304606554	0.0278558547471967	1.1728876937980945	0.5833618131762524	0.6093285992941629	0.05434161024468081	0.9533964474745348	0.1397725095298654	0.9512945926501473	0.1403229334192102
105	0.8180638962879629	0.028010087169182286	1.178632325827203	0.5586803495843811	0.5565991976018281	0.05496216722582371	0.9531602607551576	0.13753000850297684	0.9518832026506453	0.14107751666841145
106	0.799229023707596	0.030742501111446795	1.2384967926987822	0.5014410043560014	0.470266474840161	0.060338727498240124	0.9543665378247029	0.13618214320741437	0.9463230489545377	0.14688426241008945
107	0.7853455606474136	0.031840117943728735	1.2672822481144734	0.5416259843108896	0.5531115122203494	0.06268901899278496	0.9546620763537026	0.14081314108256396	0.9464589181952447	0.1452499543159748
108	0.8111328025975935	0.02860589875892451	1.1788816454882058	0.5486092630264027	0.5321157066045984	0.054334639011127915	0.9511323287939943	0.13983857125194585	0.95329006971794	0.1409227384617743
109	0.8263619040290392	0.026668643621400114	1.1543594230227183	0.5673072947519208	0.5853783255492025	0.05417292448673432	0.9579089859831134	0.13047032102462552	0.9539002024344901	0.12848509499485392
110	0.8253225872309542	0.02736492155938805	1.1621054052148438	0.5511142069413335	0.556863350153953	0.05357213080770194	0.9550736727839823	0.13818141471992187	0.9480533345376752	0.13426975302431918
111	0.8321279152153798	0.025343901474407602	1.092369492546751	0.5911675072418423	0.6217420160255847	0.048747769551981804	0.9577420722341766	0.1263347021364804	0.9570275242164689	0.12575697027878588
112	0.8237530638590264	0.02791079990245999	1.1961621543194723	0.5457423506348631	0.5630034229878412	0.05589791135240266	0.95176654426564	0.1457520278568816	0.9537132993658354	0.13809904876956605
113	0.8285617354028381	0.02668543093316485	1.1583362100985508	0.5681378269982615	0.5642002505718007	0.05373777173997947	0.9482260402701744	0.13365493807718573	0.947598128979425	0.1326137663544192
114	0.8267855755300643	0.026886597940822706	1.1481390658578627	0.5513620396957596	0.5752854358650701	0.052423524748388205	0.9539299306937559	0.1324304119010285	0.9540797474297084	0.13603778589801455
115	0.8298016236762922	0.025793988721076837	1.1318736841283898	0.5510593698848139	0.5523795856134089	0.0516431517266917	0.9599479250274594	0.12813311885265966	0.9512776515924819	0.13140043136677368
116	0.8193317978318219	0.027129150603694353	1.1964369336118843	0.5434358048645619	0.5661430483614504	0.055914222599186415	0.9517830460173793	0.14337117888483558	0.9539963293403062	0.13684260357931824
117	0.8080312640957724	0.02911007578457694	1.1930505569894359	0.5480643582486542	0.519156930151392	0.05648883551508902	0.9518249822902835	0.13541711300674955	0.9493499626643533	0.13395965861943385
118	0.8163460443600998	0.028360227126807136	1.1635970722448645	0.5489591592029962	0.5473431297361996	0.05348110068832381	0.9526159169928831	0.13629043396955987	0.9543935664879961	0.13231519093087038
119	0.8251375148677994	0.027086428601291287	1.1424772591152375	0.53282706931693	0.5258945300785246	0.05285517949217299	0.9589322672613805	0.12634955172763881	0.9574263000651245	0.12691075750942685
120	0.8305282660317861	0.02548555600723871	1.1390183184941398	0.5394409179424816	0.5389110804537258	0.05123122751669171	0.9549221928272297	0.13582304817130345	0.952580778078716	0.13050031464865208
121	0.8321389482252936	0.025032156341749354	1.1330335068518664	0.5381983982055222	0.5417067901407501	0.05003107715415921	0.9539643080040312	0.13944627203806811	0.9533418134349054	0.13166435166304974
122	0.8241040069932744	0.02616297797589209	1.127118549124497	0.5467414684814785	0.5443261473972396	0.05181075819431625	0.9544349261549571	0.12704701251371414	0.9599153803428097	0.12115492779014908
123	0.8253140069880905	0.0260093585418977	1.1666235611782703	0.5596417686829104	0.5603787251189586	0.053226555220431744	0.955553624408571	0.13281087409571063	0.9502558528045096	0.13992513722467684
124	0.8333609880776383	0.025476739248808694	1.088024428217913	0.5565491696325175	0.5425550743113873	0.048579973566038735	0.9555846815439457	0.12197050340781035	0.9559281210086266	0.1193284621119642
125	0.8439281633036005	0.023864042840844493	1.0626684717510748	0.5953957127882397	0.5811676719241785	0.04604419105554122	0.9569585812106394	0.12313300372558228	0.9579801165643421	0.12001654656248459
126	0.834548196894644	0.025172592577268414	1.0978509137485775	0.561906402393135	0.5479115626242109	0.04951604104796432	0.9574303933742987	0.12369978782369603	0.9576341426252069	0.12039758679688786
127	0.8259589114574389	0.02784096347606853	1.1648071570728953	0.5551143239700274	0.5521020289138211	0.05426778386369058	0.9581112392257001	0.1312055437487746	0.9543729778055304	0.1312619605207494
128	0.8532859775370761	0.021760336504661644	1.04805424579414	0.5773048682663839	0.5737614035964701	0.04405702710437242	0.9566979631975789	0.12197428744505434	0.9539699483177151	0.12579465463820974
129	0.8454854773205893	0.02389834734363571	1.0763916906950035	0.5875129700455038	0.5915521200912616	0.04789731386748517	0.9604298847141935	0.11947792141614266	0.959013328714629	0.11906238783736924
130	0.8567377322165843	0.023757924202129063	1.0576392894639022	0.5633759099431552	0.5566854851846228	0.046400369005166205	0.9607735174527705	0.12091324245272116	0.9607765932339342	0.11484425679337068
131	0.8506035370832312	0.021996235554021012	1.032114953627636	0.586643778703172	0.5706500537911773	0.04431490446442115	0.9596367290233144	0.11850783440770543	0.9572206138437327	0.11375248034345618
132	0.8317650311233225	0.02511704397790128	1.0831031349703515	0.5552889274375714	0.556699819362877	0.0485957219563613	0.9573296841727189	0.11866652868471947	0.9570911825607046	0.12154847604517832
133	0.8478192540378048	0.02369654394066745	1.0574486577704387	0.5579692948109399	0.5434757440773744	0.0461170289150841	0.9599568867801945	0.11709952799641518	0.9586126040017381	0.12198212163337914
134	0.796369109227215	0.028210640260067244	1.169991260581363	0.5567216488045874	0.5400580167354684	0.05499738890262227	0.9551845431461711	0.13106461133959607	0.9510687234070835	0.12954735545213944
135	0.844472517346401	0.023891537995983706	1.0691135942872483	0.5779907982661097	0.5901058287133892	0.0461699052874692	0.9582877635908317	0.12467423846981358	0.95776037032776	0.1229377759073702
136	0.845605553811855	0.02183489923000768	1.0466622961608216	0.5843315116092641	0.5899850840574549	0.04507630150309063	0.9615757164900521	0.1176411342951634	0.9543604110672765	0.11959153066528329
137	0.838837826167513	0.02508670780106205	1.068692636396265	0.5743436780094958	0.5771440038329387	0.046870221464681776	0.9584991697479028	0.12198890996008659	0.9557286029225196	0.11917618199159626
138	0.8448089056238297	0.02335013890869981	1.0780320398376633	0.5674200776315894	0.5548563417792022	0.047034541533906425	0.9572791554091927	0.12530708957997955	0.955627133953094	0.12357288713638599
139	0.8550458621113206	0.023207004338211365	1.0504586890891159	0.5728692916572757	0.5658087980785619	0.04503584900334981	0.9586702534302549	0.11955598956739963	0.9579930094242916	0.12156471135508738
140	0.8474580916258584	0.023006865151731226	1.036380490169647	0.5925151416848407	0.5950043934725924	0.04425449779870458	0.9586812337256723	0.11845577656548487	0.9556772850747354	0.11710937368086846
141	0.8584257145618044	0.024265904821002337	1.0602203835221342	0.5943666796071183	0.5769288666011727	0.046058464750978724	0.9610191908301318	0.12039446568283624	0.9516635624157802	0.12089643132319342
142	0.8509433571360013	0.022913266817890632	1.0498477505469912	0.5843042757834673	0.5716964289650786	0.04541815396538116	0.9617109398811423	0.11768927677944283	0.9604414263403167	0.1192446249525519
143	0.8633921265966884	0.021091501189034856	1.050225580868202	0.5964342279369595	0.6116128631010723	0.045526625852291176	0.9572443146498758	0.12203309207754089	0.9543137929761089	0.11488749919073012
144	0.8441453586346516	0.02479216200398717	1.100071990199631	0.5778974523026067	0.5816537621093745	0.049148994014073646	0.9554818420754232	0.1273159050343755	0.9524726839099286	0.12205814223241736
145	0.8602543400711428	0.021649861872386576	1.0146917684109311	0.5617103751554857	0.5859882721603132	0.04315525489629489	0.9603569233269326	0.11211450257414686	0.9599192612404606	0.11214763360008269
146	0.859538656770261	0.022746140973137763	1.0420907969753381	0.5807224350470241	0.5969369595964417	0.04538258776095459	0.9610890359259042	0.11478108459662686	0.9601335500024875	0.11506690523203682
147	0.8570720644784184	0.02269178561668963	1.0302501735786889	0.5755798610717933	0.5743920167912329	0.04370523366228337	0.9574930151322043	0.11848131990834122	0.9561418350438863	0.1162884161025008
148	0.8591746117560806	0.023611124186316248	1.0892922818851116	0.5856869381391154	0.6051133288450399	0.04735264804765547	0.9577378964007454	0.13210097691334244	0.9543906102065974	0.12408519326343573
149	0.8333544572548687	0.02477519788415168	1.0874845919169294	0.5408741466977128	0.5236487675464231	0.04743655819256461	0.9563085533470174	0.128478709974202	0.9591347349515098	0.12228561373413133
150	0.8383625464159427	0.025853090413796746	1.1039778742347273	0.5653016264837061	0.5502267308524326	0.04813302560276353	0.9556716011941797	0.129183909858014	0.9529092040382474	0.1291602242025077
151	0.8609479309371644	0.022471303296567203	1.0640976963396684	0.5506837481011043	0.5325687248170271	0.04630722645531357	0.9567461799166063	0.11925760469785357	0.9594735287885892	0.11725871149814443
152	0.8510815380041055	0.02248116485335256	1.055618293732127	0.5854698161403543	0.6112544886546816	0.044752984526345296	0.9585072661055775	0.1211854806777198	0.9554545489101108	0.12225048713602218
153	0.8638808671111449	0.020987964544241015	1.0126032173823956	0.5750842441383657	0.5821931140302947	0.0418255734295823	0.957113945031052	0.11561131686426349	0.9614536217418798	0.11508634318997957
154	0.866350856301835	0.019991448411631498	1.0126045819987697	0.5847814958214295	0.587658995856479	0.042168621154661176	0.959201274482078	0.11499810565757822	0.9547603560914761	0.11357777663782964
155	0.8639043668869028	0.021392369536818806	1.0063790805025052	0.5859766347404429	0.5914903071622231	0.04233974567298436	0.962750757431637	0.11070078166361848	0.9538060419082616	0.11115201025415933
156	0.862332062008413	0.02211558110050169	1.0169659198076129	0.6158026971034938	0.6117512709813784	0.042333348832195555	0.9573579365394891	0.11950548494912412	0.9624605798233934	0.113810077459334
157	0.8280402930625648	0.025928198960048263	1.1008906892823322	0.5482002469772286	0.5517069316071295	0.04946839828034261	0.9583744137381022	0.11843812156102744	0.9543216071212773	0.1264593274041808
158	0.8530648029343689	0.021704770288188957	1.017910745634435	0.5705055889434938	0.5705094978991136	0.04289819156101069	0.9661056810266514	0.10989592127979897	0.9554257602569619	0.11758742562083922
159	0.8628946829417653	0.022042342530435067	1.018988814043307	0.5794313448568829	0.573424066474724	0.04190097849653468	0.9526417782344151	0.12165244179783999	0.955354924678135	0.11677117349065806
160	0.8517947322922585	0.023589054004819445	1.0636823573485632	0.569000572162944	0.5769414864086557	0.04634109436414614	0.9613128115472277	0.12095698118923762	0.9628008953048541	0.11817483006341203
161	0.8449168243059263	0.02284918206151811	1.0479614211978638	0.594130791239072	0.5816176083151378	0.04433002800521799	0.9556264626761033	0.12276285060101093	0.9536740324114907	0.11998403293673333
162	0.8568067916583233	0.02103538127805188	1.0160770588235903	0.5863573504913545	0.5654516190532675	0.04282965642415703	0.9599465860070253	0.11198446089250629	0.957237188332252	0.1147646632686055
163	0.8514932026631459	0.0215773990460579	1.0051812044254858	0.5831850443318817	0.5877723234451165	0.04162980853298583	0.9601028324567751	0.11265475716514253	0.9565596354187175	0.11550578921745758
164	0.8514279156824638	0.02219682981800273	1.0024950867927802	0.592380788085346	0.5825180090085393	0.041996342421523954	0.967183094383219	0.10917468624333768	0.9623429982290195	0.11255610923116469
165	0.8606273407291396	0.021909514248298245	1.01571047325892	0.57624798326531	0.5755640861408515	0.04356763774089343	0.9608878841993073	0.11313969578959855	0.9624334737864132	0.10628525357389025
166	0.8521187437712981	0.02178997829673469	1.0339352972081661	0.5866421473076868	0.5880507043648492	0.04388615306063253	0.9570425681121137	0.1173579246013968	0.9549808434196069	0.11670117043325613
167	0.8589305280846327	0.022304836994965133	1.0340046786170454	0.587519312177687	0.6024542129910176	0.0440980574115615	0.9601614231578387	0.11719388520706515	0.9628730656142948	0.11519568122968986
168	0.8800848693140859	0.019871953238322485	0.9815173499327821	0.5880103043803613	0.5903656537500938	0.041000868704334587	0.9654298802399274	0.10596655461355144	0.958910131870687	0.10585681911253504
169	0.8522276038858868	0.022916882192727903	0.9802604970190796	0.5687307922610836	0.5641502620119959	0.041198651151152045	0.965767804170376	0.10320809102570849	0.9610598066588912	0.10733266976766838
170	0.8590257556392262	0.021647703178580936	0.9768440740711993	0.6115084617553033	0.6058002951637385	0.04064812015698435	0.9593871563984866	0.10826711493673431	0.9632860850314212	0.10505112544761111
171	0.8573239522925045	0.022737779124046977	1.040412411010421	0.5754733120896154	0.5775897367689958	0.04448897215407089	0.957926496704969	0.11908865301892864	0.9571703226297543	0.11865249933466208
172	0.865027863804741	0.021489157508126647	0.9760955505654124	0.6032906729669792	0.5907940072119595	0.04044036247358738	0.9614398420685433	0.10797997464723082	0.9644542346542643	0.10624477786099003
173	0.8710236322660208	0.02021621589463116	0.9719597750960877	0.6211104184537117	0.607218632430021	0.03977176047750521	0.9627915756065379	0.11082365064781842	0.9609918231400528	0.10649938203864412
174	0.8607268234528422	0.021733132782281894	0.9815628444827996	0.5918335148495297	0.6068624738874098	0.04127091954858606	0.9662361003568686	0.10744906580117763	0.9651348326486486	0.10573433927293309
175	0.865275430702762	0.020807444864514912	0.9926543150346013	0.5568437673834893	0.5509979267419319	0.04231881766095668	0.9630981823730307	0.10639681110824395	0.9533101793465536	0.10781416240638325
176	0.8590514816729871	0.021109084227814722	0.960758995130908	0.5756652778756466	0.5524751425152835	0.03956239642255605	0.9670886458801454	0.1087374560285081	0.9594926076412541	0.10159702589331328
177	0.8683907965192713	0.01962339691349868	0.9785341945042278	0.5918756332204126	0.6028226373614654	0.04037544804672064	0.9603381074894701	0.11204282517128718	0.9626570554021413	0.10767119992916052
178	0.8702281487365618	0.01899750364819402	0.9495968083085803	0.6010549519264701	0.6109173385740789	0.03858593356638695	0.9646792175795238	0.10433104713510603	0.9632072992761505	0.10521011225956534
179	0.8524718890570411	0.022526284583279304	0.9945732644097997	0.5994665020292282	0.5878645686255296	0.042143683117190425	0.9651312324587872	0.11003957638635513	0.961274269184848	0.10787632845645577
180	0.8670931568860464	0.020560970918946205	0.9559160336031062	0.6017923478113812	0.5799581059938038	0.039424642406122416	0.9615940473232274	0.10424130196175678	0.9582756042307136	0.10246970832133694
181	0.8670770560278119	0.019326307538102064	0.9586699305140404	0.6072267704860068	0.6213780684369347	0.039430370139360175	0.9646974663847346	0.10433425896101757	0.9636451431245974	0.10655678860250228
182	0.8644319625530303	0.021628407317111832	0.9757836601075448	0.5813829896004971	0.5879030095895491	0.040753187410164565	0.9625567279135933	0.10543738805066961	0.963637192683342	0.11008568865236908
183	0.8606805697233139	0.02204447461350154	0.9870487570143901	0.5904687990265184	0.5849342585695108	0.042042001287879494	0.9647715550060889	0.10791821896807767	0.962084078975307	0.10644018559922143
184	0.8894166384806691	0.01866396732318731	0.9343590979519631	0.6292083430570753	0.6150158217268773	0.036700640651125965	0.9667421744199743	0.10824364375264556	0.9622845817678547	0.10703280035853545
185	0.8808997786469692	0.018510137230013084	0.9352118176667653	0.6183783501307079	0.6315412626624567	0.0373273390693065	0.9637365334350287	0.10588437978090014	0.9626413061228376	0.10466267876842648
186	0.868757268972336	0.020121982620532247	0.9445335245970116	0.5848894284553973	0.5612258038410528	0.03870266591492988	0.9658909692461027	0.1074207833679807	0.9656412350991833	0.09963912294822105
187	0.8486841568423797	0.02226829431084175	1.0167533099207118	0.5731257718770393	0.5532258590568451	0.044800508619871886	0.9604976615125924	0.11101067236046827	0.9647190101788692	0.10649252069545356
188	0.867485146725375	0.02226296840728892	1.0248380463142994	0.5671817093590501	0.5584603122404732	0.044349331364366786	0.9600861873024193	0.11270231196529408	0.9617115299873474	0.11587126365653816
189	0.8424216349288325	0.023152229067700175	1.0297722242393803	0.5728563364128213	0.5730919891348503	0.043919357544915306	0.959821759568515	0.11922908549157107	0.9535992731285386	0.11526572370655301
190	0.8684995380395959	0.02085924279612794	0.9797542947132536	0.5871894037119365	0.5817664115357276	0.04031263326887425	0.9627883141322593	0.11285361299370082	0.9623884873948158	0.10772518326655042
191	0.8777719044415006	0.019349438826882472	0.9627253578671884	0.5852028948343669	0.588566148234038	0.03881028684122363	0.9636069461358331	0.10798131724403581	0.959509085286576	0.11122473528212552
192	0.8814513340574018	0.019253910520484103	0.941958770691349	0.6088612364685042	0.6044170294115662	0.03739470497318086	0.9576611088324106	0.10848334050790122	0.9640067333787881	0.10492770146059964
193	0.8785677097857005	0.019396235117783468	0.9516631789606621	0.5828323959733306	0.5885225556155678	0.03840500032276387	0.9607047637783909	0.10802333149042635	0.9598284319475751	0.10598806728799037
194	0.8658186943075065	0.02045005656232711	0.9625540689439065	0.585163679465582	0.5723072675062948	0.039333455568233526	0.9638265951364776	0.11307445784352992	0.9607128855024459	0.10367288730398022
195	0.8449048027786678	0.023621311235507578	1.0623371436981752	0.5538187604272649	0.5667447016127989	0.046778435392728156	0.9637851999548812	0.11748551674700812	0.9607167845747263	0.12199252825512955
196	0.8666432990437865	0.020498688673833074	0.9820759203131287	0.6001052946755583	0.6044989109688236	0.03986097403373376	0.9555353223865624	0.11533194378470531	0.962959852950962	0.11108720530888438
197	0.8674481934657127	0.021571535825681526	1.0152633468981656	0.5846056325812761	0.6041452727314439	0.04318127373857129	0.9588053805548556	0.11290924390889497	0.9605412347337492	0.11277820025356265
198	0.8469538603486055	0.02217497598785894	1.0300213478095106	0.5890320219391562	0.5883895754287986	0.04343857692585827	0.9593724320109127	0.12008472330896008	0.9605415214642541	0.1167215979084202
199	0.8704199781949095	0.0197099863797216	0.9547933092579297	0.5964123579248266	0.6032270364940395	0.038697257300847256	0.9663399107709377	0.10333903875407194	0.9621971829101297	0.10618106984762173
200	0.8753433748484489	0.018775873750573165	0.9505276341989759	0.5668367739731872	0.5949989510573215	0.03790393529798452	0.962308062471474	0.10836081528758032	0.9646570072246186	0.10595242201980518
201	0.8730033592561873	0.019543072012681212	0.9400716855197884	0.5966280941866637	0.5977918923048626	0.03812013626285046	0.9668481550494699	0.10293251787909	0.9642570545291606	0.09995618454035146
202	0.8708397018536983	0.019462666894270304	0.9578054994463698	0.5816380700482674	0.5785758333247065	0.039402650340762915	0.964160653372374	0.10588487625788398	0.9668350881156124	0.10299076159163172
203	0.8985749131993076	0.017604710797164247	0.9289941351988673	0.6102368151764378	0.6196195960731142	0.03701917087289388	0.9683122253138056	0.10584279184376175	0.9667918038273581	0.09954858570745612
204	0.8705813049801758	0.019756666154161665	0.9422857377371764	0.5758045207380516	0.5699856387071421	0.038171148895156375	0.9684946019006005	0.10244025822232102	0.9605616886164853	0.10564336222629932
205	0.8874806729802084	0.018745416344637	0.9335450500226066	0.5978793953088654	0.6009560913954668	0.03779988997574476	0.9664750187630565	0.1012268053198673	0.9603395095916935	0.10252502026462257
206	0.8796032678513881	0.018507303270759962	0.9261885404047383	0.5921244719270525	0.6324854478781234	0.037636199997802953	0.9656987410861769	0.09987232857501535	0.9649942463581879	0.09929164442277617
207	0.873353272059226	0.019166079381917594	0.9252887422619013	0.5863719048431539	0.596458191728837	0.03771626656973674	0.9696347135131743	0.1015583861808622	0.966976945585275	0.09719774267113936
208	0.8903877640901562	0.01784974925430967	0.8827591614422406	0.6248714592730313	0.6109157036211718	0.034155048863401566	0.9682642995153637	0.09509197245546563	0.9632144225767999	0.09805542148108301
209	0.883698836578695	0.020035476159053517	0.9233462268490089	0.6006241270901036	0.6032432337329099	0.03782838499912234	0.9657422778490572	0.09794978602792564	0.9607068953278199	0.10023972438635949
210	0.8739850095819712	0.02016046742251996	0.9487728989121125	0.5885051853164939	0.583306613690886	0.04000553164045116	0.9664571165041059	0.10194817443455363	0.964976721109079	0.10027404367380362
211	0.886807250325921	0.018178895900424076	0.9147714286177978	0.6001092623668137	0.6070066711604627	0.03688376656112985	0.9666876870345052	0.10299310084092259	0.9652535695949772	0.09679290183763063
212	0.8896236534560815	0.016977718890968604	0.8811980537794548	0.601801989696944	0.6009151406323108	0.03443621595617952	0.9680345396021983	0.09799336707965631	0.9665456344042641	0.09380395888998641
213	0.8813560497796692	0.017849099202942854	0.9416365802272191	0.5808073398085649	0.584749356791839	0.03969941630667992	0.9686880326689654	0.09861723698144156	0.9644056892502516	0.1007552961284671
214	0.8668267996694804	0.019874158565264612	0.9076868419019599	0.5941959240749656	0.5904966312395992	0.037372101243810435	0.9633761256381138	0.09649666680168338	0.9671628865072885	0.09250410430486337
215	0.8744579997453866	0.0191387814412125	0.9913559008507707	0.6021855699286844	0.6039398465956807	0.03913809969378717	0.9572353109680621	0.13154958798938018	0.9597557073169175	0.12053908821267748
216	0.8872274028516733	0.018575151185813717	0.9288429279482234	0.5887761153821915	0.6009848490025107	0.037344482718796604	0.9664312064549319	0.10249217482923763	0.9615352514602947	0.10419568081136267
217	0.868161812667689	0.01905322040544983	0.9278727768423839	0.6055209410523037	0.6032061180619919	0.03734743388159965	0.9655551111139181	0.10267852487412894	0.9602812136414774	0.10393881074745095
218	0.8935326806905752	0.018615985930755256	0.9185741308413194	0.6230134049268886	0.6083141819278677	0.037060671169281065	0.9655739246902866	0.09986014428181886	0.9628614866318936	0.10058203616618538
219	0.8810340658868586	0.019095688108389512	0.9083105948874377	0.6156731713493567	0.615523610039605	0.03692445063198544	0.9662817642955032	0.09554203718777728	0.9639791488712799	0.09732700404923014
220	0.8800278410734288	0.017965905042166882	0.8896747575594385	0.6042832608983194	0.5935732564542612	0.034359633172214	0.9647181300792107	0.10006662922628008	0.965898683905479	0.10062760559731432
221	0.8928462265302667	0.01674446842720197	0.8880033454093522	0.5886553599146495	0.6218000807251303	0.03432484409611475	0.9680144152048674	0.09911773237554689	0.9666231930384769	0.10080350604773933
222	0.8724388883491027	0.019252711686685964	0.9285057534602275	0.5781766221913863	0.5840418740199267	0.0377034846500419	0.9636535852240581	0.10491278465110426	0.9674278693489066	0.10174466612247321
223	0.8827524104332091	0.018858337486762675	0.9336369287421927	0.5914583873076529	0.6020125425338172	0.038664229281245674	0.9560953142497589	0.104246647710698	0.9641206460968088	0.09788993759973667
224	0.8728093512595386	0.019551155122992527	0.9384152456772972	0.6033325394071993	0.6046556213678971	0.03934083247345584	0.9678482118675015	0.0985170477931332	0.9645195767983653	0.1020249641379691
225	0.8657638901459676	0.01998475106782063	0.9191649057524364	0.5701769920345434	0.5627116050080492	0.039103817012501124	0.9695320548619268	0.09658589475511282	0.9730323091638836	0.08788520904862249
226	0.8958148179236519	0.017795281061110137	0.9015574344444504	0.5803610488183519	0.5800628239234835	0.03676077858119755	0.9685996523998235	0.09539688446890937	0.9680200544156133	0.09599778872446348
227	0.8882622947192595	0.017546027488158734	0.881330949632862	0.5947195900038272	0.6002840612554197	0.034412177862132964	0.9659535273789406	0.09816127597972342	0.9686791605249847	0.0969177845192219
228	0.8896078896585107	0.017910364053207395	0.8869809622075414	0.5953720848213364	0.6116696051918264	0.03563822266410978	0.9687763155477741	0.09353316149612136	0.9667511852243286	0.09485841431576408
229	0.8716930337815534	0.02066668538588139	0.9895907761348128	0.577977166206835	0.5876799861129844	0.04259230785908726	0.9634452418841715	0.1113986123064699	0.9592865814471929	0.10850203558772858
230	0.8806345778720372	0.01892934283689071	0.9148144370179434	0.6116717212065591	0.604220995329982	0.03761619208655738	0.964720370572563	0.09688293733722056	0.9660146051162719	0.09765034779462053
231	0.8712621233249549	0.019503070764818213	0.9174914198303147	0.624534771052375	0.6032280421365462	0.03637369211251499	0.9655186244562377	0.10460888003121832	0.9583083186535005	0.10477452285216944
232	0.8891770149207763	0.019330034147422997	0.9164296942551085	0.5955616236712227	0.5965407474140598	0.03636292908871177	0.9657956558739401	0.10229743202557771	0.9628945446194856	0.1054653826310719
233	0.8412613978701654	0.023349565313521666	1.0388310057370624	0.5717487106043593	0.5726785491152403	0.04553692345526035	0.960848055750681	0.12081081940553783	0.961569358956634	0.11395048661048914
234	0.8721119148558891	0.01975247598423491	0.9544843828738417	0.5758152760930597	0.594209496588539	0.0397920404121603	0.9632949296208773	0.10411346348739778	0.9623429781273092	0.10309847386388789
235	0.8834903094625788	0.016843260888834248	0.8902079285396869	0.6108245917558507	0.6104790675269225	0.034799105928884064	0.9653962006134162	0.09581098102314742	0.9662464601165732	0.0983200084585632
236	0.8830818562326698	0.018025296544028995	0.8993443622927352	0.6271085706641876	0.6125153264405735	0.03517219316366032	0.9689909757121971	0.10160601103273294	0.9660218144384247	0.09918411061790416
237	0.8857521742084997	0.017677621688311516	0.896942302001611	0.5956853374603945	0.5908729548312196	0.03508054198610944	0.9667248375470214	0.10390644830482768	0.9624614612447973	0.09608995718874051
238	0.8963470705587114	0.01620646183398082	0.8523876072245454	0.5987704863796625	0.5899960206462554	0.032089481804255145	0.9675115198610191	0.0916288123174308	0.9652956439527584	0.09459426153638609
239	0.8708846141061167	0.019211928900316387	0.9162348532632275	0.5984926877010932	0.5892569049003586	0.037070776631627785	0.9663423734742502	0.1012274142516351	0.9636515636821246	0.09915657450353525
240	0.8813599180018163	0.019305354983295223	0.9174195444660045	0.6101589515536482	0.6214211569587051	0.03681392661011501	0.9652064095027137	0.10541959196559159	0.9646850790585774	0.09835404899672352
241	0.8903006370312677	0.0175594606786066	0.8850328343756059	0.6066439361098062	0.6149968167534219	0.034989884097921364	0.9695743484422978	0.0949025824423091	0.967145876677374	0.09550291658467139
242	0.8832665555133086	0.018475805786789052	0.9057372932203088	0.5729786838924492	0.5557831588149825	0.036405190309851225	0.9682830616449022	0.09862150823400476	0.964841751186822	0.09842526931727158
243	0.8920381629998448	0.016818469882148745	0.871485820810053	0.6038581914922361	0.5969945171834987	0.033495156889910754	0.9682589309753655	0.09598885169156077	0.9675200080880071	0.09594809302466725
244	0.8862897267596094	0.01743230669560158	0.8766688450730669	0.6188249993525611	0.6159019679634156	0.034728915639328756	0.9654685649434305	0.09467022189419813	0.9691844845638333	0.09071054368604363
245	0.8883854011170772	0.018383529964732942	0.8850534471118263	0.6039113139402816	0.603229474191326	0.035176898422210987	0.9685231054428032	0.09498338472709905	0.9643469008581126	0.09554011264153069
246	0.8881288710182083	0.01711661752452132	0.8831574007142945	0.5839382306265437	0.5823106567558172	0.03544389497963942	0.9672102257479672	0.09473727883546473	0.9663700368987499	0.09168483226121044
247	0.8973928535705435	0.016387792017039667	0.8470379109708813	0.6005812442533365	0.6101226307017374	0.032413395403544494	0.9700824121773983	0.09092794421248164	0.9677260382484172	0.09101495830878112
248	0.8955673105668633	0.01687166872686546	0.8556573673436259	0.6084631123973362	0.5950613786745799	0.03287584431995463	0.9681959470191801	0.0944047223812275	0.964186095951647	0.09312019766017593
249	0.8946528829448713	0.015974783185348392	0.8642927614780128	0.6147002512876552	0.6126811305082858	0.03446524386637018	0.9668215531261003	0.09176602173821705	0.9682227250254475	0.08997261711506092
250	0.8811296205993074	0.01816766389704758	0.8967698549840373	0.5761108098254784	0.5800008056510033	0.03667469532644222	0.9681773751104049	0.09371352215967567	0.9632139167679664	0.09798316876380438
251	0.8996405999478587	0.016675197968662524	0.8643917108917921	0.6254035985928903	0.6373823356292052	0.033619734592981676	0.9674537351139828	0.09717595185325965	0.9662027571989601	0.09311512818806407
252	0.890168436862774	0.017549733453203913	0.8598600199383118	0.5863984898288608	0.5858195318333796	0.034339373256656196	0.9682600459952637	0.08897945670510643	0.9697286058566151	0.09053618775267677
253	0.8952880904095494	0.01656726129563257	0.8607559034901793	0.5999216670270657	0.6020631679617529	0.03381658223449454	0.9666464732211331	0.0949583482086492	0.9624375801777357	0.09127421829366592
254	0.9002050005496867	0.015581104043491396	0.8493751515836389	0.6185059855846973	0.6279895561374336	0.0321953209107883	0.9697671309612607	0.09622348608071812	0.9648577200467263	0.0946357348938278
255	0.8857419814174512	0.017838692102129607	0.8787901459188895	0.6367553537418897	0.6249058069220543	0.035243556546089475	0.9670133771995579	0.09501020936307784	0.9642147795932677	0.09510344204621522
256	0.8817549506135366	0.01924648931106696	0.9238352490321797	0.575770754103632	0.582945646839781	0.03773234862614089	0.9667234533737139	0.10431430384215282	0.9621225314489507	0.10387129919632718
257	0.8831060426816779	0.018420688606801624	0.9122080895172208	0.6063892354946916	0.6014767788294254	0.03660855461323487	0.9677765464408341	0.10193917675785143	0.9592508672262041	0.10417749370020185
258	0.8716631696828815	0.020513083053939195	0.9356945622766909	0.5946605493864348	0.6004113196712552	0.039967582937372646	0.967324334407581	0.09739804474078169	0.9681494999777751	0.09825815913054992
259	0.8867866235007192	0.018222372245419317	0.91837619600824	0.5974664686983113	0.5875488859743995	0.03725587283026864	0.9668241517234987	0.10398709255034917	0.9604438605487745	0.09994110191825431
260	0.8827690561263006	0.019168616089442363	0.8919096530150123	0.6000400625442484	0.6081407629535318	0.036980037509280535	0.9645837924542584	0.09219160319487164	0.9697014923706951	0.08820692259329477
261	0.8617557680103036	0.019831474577561358	0.94618783758332	0.5865537184482559	0.5755898573918825	0.038668917424358094	0.9632420705910962	0.11087572932072799	0.9618199157001996	0.10578593523369242
262	0.8940671122438076	0.01717323838130888	0.8793736068625573	0.5899198969351447	0.599310415712357	0.03441568060314775	0.9683745294482221	0.09836819024232511	0.964901811487405	0.09428065685401152
263	0.8902364880963775	0.017626763519709286	0.879592377136196	0.6201226432643064	0.6506073307836558	0.03555260237644974	0.9673937180778033	0.09299033360805145	0.9683298592530262	0.09036559802781229
264	0.8984589290953633	0.015445352496722693	0.8377467483591456	0.622923713647936	0.6128037540540565	0.03115303181374576	0.9695125166068544	0.09326613742916673	0.9652586698194319	0.09351980730163423
265	0.8977921805873009	0.014954993713034591	0.8279884010513697	0.6205404605834207	0.6157831533366545	0.03043851585308125	0.9681093597204127	0.09185490759953734	0.9666141369449379	0.09366453711676223
266	0.8982644070189353	0.016213300416690026	0.8583992455974677	0.5785268902626429	0.5831491676117367	0.03343120286087978	0.9705290802099016	0.09253451427742779	0.9676412869153187	0.09447417946446598
267	0.8840372887410954	0.017862989764385686	0.8913663657764377	0.5925839022222353	0.6135094077022194	0.03572450107035899	0.9617958515579114	0.10146302244873132	0.9675078722618617	0.09445152435593539
268	0.9188176413361326	0.015044986512122781	0.849873526587523	0.6010129423062722	0.6271788873324808	0.03238310419468743	0.9686121511193967	0.095378434811544	0.9620329655916239	0.09271448790394454
269	0.9068187034268509	0.015678136440371762	0.835289797822243	0.6127949503801651	0.6048749015342545	0.031849375622788736	0.9679999904408754	0.09258709617786055	0.9697515962407993	0.08770290468486028
270	0.9001150725363097	0.01580509360234402	0.8370924792075239	0.6152780757149953	0.6239135437532788	0.03187699358236557	0.9700688282739722	0.09120779161509805	0.9646127702751548	0.09158934630842278
271	0.8874266379417478	0.018679145574475503	0.8903739626876591	0.615760002917256	0.598040466061461	0.03638980453147282	0.9670748014674461	0.09728829689881159	0.9686833993269037	0.09355829392716244
272	0.8806002967762679	0.018015944960720228	0.8714683916789596	0.6174286980401197	0.6035679231186132	0.03478480940488843	0.9669286360633371	0.0961364364612918	0.9680302070064873	0.09176706030839915
273	0.8783558904974876	0.019353066851730247	0.9139105705844299	0.5933002259307854	0.6059311979503097	0.03845574127250897	0.964780009365652	0.10053049751163512	0.9693012615565497	0.09232470704381901
274	0.8806141063384344	0.01912673186833802	0.8885158674574799	0.5971345841770204	0.5794932854035066	0.03655869729116872	0.9689211005595912	0.09275540325414842	0.9647049936663961	0.0932855232211466
275	0.8866625969303245	0.01745967643298526	0.8545989388952492	0.6034454238606652	0.5930593612327965	0.03324032638773287	0.963109659467092	0.09161247897745448	0.968596815351762	0.09428254239923513
276	0.8881980774103438	0.01696696063080475	0.8540046229097861	0.6037782813907949	0.6038737566916442	0.03333700894377382	0.9682612518694704	0.09488892795442186	0.9707438002421003	0.08948746619466964
277	0.8781985892555065	0.018258800079274128	0.8844416171494779	0.6107446185263714	0.5997185955485345	0.03594661708589022	0.9694353822920977	0.09454971371282518	0.9663771274619671	0.09446665941865752
278	0.8793073515772252	0.017706733289746618	0.8925452408461867	0.6019609314969258	0.6006257737730761	0.03537988221252499	0.9664382196389376	0.10227470111626401	0.9634538917762027	0.09969813925543061
279	0.8736381558504919	0.019366289026842377	0.8772006106957305	0.608803062591746	0.5856721070582788	0.03616566926544338	0.9671925882747735	0.0888711529827781	0.9706914643687405	0.09003839441464799
280	0.8933800574839189	0.017526074837782193	0.8593887585035055	0.6184413402920852	0.6083582925517393	0.034192273243547816	0.9664711404660484	0.08975139296087363	0.9683257269064769	0.09139491630173249
281	0.8818510422542349	0.017929134578281696	0.8683973199387703	0.5917479676069145	0.6028999884437789	0.03486067526147071	0.9692680022679555	0.09228142667417993	0.9667214420577661	0.09075963923036814
282	0.8732466780711547	0.019815193958821444	0.905225700097164	0.6249881588551239	0.6406349057691683	0.03750727584165126	0.9642404281962696	0.09785161811450885	0.9636329952853345	0.09387255164836517
283	0.8852507096618256	0.0187350557405278	0.9033229370478274	0.6027308569950814	0.5901014963535713	0.0374321376098955	0.9658569877044042	0.0931472343323013	0.9664102749986621	0.09716083667627001
284	0.8912640335372779	0.01788175660367715	0.8750220563838798	0.6318047702609251	0.6367037487731578	0.03445506284158654	0.9671026332731527	0.09682025952279044	0.966381888865395	0.09485899028114207
285	0.889468099015005	0.0172165129871036	0.8853118293679455	0.5777719207087273	0.5780867481199953	0.03530685016887879	0.9666156635643706	0.09653968553041203	0.9635666477151376	0.09658675966350551
286	0.8876974768383672	0.018347522732944273	0.9041378299051502	0.5927326838652248	0.5938441970755775	0.03811691527864441	0.970674302461412	0.09312774131006626	0.9656127823183502	0.09098129068288852
287	0.8836710112867477	0.017074329438973797	0.8575340300155886	0.6018891850589141	0.5953482623997249	0.033052415545238543	0.9685744357117874	0.09580539440994476	0.9627138849407569	0.0929623815918424
288	0.8983431420359982	0.016138381300849054	0.8321645014664262	0.6088161013665144	0.597843894713541	0.03128710232978989	0.9693513726144781	0.09383627510956065	0.9629521384165401	0.0885535751726991
289	0.8777237067627341	0.018176094538049803	0.8550273149309242	0.590015009644238	0.5793693461489586	0.03354505987702563	0.9654557951757691	0.08902736338555003	0.9632561570791004	0.09454847550793534
290	0.8874636812037974	0.01800963194317727	0.8921489236533785	0.6217188976003509	0.6027283733450909	0.035777180922277906	0.964974012249908	0.09878254550146492	0.9631018353370483	0.09881381757878657
291	0.872421973567182	0.018712628068648315	0.9061278769444493	0.6063615306046296	0.597100432728483	0.037148991061509894	0.9625552366844209	0.0983361594839032	0.9650315884114921	0.09876053003925957
292	0.8918792639164017	0.017752153809721012	0.8744811008498172	0.6041262164825464	0.6059999503396465	0.03491166947009912	0.9689022772315663	0.09314187993894145	0.9628173262924554	0.09463328571476008
293	0.879866389258957	0.0181528586868989	0.9143716822699851	0.6223990617596309	0.6186060422856595	0.03678158119530089	0.9621826560012263	0.10484738069610501	0.9636855696760419	0.10222247378077157
294	0.8770908258575056	0.018493130760595087	0.8769545927306646	0.6084469175840121	0.5891378315653694	0.0347826203422079	0.9645340514215319	0.09620097639286553	0.9613031149959768	0.0930512904489226
295	0.886797963809142	0.017837379382323847	0.8657002184725455	0.6359942551880665	0.6389461648885487	0.03451210649863544	0.9678892213953044	0.08986472043647295	0.9638460097141787	0.0917522436727234
296	0.8610538975006303	0.020074761365894808	0.9194820678897255	0.5947886358690019	0.5862001526280832	0.03749943091547712	0.9643415276299387	0.10313776093799128	0.962147153640371	0.1008205657786699
297	0.8709405111366937	0.01937161143762569	0.9181748420388768	0.6064436337137393	0.5899559654526164	0.03737213764372407	0.9570641164919287	0.10072415189394647	0.9607618341775767	0.10178418668908644
298	0.8904711203871115	0.016829419918102998	0.8798728809415073	0.6197756686372458	0.6249717426628392	0.03498125614066422	0.9700864816425527	0.09431208870880602	0.9668827125966476	0.09376503184382225
299	0.8961432397358061	0.017083210231811165	0.8574078645609717	0.6155431530866615	0.6013834750592947	0.033856919224951335	0.9687137814255441	0.08931428621804934	0.9671559212373482	0.0887126276497118
300	0.8995840298582024	0.01569187405468618	0.8125500760165371	0.623581476945545	0.630108790970306	0.030390788842288102	0.971278205244247	0.0872093674141516	0.9694353823872738	0.08199235472737917
301	0.8990080265774179	0.01583272035135512	0.8719665919779335	0.5986700761217273	0.5926631570172	0.03344379851271319	0.9681849538165713	0.09935163514872546	0.9616387617687374	0.09842905306101385
302	0.8833983320976264	0.01844630139590595	0.913919246479143	0.5875180967199604	0.5727245224865588	0.0364438732209699	0.9607784112629593	0.10725035411616828	0.964926907743889	0.10055361167667297
303	0.8838097862809992	0.017508107125936367	0.8643035379089444	0.6201306104351778	0.6011366369501094	0.03381797322598855	0.9669137183328455	0.09334610495146187	0.9636129957872474	0.09156147058084428
304	0.891389411161646	0.01791447127388633	0.8999124468245467	0.5789635905934664	0.5783729309945561	0.03567687100325536	0.9674323384143756	0.10114494604369666	0.9629849801857804	0.10054468245726175
305	0.8910043627519341	0.0172470757111028	0.871429060387237	0.601868968394454	0.6216580015452593	0.03414728998540959	0.9682508276015486	0.09543827953328231	0.9690047184521186	0.09287225319202003
306	0.8903353337763557	0.017996377794288688	0.8787186710733602	0.6053264699026905	0.6176416378659054	0.034469978022197	0.9658548393734737	0.09526796908273258	0.9675326125220073	0.0974528004641161
307	0.8919545713627189	0.01608025651292626	0.8231724226747639	0.6200696880779267	0.6315482788047009	0.029769166209852725	0.9685035255735925	0.09276800769851472	0.9680160130004883	0.09203687593061254
308	0.8985910746420117	0.016847599650509328	0.8564649981912349	0.5864454720101641	0.58856562362939	0.033158902901737675	0.9694649498516966	0.09229546289624276	0.9659979070434779	0.09246407067693228
309	0.877879298109949	0.01831382328950787	0.8766415037863237	0.6263939347627783	0.6468371711482184	0.03474904916453477	0.9712128056313271	0.09241531669026617	0.966444705843895	0.09648392339863453
310	0.9063627417713953	0.015303221932205324	0.843385614484493	0.603216577715399	0.5814364495966249	0.032080074317856436	0.9692358465556041	0.0922050378727832	0.9650595848914376	0.09049774664420697
311	0.9058872997562766	0.016969468115821743	0.8582367255454816	0.6033639935941219	0.6021357325231881	0.033475540587785145	0.9692334323862967	0.09137236167341352	0.9674271343913647	0.09225025965906788
312	0.8850241000307508	0.019649466548272675	0.914779558726248	0.6037685514357677	0.6185108214766736	0.03726744386378655	0.9632227731145614	0.10186919905116401	0.9634099837321827	0.0987639761534077
313	0.8641771210739436	0.020627893587084285	0.9409712794726918	0.6027536778416354	0.576287364811558	0.039187425114154927	0.9664523033296859	0.10435179036159226	0.9668694579600023	0.10051223636417193
314	0.8766771028578138	0.020552026492570537	0.9642107427707212	0.5971979545108568	0.5835448002793872	0.03888906824427548	0.9623003953796014	0.1159769676507733	0.96103311841745	0.11209610881646294
315	0.9040561354252017	0.015431073055490315	0.8662103468397052	0.6066496427477642	0.6161292741359861	0.03264852596949097	0.968780015964865	0.09745651665090373	0.9678118550914132	0.09516724887546196
316	0.8985018541917023	0.0157228733069222	0.8644973919894234	0.6063713891108036	0.6059650885573732	0.03373846595800495	0.9705808880520124	0.09116452026171255	0.9682816105315508	0.09053432058700625
317	0.9199029912757491	0.013848648746794158	0.8205345348297106	0.6345710575639165	0.6481244196838207	0.029386084555532502	0.9690824994869451	0.09451293838224038	0.9707850608523321	0.08844468713605899
318	0.8878630299313861	0.016798238891073014	0.8463512519302602	0.6233848039667105	0.6007130436126208	0.032552064430277965	0.9708293067374208	0.08694771182268961	0.9672717053572579	0.0919008576027337
319	0.9106590066916288	0.01419679025362355	0.8059865676455591	0.6236561398207705	0.6350280308563482	0.029239962562880983	0.9695910326985614	0.08861856984848636	0.9696966620629465	0.08426828225561445
320	0.9047716983490928	0.015046854887744186	0.8164038616813876	0.6006888363241291	0.5865875852699708	0.03043971484177963	0.9688996096640178	0.08842848412670733	0.97034421629873	0.08392882712942934
321	0.888439316590223	0.015538455592641904	0.8110213685073782	0.5958843149138167	0.5904334360539973	0.030444046745579	0.967280052499789	0.08536324172811462	0.9717498798741716	0.08279649262748597
322	0.9097741729140042	0.015681006590598272	0.8156608270383561	0.6267428657385232	0.6151261425066203	0.031072521456813506	0.9662090934489282	0.08309892693022353	0.9705048476145042	0.08501507432738184
323	0.8906638295954927	0.01732637223314508	0.868567545354636	0.6009250524418644	0.6255723796123055	0.03414128133062831	0.9660971768492345	0.09161811011665151	0.9669681087445852	0.09813006573210681
324	0.8907783065052104	0.01693060075663281	0.8413844031398525	0.6142298771281829	0.6143404789730879	0.03190461312540149	0.9706960010569561	0.09388271530920088	0.9687048179575758	0.09034553670842724
325	0.89923732644534	0.01609955535006643	0.824704435044919	0.6321859627808271	0.6167336289069154	0.03124924240143519	0.9674415047014214	0.08656621765814343	0.9701729463999829	0.08793767694446328
326	0.885830139909842	0.016965133343191878	0.8687338401955875	0.6134403109544754	0.585249630402834	0.03430203087593183	0.9701502303718451	0.09288810835821548	0.9674518004251297	0.0947543239517949
327	0.8962289425641954	0.015454892800128822	0.8312199687129613	0.6284961997404782	0.678597836125459	0.03189999605178246	0.9701933435742214	0.08712672820775344	0.9683227505372894	0.08682835198213025
328	0.8753481739881399	0.020046177585362607	0.911310915025841	0.6192332721141419	0.606273033350309	0.037356552812931446	0.9676360616419752	0.09692141762221941	0.9643445690451277	0.10063298328489359
329	0.9008528797753317	0.017003091807619216	0.8649600686181692	0.606564704009282	0.6062007653729931	0.03391318639496424	0.9678585907859125	0.09206629406620141	0.9632235260022579	0.09316620507914873
330	0.891568005366987	0.0173209579946562	0.8584657407422506	0.627952204467363	0.6274780162771316	0.0342980708309918	0.9666927079493729	0.08819366156180346	0.9697398985019199	0.08772070633804256
331	0.8813743583248111	0.018688379816035695	0.8891373480257914	0.6152726776472331	0.6172063772619087	0.03600366232831934	0.9657338715995313	0.09338649117559124	0.9678265791212909	0.0957654145220778
332	0.8885732075481132	0.017115649944399368	0.850357970643748	0.6130022420009026	0.5908449597300461	0.03256032864471696	0.9703504219236325	0.0911783108580436	0.9670776317084431	0.09404675980560365
333	0.8930900686047125	0.017159040714496344	0.852973863113615	0.6042264842626444	0.6013206180993643	0.03404987200344512	0.9687363119627	0.08963650497980961	0.970611749599252	0.0842228331066428
334	0.9033554401271282	0.016139018768453955	0.8439875832652994	0.5853424085178399	0.5880572108728149	0.03283851182024796	0.971505792325943	0.08857173459752621	0.9713485031849217	0.08871108234634671
335	0.9090992509429912	0.015708123994936648	0.8252561943214372	0.6231646995091803	0.6186274177060062	0.031898335421332455	0.9720046764062247	0.08533486333522734	0.9668034707960262	0.0833040480386681
336	0.888058986092568	0.017142607108330404	0.8478815246919764	0.5990231205256409	0.5880664920976625	0.03290236583795118	0.9703357292662815	0.08865341873844951	0.964352103096901	0.09291892937199372
337	0.8873391131991059	0.01676966575769341	0.8321188168780169	0.6107091681915894	0.5974377460477417	0.03248526767716268	0.9709708688807696	0.0820241788615881	0.9674900401675925	0.08815144077895296
338	0.8838329882599866	0.017909895001343205	0.8652042179371658	0.6066863209360285	0.5784488488124864	0.034034157594745706	0.9694385584745979	0.09145325021746392	0.9662621928533353	0.09595950495720401
339	0.8920571700483781	0.01668073693908838	0.860588211081337	0.6097279677375317	0.5916914461599889	0.03320229992826735	0.9662061029738395	0.09506449072369162	0.9658300554138475	0.0944653073375827
340	0.8817319555758918	0.01997166150125596	0.8932393688786877	0.6087563708648146	0.5961190020912528	0.03575401119258188	0.9670618899968044	0.09752181814505059	0.9650617619727548	0.09794342289397397
341	0.9041623905019001	0.015972702325085495	0.8372476878066567	0.6053416154844585	0.6132236850386188	0.03106659983582487	0.9670181182623057	0.0951597339396571	0.9677859315734141	0.09096409597835438
342	0.8880745667011739	0.017430282399055367	0.8347409512646375	0.6282739196889776	0.6159777049258996	0.032231119997047794	0.9687351181072714	0.08980278346646901	0.9709279861398215	0.08294220708433557
343	0.8780740070176153	0.018214097404123712	0.9372603596526002	0.5750464416513259	0.5814000061411114	0.03908240536264014	0.9648527821651648	0.10526873535281536	0.961815566823292	0.09989136451741769
344	0.8969190924298975	0.017154606021266446	0.8395982869990747	0.6244225147934938	0.6176657578685352	0.03218775752513891	0.969124693992704	0.0866931124397231	0.9648209015188159	0.09000664413726914
345	0.9117506066745791	0.014652999486520863	0.8046430205058188	0.6090155835321795	0.6140071889045624	0.029417586051416478	0.9679983724074407	0.08564474883332893	0.9671147890090316	0.08541880653948504
346	0.8980583589071763	0.01634594182967733	0.8165619126938746	0.6077915998421692	0.6000295316159876	0.030751805792054242	0.9723974578019942	0.08606040546666094	0.9710212928676129	0.08507419423821651
347	0.9017517931457547	0.016363924885508776	0.8397188528852638	0.6259637861686831	0.6486260967769489	0.03360883663424571	0.9699693682135383	0.084390722892411	0.9691977891627086	0.0824282075728877
348	0.8857250517588597	0.017205615633590972	0.8456691715480611	0.6185177681444971	0.6140874397587824	0.033034023473950014	0.9706607775352669	0.08873111025264424	0.9680738883750564	0.08987890327652227
349	0.8987043122353957	0.017277027852758906	0.8502487753549408	0.6208689918516799	0.6071021773857721	0.03377892408720278	0.972723432050979	0.08882907832510886	0.9706304934611731	0.08694004268396129
350	0.9094151761151872	0.016693800552720874	0.8188927913476788	0.6428585054859555	0.6489325289849326	0.03144287474719683	0.9737057807615784	0.08584063958018692	0.9712845778501826	0.08295362291667717
351	0.9047462994368145	0.015816561944285962	0.8266236991570737	0.6117319629060429	0.6344362529356833	0.03283830558088412	0.972721431385174	0.08284222539033397	0.9723116855956387	0.08130466021718356
352	0.9120749743539467	0.0144790063947992	0.7782425799679495	0.6223989642197787	0.6378888603292378	0.028350773528723963	0.9746187167437047	0.08074512885323715	0.9712600359924904	0.08179506070075007
353	0.8928724307273146	0.016826384554083897	0.8410166674213013	0.6330400021267377	0.6037437445808354	0.03273370985419157	0.9671374133989278	0.09398896503863355	0.9701225893418398	0.08715409384472735
354	0.889510685774008	0.01647874882231182	0.8249825182543621	0.614290468813572	0.6187555729726785	0.03151083644715009	0.9657999974405151	0.0871670183259374	0.9636132447236359	0.08958202078621184
355	0.8904659187499391	0.014891449632797373	0.8178268463204825	0.6149870101958826	0.6252410378636674	0.031073781534149896	0.9709929662635433	0.08939036895715083	0.9666163918226387	0.08430454326807929
356	0.8768544356440892	0.01804262567749051	0.8664602785548982	0.6096672460299601	0.5980471400152977	0.0344501036640216	0.9665603412631073	0.09448641815066877	0.9708426313523019	0.09315255000326651
357	0.89791237316124	0.01593842678727537	0.8232055545916163	0.6021738581354266	0.6021221638755743	0.03141703835403706	0.9681416602153278	0.09080931190862392	0.9700877346507548	0.08429907593109648
358	0.8848392398561753	0.017280280802282163	0.8626889955546903	0.6160740025390721	0.6188608165748616	0.03378172896704261	0.9686719390775255	0.10035013612126746	0.9716207312299786	0.08999108767996118
359	0.9017045174475814	0.01543908469007857	0.8258090041833639	0.6281952251422073	0.642355503900506	0.03092164127218111	0.9685824035718135	0.09139785655427873	0.9667557768383661	0.09063110455259828
360	0.8909720863121164	0.01647001319600327	0.8568762345440311	0.6383099766390617	0.6529178824609313	0.033828038489508015	0.9626135772462362	0.09367108104826369	0.9675353098698325	0.09029934310228116
361	0.9004400463318797	0.015493768903326183	0.8149136596929212	0.617504573420202	0.6252462905799864	0.030985939868626432	0.9633906302588422	0.08792982580244843	0.9719906777537041	0.083369496093291
362	0.8868673835997158	0.01848632253709306	0.8707575921067412	0.6225776526595264	0.6144504982959551	0.03510330616708945	0.9699941789411112	0.09150040103977812	0.9680886098980214	0.0935809886420633
363	0.905703065665807	0.015852707207571277	0.8194909721160779	0.6397448238809097	0.6484448576903572	0.03184443766757893	0.9672239216155184	0.0838000523786628	0.9701030441847873	0.08294125957008464
364	0.9015913415074692	0.014805862617361392	0.8039399457637827	0.6220034908070565	0.6137184103220142	0.030052993161019285	0.9687399068194723	0.08485665073579127	0.9672645091880625	0.08581288331226684
365	0.896250544574934	0.015635606322613776	0.8445730674352486	0.6443234882920611	0.6432423621437584	0.031672998528435754	0.9689868283739583	0.09457908593175701	0.9621024010478235	0.100246004986341
366	0.9092483626163124	0.015424697413011326	0.7949115465002743	0.6216181202939538	0.6331922071457333	0.029267625210076444	0.9692042835933079	0.08833848059302335	0.9727692141375888	0.0817748837758997
367	0.9012786108958677	0.014946118736687214	0.8280877103934365	0.6274568129681765	0.6247772347698946	0.03167596217225032	0.9716604826698096	0.09061885880549791	0.9665628345222272	0.08852105027043362
368	0.8944550532718287	0.016052027240040817	0.8466934169309711	0.6128150230858478	0.6169036615497011	0.033564228088923925	0.9716577766072562	0.0897817761593394	0.969483266894178	0.08891893084472581
369	0.9109412351398652	0.014711771748730968	0.7998033961162689	0.6386614657205597	0.6506965347934289	0.03042042556959746	0.9717739369703385	0.07982938673316496	0.9721809416418647	0.08431760115821152
370	0.9000400360836719	0.015961788244299304	0.8189947485511279	0.6321250578191375	0.6313350128374677	0.03132880606252521	0.9714338280698365	0.08988069892643549	0.9680525352089419	0.08547064781908838
371	0.8960347375464349	0.016760553075760427	0.8182847271233377	0.6356980366761483	0.6367888226907208	0.032082382630728365	0.9704555723866395	0.08837083441552121	0.973402739589585	0.07957682091398682
372	0.9038477521912625	0.01511467421792511	0.7853661281078269	0.6273966839602922	0.6266193452080709	0.028994157043847633	0.968311967604218	0.0843186074977412	0.9700983352809688	0.08252599271694047
373	0.9043533251179614	0.014630267579000768	0.7941979983083295	0.6159862779962265	0.6147950037613031	0.029876775007634474	0.9707471421823713	0.08689368588193985	0.9708152745307436	0.08112567784311783
374	0.9098290165079265	0.014427480269010267	0.7812847992604103	0.6422561256865188	0.644024177741378	0.02897888485087929	0.972113115815172	0.08313695898059917	0.9704149052414258	0.08207564965874108
375	0.9220966817041902	0.013846782959701672	0.7533479877726524	0.6134035299071078	0.6101716392570832	0.027344158869078056	0.9751195214746278	0.07960177151228968	0.9683354617892345	0.07533812607022035
376	0.9148034704414382	0.01331909223148745	0.7521401561651897	0.6300476438094749	0.6273575098340073	0.02727537333572644	0.9748217494580605	0.0755147845403752	0.9687659382827863	0.08013554969006773
377	0.9149697506103339	0.01306399555996086	0.7554023634460907	0.6449949599732292	0.6447529428706654	0.02763229567200116	0.9736960440630483	0.07621198623136999	0.9744199999331612	0.08027837604298169
378	0.8972765655082763	0.015450770743297836	0.7924947274359484	0.6143044601443657	0.5972063851361499	0.030433913508030028	0.9658352551330509	0.08403585425119213	0.969548354255208	0.08198328758546543
379	0.9043253286245109	0.014927742835136747	0.7708594778496628	0.612878756117941	0.626994754043623	0.029176337527205866	0.9675170022005511	0.0796728625805344	0.9726126604198563	0.07809668796031374
380	0.9023748997856648	0.014933208733056378	0.7784610350048856	0.6094110676851029	0.6089791404378194	0.029409378194387745	0.9729279513074803	0.08091781735281409	0.9718818396582561	0.08280227264790482
381	0.8851741336278962	0.01727107884652991	0.8336097138388727	0.5916903491566367	0.5811637739453798	0.03354559815507348	0.9695587966289069	0.09022366804548455	0.9707721431011214	0.0863467801990925
382	0.9107513678258338	0.014253194803941677	0.805079606157178	0.6324036070894419	0.6529305077867138	0.031004724609632106	0.9642726070310711	0.09127534310228573	0.973191630064855	0.08243060843572357
383	0.8784632584497665	0.01815024899731675	0.8698783140487737	0.6076650640706452	0.5907753607063574	0.03516957219511604	0.9698229761396253	0.09514531998535421	0.9647573812822798	0.09907076129625857
384	0.9001966326263185	0.01640975151767629	0.8224983128154091	0.6448301736378286	0.6467705758825489	0.03187132864622342	0.9699958445755745	0.09023284926933195	0.964934063626168	0.08824574746417577
385	0.8952152585518978	0.01635745547521346	0.8002478159787587	0.6296055667459648	0.6131501077612482	0.030507838372106418	0.9729253003649643	0.08411166133517228	0.9670291395462949	0.08651363500908299
386	0.9058186189439029	0.0157513125451125	0.8269360843874337	0.6449791908054534	0.6336942157359259	0.0334159881361166	0.970028302725852	0.08305332299330814	0.9694092120194575	0.08544757090596194
387	0.9084267962130472	0.014937214615762468	0.7958416482981514	0.6302850427510588	0.6155541690782059	0.03057208481064527	0.972179359830138	0.08198234813358751	0.971572156052224	0.08401518325934408
388	0.908785306638129	0.013350980431678695	0.7623420984925251	0.6094376536852146	0.6069052944073734	0.02786765357795265	0.9727332224433703	0.0802954418457289	0.9711537345244374	0.08038756976115805
389	0.9082628400087097	0.015665100625831915	0.7809520702762492	0.6441085892439793	0.6525968667921569	0.029839159877059075	0.9727077716720095	0.08170390320262091	0.9716883009194119	0.0788525433817743
390	0.9020835063641458	0.01397059895419227	0.7714331613232361	0.6102096805226447	0.6077462202342803	0.028268086550832152	0.9702022734028981	0.08487381298211	0.9705010582644558	0.0824188894899857
391	0.91544922615695	0.014225206019237612	0.7587874248397772	0.6541523737640291	0.6306654393068897	0.028253262110341053	0.974019399725774	0.07737307389962617	0.9738486534726009	0.07812089793382092
392	0.9060695795132209	0.014492105313973134	0.7404362883439621	0.6263807720890431	0.5946379900526003	0.02675914052873354	0.9684434626717007	0.07841032101319831	0.9747493600912891	0.07505714445750955
393	0.9069016790358011	0.014542948349637057	0.7735463300854214	0.615966328989985	0.623214674191989	0.029319365506127598	0.9740700396379738	0.08298342935998754	0.9731852102961187	0.07836715821380037
394	0.9135900972750391	0.014725138119572864	0.7739569591197175	0.6287091456986987	0.6279317427972595	0.028647521402020506	0.9699590402552976	0.08365221280631373	0.966023889990385	0.08518762953801536
395	0.8848197219528801	0.017701252334928926	0.84013239379763	0.6132751591076039	0.5935005932213296	0.03391943534299243	0.9632465457091504	0.09357985285786767	0.9664917072444563	0.08776450134756275
396	0.9070466717087848	0.014447683828304298	0.8039228700722092	0.6095458491561448	0.59725683042262	0.03044978381137792	0.9706296672086986	0.08856601716436412	0.9703946045968351	0.08979660785234701
397	0.8993109718866874	0.01598054491684891	0.7996280572977287	0.6391342224628742	0.6195090167785311	0.030211908064558528	0.9684048499197088	0.08950172315332082	0.9720990227506683	0.08678647447382401
398	0.8970144922395467	0.01592774453073059	0.801748535934204	0.6157236543783274	0.6008203648725153	0.03133355600448037	0.9693868314238959	0.08460408317791296	0.9730005055332623	0.08214536739033859
399	0.8967697541697646	0.015877570279074833	0.7957589688264914	0.6224627121237273	0.6366202737990277	0.030742936848821692	0.9721790957681109	0.08311045774334776	0.9721657038243288	0.08297062944893527
400	0.8969974838401289	0.01768687161139049	0.8342862350686231	0.6175544345372052	0.595154523393891	0.032626535123997956	0.969697438899393	0.09085246376913375	0.9692331237641791	0.09452739587990185
401	0.8914188067907783	0.016559330638110617	0.7990188042090108	0.6313377511808776	0.6072033061631621	0.031500915788254875	0.9714828169003704	0.08282969844132654	0.9701512078677316	0.07907061620957759
402	0.9002908373050463	0.01634834351240924	0.8357984036135807	0.6281072041028847	0.6512760815206028	0.03281915905365573	0.9684994918628	0.09592756402319595	0.96964657312365	0.08877633170477327
403	0.9018982766844852	0.014929610173400647	0.7858756104777206	0.6180588495323366	0.6140434232229663	0.03024456334566325	0.9736233110655144	0.08137061239123773	0.9738053157073556	0.07941162932464853
404	0.9057730345532998	0.014635388618994515	0.7878844497811137	0.6351851041568225	0.6558266980064611	0.029635766710855993	0.9735891070147606	0.08516188826593418	0.968018889886556	0.08472560850780934
405	0.9154813095673632	0.014004613318349046	0.7485771147389979	0.6335429711671386	0.6283709522771165	0.026918736446164458	0.9694092579634103	0.08078515212333422	0.966334547574318	0.07810034076957141
406	0.9011562939379798	0.014130252627132816	0.7551519635560063	0.6214254879409384	0.6192751203283045	0.028115149270124647	0.9753545458639711	0.07887626094964231	0.9695556771622108	0.07614271114943492
407	0.9249429377336902	0.012683901662919952	0.7295349686425641	0.6311777859082682	0.6499058423872169	0.026253827094946464	0.9737743339501524	0.07529342539473627	0.9718204911069437	0.07428567503901962
408	0.9047418160666559	0.015401679680575878	0.8035023141278528	0.6360798029174386	0.6140738809618455	0.031136306599035386	0.9705334239803368	0.08571826189802005	0.9675542529835516	0.08847486818522128
409	0.9028861160725368	0.015946811403447576	0.8014354939660018	0.6209585754758996	0.6402096602524753	0.030598223526680252	0.9701452213817453	0.09117548528930784	0.9709909159965094	0.08543081946784047
410	0.9000706819480913	0.016788619547876107	0.8295577535341799	0.6243406026427305	0.6219788300353201	0.03331865759150963	0.9723272414646349	0.08961630366853665	0.9689514005255326	0.08712793230645544
411	0.9048596085395217	0.015360214338346122	0.7872668042489434	0.6112484847985694	0.5918191928170735	0.030464279317634915	0.9713668558577672	0.08117676159877123	0.9716166892323669	0.08164168270153586
412	0.8975505438515263	0.015581274441995434	0.7780337613537047	0.6274804102179866	0.6335614854876356	0.03010015450923691	0.9752624216462278	0.08081753616460959	0.9696489467742496	0.07687763153657907
413	0.8888717496515304	0.018436149495651578	0.8429446107677427	0.6169494138127122	0.5891597669775759	0.034948125072958934	0.9718050592492323	0.085188822047366	0.9657222544388335	0.08782747516887981
414	0.901933846256915	0.015640028273308237	0.8066702909710117	0.620070951561927	0.6173583410637417	0.03218287586189642	0.9702970637625943	0.08178840329464537	0.9656517596162706	0.08239370004177522
