epoch	link_F1_0	link_loss	loss	relation_F1_0_1_2_3	relation_F1_0_2	relation_loss	source_F1_0_1_2_3_4	source_loss	target_F1_0_1_2_3_4	target_loss
1	0.03382280707507555	0.3617474462699154	13.158951667258167	0.017869240375258187	0.017880615983195153	0.9913777078137234	0.2315003105426217	1.5561802231285018	0.21951779310524758	1.5817139877548299
2	0.0015123281101174142	0.1319775185340781	5.518308358082024	0.004275938678869459	0.006439418865878895	0.29657401587136856	0.256593601963772	1.2148939010815827	0.25592348929974706	1.2284493383683517
3	0.0017511170468864554	0.12280905767700157	5.019437927434443	0.0015517711346965982	0.0031035422693931965	0.25885121980451475	0.2653554803933737	1.158370379996103	0.2610577297827776	1.164393450673159
4	0.0	0.1195462416368642	4.822264645941752	0.00041589029852608843	0.0008317805970521769	0.24788697229909998	0.26857363682103624	1.1160516459668353	0.2703222630781625	1.1210286247625547
5	0.0	0.11710710521605949	4.677088124338921	0.0	0.0	0.2417180212291435	0.28008760673274363	1.0742919678570013	0.27625483117758626	1.0813368469246658
6	0.0	0.11702002070215524	4.565076845137083	0.0003199156138817038	0.0006398312277634076	0.23805085923012057	0.32594908897181646	1.0398826811394224	0.3217512197202872	1.042449455645797
7	0.0	0.11412894238447902	4.422410111748414	0.0008779905566194413	0.0017559811132388827	0.23799482846842315	0.3939860530245697	0.9789004695996154	0.40284450340792943	0.9630015350209927
8	0.008632643239356185	0.1136439639994652	4.308297829358921	0.0037918631180448984	0.007583726236089797	0.2342402298426831	0.41332964050210996	0.9403409632892091	0.4217916184711282	0.9265648926037374
9	0.009833840821917888	0.11178720071673838	4.235617622816407	0.0035409451882627784	0.007081890376525557	0.2316331277688926	0.4278312335443155	0.9133085490209104	0.4305684770176354	0.9082700986636265
10	0.016041482490291536	0.10923492486271606	4.139331670146309	0.005200879082539654	0.010401758165079308	0.2273011688169787	0.4416321877125947	0.8851943946531995	0.4363751097528897	0.8840829996882458
11	0.01765132810082674	0.10704135231620174	4.097600928259111	0.005174423843099955	0.009424647022295158	0.223786770587498	0.44090658009335865	0.877668502445325	0.43009026620739915	0.8850155200909388
12	0.022352411416516248	0.10606637456232972	4.0260864704379316	0.007777916773618082	0.014631632883331412	0.22193877024356437	0.4484446905336359	0.8577777369085194	0.4420505238281345	0.8524291111745826
13	0.020019219266118594	0.10469452017759084	3.9606244452684396	0.008872666522860749	0.013419657000791986	0.21782131809002547	0.4508128140993212	0.8524809907512015	0.4458750395155553	0.8338814347561985
14	0.016596724876250177	0.10488754452179175	3.9232324916440056	0.0056970317001662435	0.009478779213752083	0.21725178752684485	0.4575280472199451	0.8314883080622222	0.4477210361294332	0.8235609323571647
15	0.048790430486962674	0.1040468772306606	3.8833475363898664	0.01458899848191878	0.027306490619170506	0.2153598934388205	0.4582815748613854	0.8206322464277873	0.4509945641643491	0.813527924910739
16	0.031678014666711246	0.10206427571450756	3.8593947143036855	0.013922470214366317	0.018979233715922843	0.2127116568126766	0.45946505630718715	0.8239194393269014	0.4513319413675672	0.8122966961718506
17	0.02761154334963339	0.10140792957968398	3.8044478407495035	0.013237079692962084	0.016267806167541813	0.21031431610244114	0.45938550656910043	0.8076012986658861	0.4554226852179359	0.7974660989687359
18	0.04342637174082964	0.1015245768719764	3.7873223483451417	0.015723477326999726	0.021859535793750672	0.2091245594547726	0.46223609259269244	0.7994032688984251	0.45764247144736053	0.799918260081258
19	0.07670628968322207	0.0980146300104155	3.7306638930686016	0.024940512537603026	0.039960645053241366	0.20478146240444364	0.46501087534389046	0.7956503193636095	0.4546593303954455	0.7897659015680901
20	0.03046168431605087	0.09845898476807811	3.723876705726855	0.01983924974906421	0.021120574581504917	0.2043496248948628	0.46411763898808983	0.7898055759871104	0.45568684226858264	0.7920538990666393
21	0.05697834250356326	0.09792569492062832	3.6907079766524546	0.025157612501285554	0.030802251755480622	0.20180240576496333	0.46141976405438845	0.793693265224474	0.4607283596248052	0.7791119974155136
22	0.09467644542683075	0.09693241150965946	3.6658626704067507	0.03519455614784945	0.0506194555530355	0.1998190338271458	0.4603173871838914	0.7891757007225225	0.45849002925922583	0.7768384360127986
23	0.0821944163245666	0.09514593314463736	3.6328765987429747	0.04250745738849848	0.04340369734947199	0.1969477575404199	0.46437733408762205	0.7784531333042264	0.460076969744404	0.7820867979133069
24	0.11387914787421637	0.09333010901549982	3.5820260908427883	0.04841848878245621	0.06324731996639245	0.1941542635184195	0.4684921637024492	0.7697526648033798	0.4615843766166807	0.7657323440703935
25	0.08786719982460661	0.09501803924158783	3.6544489530860855	0.03391329968201024	0.0448558762635402	0.1960081803808988	0.4978986201629695	0.7860647591863632	0.454865408165099	0.7993035716184885
26	0.11716575023957154	0.09396333268890443	3.6207087731342353	0.04650677056205154	0.05981223455905166	0.1947405858776942	0.5367259839651142	0.776849566113292	0.45859413198249477	0.7846698458441591
27	0.0795624394281589	0.09575925121519646	3.654377539804523	0.044311535989576614	0.04226045691226869	0.19487583340364534	0.49477889248370577	0.797012135882247	0.457951175224564	0.791127470149174
28	0.06431608315546916	0.094528898611637	3.5728407436017506	0.04193790241459623	0.03533464380752483	0.19180206192366328	0.5560537180278879	0.767767651667454	0.4627686458548242	0.7669974187364723
29	0.07520514621423836	0.09144325660170315	3.527086113277889	0.04703815691085443	0.04135573527809477	0.18807306198370022	0.5706308740124344	0.7532882743259995	0.46400385704179703	0.7713404946308806
30	0.15901514021774604	0.09098644469241719	3.4988761610701773	0.07014459696341326	0.08358103038098465	0.18620182473846086	0.5858213570218254	0.7515650261961973	0.46377384390798615	0.7623193176829628
31	0.10869524425745847	0.09047498580465965	3.467413333523994	0.05360855222887331	0.057492493219233144	0.184287855129452	0.5738568856947472	0.7519447205785046	0.4667361774480199	0.7484034503239217
32	0.20161589769774044	0.08909664298998951	3.475074615255137	0.08022318248215624	0.10687120625628549	0.18283603049067065	0.5571483756236586	0.7532847750240861	0.46522051718545243	0.7670462580478538
33	0.13024155559350473	0.09008636903032632	3.475792599511267	0.0665424061215444	0.06896702202151243	0.18310861369817535	0.5823436522521726	0.7497357931389655	0.4641009916688412	0.7659535811624535
34	0.12775442555429192	0.0904234195079001	3.5232680074896368	0.06347104012213231	0.06781290436819427	0.18325866190857923	0.5776619188390321	0.780175259337325	0.460313978346989	0.7777980297351728
35	0.13680713636183783	0.08924936108134483	3.4822794174557834	0.07616102736662182	0.07408882618000767	0.18250308856308572	0.5887232486735234	0.7532865158858565	0.46210619971568695	0.7687306928212636
36	0.12578885588588068	0.09035533411631107	3.5032682798313024	0.05731092805826791	0.06585007553474968	0.18390464416630953	0.5828493356033329	0.7524027864064249	0.4612983416022569	0.7738961902647092
37	0.1433265930867619	0.08611772858034765	3.402147330754229	0.07829675338018369	0.07588030346438812	0.17529200037878373	0.5815265390028957	0.7477449123406302	0.4656023810688182	0.7618623942112968
38	0.19124167772587033	0.08686628464152275	3.4261595851600184	0.08974271703681946	0.10092241325210874	0.17725580473898223	0.6026384087518439	0.742205215731548	0.4612511735310297	0.7700198998643516
39	0.16863197898563592	0.08588391913922584	3.3761704083227686	0.0871652339460621	0.09012964605062143	0.17464511610502126	0.5936522475854334	0.734095578264105	0.46524316118692355	0.7528579303375545
40	0.1941461326033288	0.08518987010975039	3.3511082225573134	0.09268044483212964	0.10144849248448407	0.1721742511557111	0.5726620842544281	0.7366970965907965	0.4669335771940003	0.7481644558468682
41	0.1938962329140695	0.08467122086288845	3.3735750075632946	0.09689961332212539	0.1025034325460715	0.17322010473745567	0.5860453512550563	0.7390389169249282	0.4649622726757683	0.7557771595783427
42	0.2397593275888273	0.0831404300409054	3.3298192181294035	0.10578645384210217	0.12465676182335526	0.17062365713472027	0.6011909936424311	0.7268312060518851	0.4676738921941511	0.748657581263284
43	0.21857311461584725	0.08160259942569995	3.28653595639189	0.114875626583771	0.11193779906888982	0.16780379026461892	0.6029282990229978	0.7198580246054812	0.47024297463843134	0.7394695234942823
44	0.23844625239552167	0.08258936878780608	3.296702457292936	0.12161831063957748	0.12344181384503332	0.16715790541574363	0.6062244179427512	0.7316171468922456	0.46767228117296916	0.7430141660200652
45	0.2573874463512589	0.08134457307858038	3.3083119100162506	0.121288299985571	0.13668248303819858	0.16761278336888016	0.590565093232232	0.7340678776519426	0.4667079299186794	0.7453560227801389
46	0.21458720950732377	0.08275695686670562	3.2710357714054714	0.11702460348144673	0.11332061601012207	0.16704429419439049	0.602230579249496	0.7113585536756635	0.4716034489817574	0.7350080074117258
47	0.25268313974304246	0.08047814631677463	3.247364169903375	0.12635901263218124	0.13221268651838453	0.16379340353630342	0.6034387857322469	0.7239834076630997	0.472134789707836	0.7294810866862178
48	0.29086551830205737	0.07883481234797922	3.2300132134508384	0.1475229327012273	0.1551936611448957	0.161317928943318	0.6157024284860876	0.7156687018986805	0.4667618486215887	0.7431576304258677
49	0.2754604848394961	0.07895422204763752	3.208161061546858	0.14033118478405313	0.14139007522864264	0.15984904254933668	0.5987556079484113	0.7177034239598274	0.47083973856635875	0.7323197861887972
50	0.2767725948655751	0.07907037225908617	3.2162877478306364	0.14193189682679622	0.14580230971975466	0.16002419464327822	0.6101946367557819	0.7145162747519938	0.4686896297325672	0.7400173753111293
51	0.2484255803317839	0.07809502517099008	3.220999787772054	0.1224102777481623	0.13134411724972248	0.16043687082226207	0.6036319823621866	0.7196801297281344	0.4708718433027247	0.7333421621085927
52	0.2732611997654306	0.0792581768944911	3.259986627187569	0.13974963976996926	0.1461772636463894	0.16350444121494997	0.6158799693702791	0.716553131332098	0.4669814968723922	0.7422739593532767
53	0.27930295288089335	0.07938481556905579	3.292973193679365	0.13027357153919827	0.14604607359645666	0.16313483660541414	0.6030546425637715	0.7310649693123292	0.46527713006243027	0.760186725913574
54	0.234127979386189	0.08063908699292086	3.2886168371339664	0.12691607988532888	0.12209329271086172	0.16362820225694663	0.5863390699463703	0.7251884233834168	0.4647041028626002	0.7531344711637763
55	0.2757578400210753	0.07955955718895572	3.24843646653764	0.13745449634373058	0.14240412334621905	0.16063000250777285	0.6086401572321707	0.7176027302812444	0.46762268149062175	0.7484805851833662
56	0.3023244051684915	0.07652799865850148	3.1745550253304327	0.1527850070023296	0.15940198724349516	0.15432768641696637	0.6055670786603501	0.7171928861657133	0.4687806181281028	0.736981450615013
57	0.3054320854041351	0.07671168727152265	3.1780361141141884	0.15822872046398959	0.15934554801317147	0.15513676078234037	0.6102639967048519	0.7126955174133757	0.47036659846658935	0.7353892727421102
58	0.3017872753236574	0.07851645571276612	3.1875369088079246	0.15160413844202936	0.15788960195525312	0.15663655139833077	0.6034736236403601	0.711333299257478	0.4708891781608408	0.7294869639627916
59	0.2989179755842551	0.07558671527090766	3.1704357468704294	0.16611166415218798	0.15623797883511711	0.15278490861128677	0.6120180604367498	0.7161970063746531	0.4709466273295411	0.7433635034410757
60	0.33546637509749283	0.07501394600608198	3.157661269534164	0.17307086632341243	0.17338260542982004	0.15393208378580361	0.6064391729247804	0.7067836217258977	0.47515638903378443	0.7265443751746617
61	0.2717485280274677	0.07554523093045346	3.134508659080016	0.1463705881806702	0.14061230358085747	0.151561350544574	0.6085204563088075	0.7060802851882678	0.47374054449537173	0.72606641129512
62	0.2663558467768987	0.07611051491355846	3.1812336813873645	0.15511220621633443	0.1408271140427584	0.15455687067270407	0.6016035353421256	0.7156583378535177	0.47866170212057935	0.7311543150962843
63	0.364922974584142	0.07226681926589888	3.124818354964034	0.17876190779050324	0.19055630724442602	0.14954526293085774	0.6164012258356918	0.7115291455958415	0.48604210589171665	0.7278383647964012
64	0.27912695522835546	0.0762018693840572	3.1372214530991025	0.16145541332440844	0.14580335450478077	0.1522455185846125	0.6079808651179495	0.7029185399417075	0.48376379340281694	0.7203974710013406
65	0.3112995962913444	0.07563704220166081	3.121186236863064	0.1650076315025804	0.16265025297790714	0.1513463332683903	0.6124090287901659	0.6984502903904913	0.4981322632936738	0.7168484245061811
66	0.2960905889689797	0.07489213105742287	3.171341468306149	0.15885429155556444	0.1549355668814426	0.15306923596254365	0.6094608582880181	0.7124349123498116	0.5046630610874203	0.7324830357273875
67	0.31590013409248435	0.07389775673232403	3.151462564450615	0.1687833547325685	0.1657935331615279	0.15080610276287879	0.6017509819353989	0.7145738360140594	0.5157332678534113	0.7299001027857461
68	0.3575394867840953	0.07265574137323519	3.104427244868214	0.18167052126925937	0.18364164958901566	0.1474249906835957	0.6146438869551931	0.7020073391860046	0.5241580993622038	0.7279711081003108
69	0.3093781605074777	0.07418385296237018	3.1364946376461917	0.17142560355642636	0.16137899379589174	0.1507176340899475	0.6214558201941732	0.6990330271702483	0.5181280216153098	0.7281168572424193
70	0.33861026858975823	0.07173728053888125	3.0773255214241866	0.18303122929626872	0.18502297089841144	0.14553682571725704	0.6227618568567637	0.6962508924279659	0.5340236506385534	0.7221419791338258
71	0.39688431145485187	0.07025722964769163	3.0716021827538342	0.19591564486889573	0.20564905417272605	0.1453625783929093	0.6116305138379873	0.694127137511215	0.5084109358956064	0.7183181663555194
72	0.36906632833603087	0.06861558014917142	3.040723888424124	0.18093523849717003	0.191079156286144	0.14384188894990566	0.6375014058198916	0.6779289417898906	0.5102821904006047	0.7172617606733401
73	0.3485483763693697	0.07098913110994914	3.0647636778912455	0.1806129624616085	0.18543356411878695	0.14554103852381312	0.6231047710238047	0.6901141357590044	0.5244709827484135	0.7104927799487196
74	0.35861759681623767	0.07113545383570881	3.0637903633287746	0.18592011640812736	0.1863181890369607	0.14406615745158216	0.6176456067453658	0.6938274934122401	0.5587853803060272	0.7188413385257209
75	0.32333329054706095	0.0738047137866399	3.1618455748054175	0.1675483366932899	0.1687051452959673	0.15027008864147123	0.6068831655122753	0.7162968934391418	0.5460509005645505	0.7274371144902938
76	0.38015859376868166	0.07056198933225999	3.0884695632806127	0.18259051892125447	0.19732198203912146	0.14499455146414186	0.6169302324950257	0.6964131141632264	0.5474771517777751	0.7247007133274088
77	0.35149481745049155	0.07152646761471869	3.0751168315385864	0.17587561854928743	0.18595614947006872	0.14571105086735217	0.6199734771299826	0.6844243038389192	0.5519074175340516	0.7145878031258891
78	0.37355720972040757	0.0686278893784113	3.013387622463916	0.19538413143624392	0.19759691472820828	0.1399162102045453	0.6299519971296378	0.6810725899033956	0.5729463880234615	0.7142098059132596
79	0.3466144918371226	0.07091882937638119	3.062972402077645	0.18705494463979908	0.1826713109402738	0.14472936701930866	0.6296637247943109	0.6840661907564112	0.5590531572386734	0.7104054839807145
80	0.3925768233775079	0.06989677093570097	3.07000408418197	0.19010629704734566	0.20174871244705464	0.14417592238457336	0.6190644556996451	0.6926312715505265	0.5590976230442471	0.7124520175026109
81	0.3487002418489073	0.07240489271556423	3.0857757133849923	0.1898996868219903	0.18900575297241598	0.14590507143469356	0.6163589275980476	0.6917505688511186	0.565551713317749	0.7099710705275861
82	0.3633840210112061	0.071381125369104	3.0571480476700756	0.18329435423997362	0.19175008779069033	0.1448022010732449	0.629048071613291	0.6834789839773252	0.5888599758480694	0.6995053106018099
83	0.3742317523945604	0.06998635155572944	3.0285275468237387	0.20060814610933003	0.195947930060702	0.14115980241942475	0.6342968580732095	0.6818035821632911	0.5806578996088386	0.7077772959150594
84	0.36932763702305615	0.07034047949530674	3.038311197270984	0.18293153220747876	0.19363499394438247	0.14220844058377932	0.6301905045179554	0.6815220792384931	0.571742703387934	0.7051428997170776
85	0.4155204587728125	0.06876053002018195	3.0369318075119134	0.2067893637427183	0.2226725524457173	0.1417952473053502	0.633175573764906	0.6873725322465615	0.5895517782735858	0.7003687705199135
86	0.38653900486115067	0.06932836528574973	3.0244319478914017	0.19989557761853283	0.20121915110672534	0.140724716280206	0.6354929482984285	0.6819845017185546	0.5837758269480757	0.7023993527394266
87	0.372831378492397	0.0695540216067964	3.023261516596175	0.20099403766392548	0.19580910366197476	0.14121277544856675	0.6369389148792719	0.6755997241574587	0.5883804014780606	0.7015830850248994
88	0.4053441928438463	0.06894499406398001	3.016220450908985	0.20222892832556832	0.20985096250769117	0.13960969247199578	0.6305325855836356	0.6907526560133684	0.5966156000395865	0.6945996137496033
89	0.4457796831187987	0.06632541120994319	2.9746311345822574	0.22221382651409022	0.2318229062820348	0.13727408672524538	0.6363114122666839	0.675719677124818	0.5987696878952887	0.690925457993498
90	0.3766907070817346	0.06869180302988635	2.9833848115323485	0.21101694841154184	0.1999752536715981	0.13718311788575238	0.6385134353863358	0.6746476162041569	0.5967260224462254	0.7002216283234949
91	0.41038096203043445	0.06671560460605899	2.9577038671096525	0.211215726715917	0.21331329603550564	0.13614756954074825	0.6415076554772416	0.6688798693605392	0.6049403729469228	0.6893303367664498
92	0.3858188907251929	0.06904138230919711	3.0085300842370954	0.21088950792355182	0.20093406185323323	0.14071944601474876	0.6455299466686306	0.6695024808623354	0.6036331511907992	0.6926408801143525
93	0.403085202223678	0.06568584749799858	2.983469289479371	0.19758387101765446	0.2106169282864331	0.1366065483126816	0.6428906176912011	0.6792403496355651	0.5993238954228567	0.6980270539584679
94	0.4324854235046838	0.0658440407249548	2.957164169436666	0.21939872221510573	0.22485658870910727	0.13622507680031984	0.6512671124441642	0.6708090851400201	0.6182590039653748	0.6828201999047477
95	0.3974114149815693	0.06923982112883871	2.984014960245341	0.20203338934781928	0.2062705473807683	0.13743766342305364	0.6518934074839595	0.6704646615008582	0.5968085526252903	0.696749111955268
96	0.33197157155839974	0.07323191433228772	3.1828533124187572	0.17519563613616337	0.18150332671030506	0.14878497760676468	0.6328884707985146	0.7181822155855868	0.6043449233488225	0.7281978556711305
97	0.4270174286519117	0.06778497540654498	3.0059667529341447	0.20491699319672513	0.22150448561515762	0.1391998206433588	0.6407903394207195	0.6686879384777855	0.6039051833308391	0.6944789421076085
98	0.38527196824610155	0.06779271360146641	2.9860078051015995	0.19997005552030345	0.19913706995061314	0.138501526177572	0.6456592217314729	0.6640640459290393	0.6186399523945313	0.6860984171249145
99	0.359271042602506	0.06935720054677169	3.040016468294066	0.20190446270207718	0.1873735174589558	0.14072699469928415	0.6308830152855067	0.6851850669292621	0.6018371723788244	0.6958591929531046
100	0.382541256764559	0.06686320780244222	2.959205671419068	0.2093160040660859	0.19876467432713713	0.1351446956862136	0.6521339210760394	0.6689629443297209	0.6169446953773294	0.6864047645887924
101	0.38326995903603783	0.06713959364240826	3.0006193415992337	0.21026166169152724	0.19828612032325987	0.13762534980106644	0.639550382958586	0.6765943097725554	0.6022554429939945	0.6941266195600199
102	0.3965904242643032	0.06725675612935955	3.038622914110691	0.20074698720027817	0.20946080894216473	0.1390837132990249	0.6365920738571053	0.6837642825931699	0.6054605146381823	0.7074178057621856
103	0.4121422950928181	0.06747394840542642	2.9751936937539796	0.22306154579403284	0.21694746207048773	0.13673908522341174	0.639737450196495	0.6723049146747665	0.6281578402408567	0.6782275923062487
104	0.4184043726424492	0.06602760499191071	2.9916737412467165	0.22107004696926882	0.21842917384989724	0.13634391350828812	0.6373881117239614	0.6835953027192411	0.6298005216372469	0.6847793293072246
105	0.41411990295279955	0.06918450791883539	3.009225603142475	0.21249286588676172	0.2149286414198681	0.13849459342521683	0.6455571619202828	0.679819709535352	0.6331211026636688	0.6844076061616846
106	0.4248453143351764	0.06566441841304524	2.9638526819473827	0.22789006693821817	0.21852362216052879	0.13377142275267376	0.6495239986225718	0.6797974928916056	0.6183835487046658	0.6858676653499136
107	0.3604485775259328	0.06683289895212441	2.991405618581043	0.1959177928266087	0.1865822924170335	0.13687730717800195	0.6503253619676594	0.6738188780382145	0.628308935229159	0.6868129546555998
108	0.40346803898038147	0.06806140698518308	2.9993461138522464	0.18948614343426567	0.20901722724287677	0.13753937472660457	0.647242012055041	0.6754702583236963	0.6263999542844202	0.6847315158081207
109	0.4176251241978309	0.06654815234805092	2.9508045995238614	0.2315614915489896	0.22656577427048358	0.13415314667353231	0.6573491210246262	0.6640916565313661	0.636010802431324	0.6814474512485548
110	0.39028133429887	0.0650800557275116	2.9475824031418614	0.21825662082590053	0.20528017287957995	0.13346909798358486	0.6489600726933038	0.6711371517701767	0.6373302658124536	0.6768907775246211
111	0.48079675286114804	0.06379017778066187	2.9581149987854602	0.23351339471633198	0.24899238900427048	0.1346433435844112	0.6583918257469957	0.6631205570421734	0.6365702619337694	0.6821105822083923
112	0.4366664848827235	0.06602482585643465	2.972948448277865	0.20812568219969002	0.22582292491106	0.13422512679713058	0.6445797370000054	0.677510717994265	0.6285527651310937	0.6841406514583067
113	0.47309668935988897	0.0635692267570846	2.90955236026636	0.2497160394709901	0.24638520083672402	0.13108865798931665	0.6561157762120764	0.6594462569308212	0.6418535161731959	0.6700009807075691
114	0.43248495949688276	0.06604059123986178	2.9521581226439753	0.22732072369270215	0.2238676262241582	0.13179046642615308	0.6607361153078359	0.6703539636498727	0.6316294252537124	0.6933440155874455
115	0.4410707476307711	0.06668535322803654	2.966693865957811	0.2403463295559414	0.2286438954355465	0.13444228727238622	0.6495787559073074	0.6658746273015641	0.6231103707188836	0.6822589502742007
116	0.46416250126513864	0.063834422685668	2.923739180337694	0.23322010935709878	0.24289619345699667	0.13097015442859627	0.6549190357968426	0.6643048927112561	0.6409159154965672	0.6758002036027779
117	0.44568608021228373	0.06786624966637946	3.028478490249699	0.2244435758131482	0.23086879880353486	0.13641858949071395	0.6565172784993948	0.6784213565672716	0.6271241210530848	0.7053361579097583
118	0.4177112625601946	0.06743720113499338	3.040753873891579	0.21235294094083748	0.21788335456986518	0.13827165552445445	0.651293871620999	0.6846249986906968	0.6362027700671044	0.689762510008275
119	0.4503891291129694	0.06512443273803449	2.9616305636763096	0.22983861424538013	0.23249771849570505	0.1330770235513638	0.6656624272503537	0.6667454189796667	0.6416436410818178	0.6800075708582327
120	0.4848205324695076	0.06371479880214452	2.93426626386051	0.24259694302869766	0.2501499404414492	0.131872682238485	0.6580739666701926	0.6591217980712913	0.6450120278360151	0.6727023033709294
121	0.4632537625003718	0.06325122414591594	2.8904213897719293	0.2530234353396402	0.24037945986120116	0.12776845972811507	0.6657159405505108	0.6573744004223935	0.651195992008876	0.6709113713985496
122	0.4347675074444354	0.06565898258337195	2.972175068508795	0.23384961395644344	0.2380513246409086	0.134486632612488	0.679260668740687	0.6589256605950955	0.6395095731343363	0.683638109745483
123	0.44087514490805085	0.06421286122274028	2.915227050250726	0.23333764411941985	0.2253840109026209	0.12890375149529254	0.6654523845774606	0.6598579183137573	0.644356664832151	0.6820584702418782
124	0.4535991363149746	0.06522864816496672	2.9259723851044255	0.24672431454801938	0.23346669257409594	0.13089003881535252	0.6678558552219186	0.6639822751386768	0.6486333252646026	0.6684578630259166
125	0.42658098094253094	0.06573449027627143	2.948175105320065	0.22044682846813485	0.220562911017034	0.13329064615600314	0.6732326341681134	0.6579422858331252	0.6521102840366071	0.6721218139972337
126	0.46100552624847385	0.06385880579841258	2.9182222430173597	0.23697494610674877	0.23877345955823692	0.13098967073563092	0.6714689101012177	0.6552322067207309	0.6496234542593022	0.6681508109437553
127	0.4239730401580899	0.06600891979892647	2.9240924576860112	0.23689247742544473	0.2203795984054363	0.1298434684022821	0.6814550848439114	0.66098558897981	0.6514163311385219	0.67965458945483
128	0.4766570737385383	0.06482031982414879	2.925525669725391	0.24807286514513843	0.2550231226156599	0.13233481789598256	0.6822616316901791	0.647830281116114	0.6688434615296004	0.6699842100911931
129	0.4421640310811501	0.06332161646888616	2.9414764868632446	0.22799115647132412	0.22942800518715709	0.1312106464634257	0.6599758741189247	0.6684001844504237	0.6645188017218167	0.6752511065930231
130	0.46970997737007936	0.06384650107432481	2.9201977027677812	0.250137370178649	0.2503895699235174	0.12989226628530207	0.6619131737789182	0.6611694967791156	0.6468675905803696	0.6728689446232247
131	0.4015214894024516	0.0669433147549066	3.03880375812496	0.20918565010991777	0.20920023188114745	0.13702903864550756	0.6585274330436507	0.6819355051299185	0.6523620004299715	0.6952022002721867
132	0.3802834141763382	0.06809475352392215	2.98419508646548	0.19907132862049637	0.1964311367810461	0.1355991845601951	0.673051176533506	0.659940075907645	0.6593670731452294	0.6751807873033925
133	0.4438711427839222	0.0638928952115487	2.880385752177346	0.2392264186501955	0.2311632276309918	0.12801378415359568	0.6830259915152914	0.6442160364364353	0.6661087433659028	0.6634338589497694
134	0.4801722182415039	0.0637122187480858	2.8781312123428866	0.2559022546253367	0.2593244128460814	0.12767978111122846	0.666945763313878	0.6419362042110145	0.6640342212052049	0.6679321669631098
135	0.2466320239344218	0.08012808118256477	3.349774602121389	0.14494867152790866	0.12689155131327381	0.16128490835186296	0.6451323746152506	0.7205160519433904	0.6431611383803483	0.7098267618918755
136	0.32782563074245535	0.07126721764855445	3.094876224035781	0.18277858200498773	0.1727181115888856	0.1421107438997541	0.6688058005796829	0.677396409992909	0.6598703577398869	0.6853469872858602
137	0.38869037929076367	0.0684723794730001	3.02948078402884	0.21155660494724376	0.20331544971583648	0.13827630112308087	0.6728656987481375	0.6637262287516209	0.6570151634335749	0.673747503530608
138	0.40709570007740414	0.0658368349193313	2.9891580141126903	0.21338640869805411	0.2104003604551087	0.13528228605685158	0.6730300320720934	0.6518872931167297	0.6560768792382474	0.6763991542340975
139	0.48300590543692595	0.06301641254518493	2.9592941982301273	0.2424750597100381	0.24864895410594387	0.13067060883712478	0.6666658513782127	0.6651341586805323	0.6523764895235843	0.6800372327202204
140	0.45671022144618634	0.06685222842300989	3.0167065017046304	0.21753076931768625	0.23577119769931187	0.13662891817820305	0.6576631989882742	0.6760567691943605	0.6499581378439238	0.6661844351823449
141	0.4707013074715331	0.06271224563838733	2.8991333534973305	0.24323052604565776	0.24135540686984547	0.12734308804040548	0.6895428678703198	0.6509658479535075	0.6611761113129632	0.6675272591100717
142	0.43665762488289117	0.06501888906613433	2.9274547111807205	0.23166539382399182	0.2290734668436261	0.12979406568164487	0.6700774518157873	0.6588884398424469	0.6601353948772039	0.6645765515965987
143	0.4564785745537083	0.06201017001682944	2.8720665422880747	0.24705618061711143	0.23596907050223015	0.12599410427328211	0.6789545157925239	0.648292983382631	0.6783329943115946	0.6590680201890654
144	0.4412804659099324	0.06320859222914077	2.910844494219565	0.2559257389602426	0.23684009888489374	0.12834121425191647	0.6758514416760073	0.6591390698458053	0.6621493395602972	0.6647719834629513
145	0.44005813544435596	0.06332326288656538	2.9076156118051277	0.23744418898875988	0.22690132326965143	0.1287734792050939	0.6835073917533775	0.6532456684467924	0.6709919731984616	0.6636010149564711
146	0.47057633460919174	0.06330016792903309	2.9048715941221244	0.2404810591380513	0.2500294014588971	0.12732706868826216	0.6870443281470318	0.6610184774568242	0.6613455324400387	0.667065213716249
147	0.45562923143180817	0.06411210193115566	2.8975880472527433	0.24199859486245462	0.251006404382679	0.12876201561328132	0.6910717195479669	0.6419837329658639	0.6762268034313733	0.6643784427090722
148	0.4267567739998079	0.06401658254941553	2.8820616471377147	0.24140099787267405	0.22322576900402888	0.12718145390746916	0.6828059553568026	0.6481773019915792	0.6634466381296629	0.6587462828598474
149	0.4698976481651489	0.06416841839941648	2.883252277982213	0.24548950239274664	0.24308686137406288	0.1276659860489119	0.698652940696188	0.6402700051748597	0.6739487462096214	0.6633497713203598
150	0.42885057489603906	0.0657981073046051	2.959617475293119	0.21489790334688244	0.2241948320167954	0.1336650889191359	0.6839949426980466	0.65142129777688	0.6687882535867924	0.6675807153144224
151	0.4917998984401342	0.061054774904353425	2.8582469297908615	0.2648902950469829	0.26404832896498687	0.1241003808882489	0.6936011890140061	0.6442054320530337	0.6560447724764924	0.668975239743062
152	0.4859725406896094	0.06254466028280689	2.866482278530922	0.2612764947656119	0.2567574612170592	0.12481573420694003	0.6868930827713611	0.6442874399372515	0.668971140799611	0.6701424602723547
153	0.46574126076229727	0.06322768075049066	2.8553967423854054	0.2399063879655994	0.24171470962360195	0.1253036635513632	0.6826831506873902	0.6496880025044381	0.6758897189756101	0.6488140949804414
154	0.4919016972449096	0.0624768262298216	2.872951390960923	0.25855948803157436	0.2543898477539399	0.12507387019231786	0.690266918503465	0.6526301688722134	0.6666831307996424	0.6655452299981096
155	0.4340389485729184	0.06253331299402198	2.881356751344481	0.2315291342782851	0.22727424427419124	0.12683582033625873	0.6886407204072427	0.6476938999774833	0.6715231045767992	0.6602833678438716
156	0.45385627287949126	0.06301051129418181	2.8797893793556897	0.24456194208996487	0.2338095354518291	0.1265228758909409	0.6854176899652332	0.6434460520934703	0.6622614120660415	0.6646352385963757
157	0.49679678068223854	0.062180286488032956	2.881150732911074	0.24863161079999205	0.2601971708461519	0.12697426133236575	0.686437608848753	0.6508613720294292	0.6650211891183271	0.6538550700791059
158	0.4424997909962541	0.06294947886273825	2.873857811565313	0.23035303289212317	0.23095660812031013	0.1267975760648106	0.690023281380484	0.6459033744335809	0.67982410468968	0.6538227360426888
159	0.45725696450112985	0.06360034489275881	2.925128035035132	0.23240167078366983	0.23500800853683035	0.13013759769433858	0.6671598988422718	0.6535489380851464	0.6690733874487799	0.6625338201513943
160	0.46649332501375906	0.06153875359180112	2.8275340403335223	0.2527803198659751	0.24349898378319998	0.12399601031145359	0.6871627133895742	0.6357378214637365	0.6830234921782367	0.6436356315595024
161	0.40917379074845406	0.06212190686982142	2.880034337597132	0.23033708627016294	0.21216879095752375	0.12496494426768068	0.6825755523572269	0.657555334874852	0.672181085517234	0.664006805718183
162	0.48044876465276365	0.062119276681010124	2.8732020816874053	0.24867887523876203	0.25157737181781126	0.12595719593734	0.6832934010664012	0.6477419338725747	0.6760343656538226	0.6566331038013049
163	0.44553422620057026	0.06249471977977779	2.8838843900788675	0.2369937349009567	0.2298969620015192	0.1261360524829585	0.6827413868201575	0.6528924579534056	0.6694316937723326	0.6595753188269043
164	0.48467248938083796	0.06147429539004253	2.8809760514491094	0.25532928730983645	0.24803814019356155	0.12706491177307186	0.6874185278304988	0.6454805355297939	0.6795243093685887	0.6538736894468947
165	0.3804931245085484	0.0679463124746	3.0394569885105662	0.21257801559916792	0.1992442865208133	0.1366910422991764	0.6798375052694744	0.6747630280019884	0.6697807741601759	0.679959050432494
166	0.4331308690359193	0.06377216121630526	2.908721408121821	0.23624331694830442	0.22326325667080277	0.1276825098194418	0.6964038002138897	0.6429281195237467	0.6778040340788141	0.6690934023737812
167	0.4687398699694726	0.06335777609435793	2.8893497332252336	0.24503623911458897	0.24506385419643095	0.12652103247312843	0.6889530076644341	0.6483878660367022	0.6784488078779556	0.6573812267089861
168	0.46225437923697216	0.06303322167077025	2.8982586877473593	0.24489594921819743	0.23750204606807915	0.12760051924488408	0.6953641923378913	0.643696249514969	0.6773300786933897	0.6610740038635948
169	0.4402014542609203	0.06332582152392323	2.8693549721552585	0.2480121998708342	0.23028464354916178	0.1253324646025793	0.6891388342732598	0.6423187682706053	0.6803619139800026	0.6555945912843567
170	0.5022125394069863	0.06076187671018164	2.8829800950931936	0.2587636068129961	0.2596553650936113	0.125900042632737	0.6822665633971107	0.6525846238002391	0.67456328365923	0.6538656263282269
171	0.5136528734289306	0.06080386426526878	2.8555867336581353	0.24826603529026414	0.2670592809645545	0.12380866744248893	0.6953691271066563	0.6398813116017383	0.6661838888803056	0.6608226009433118
172	0.48088647273500507	0.06309119625067121	2.9113693395636964	0.2419991601277078	0.24825587633002127	0.1277181634682907	0.6858370841489212	0.6466088931564324	0.6590101838490948	0.6689815624283132
173	0.4905064790578961	0.06072888739450691	2.8661710358947903	0.25799264496602325	0.2549243056297414	0.12415269189453487	0.6934243915368794	0.6504156685966997	0.6736480688090811	0.6562033331962162
174	0.4891877373393107	0.06267142096657821	2.882881169246809	0.25491000724608387	0.25356159679022966	0.12651998377366683	0.6919347962685619	0.6406368672498719	0.6776842738867929	0.6593410670836618
175	0.4372030666886719	0.0610512184643003	2.861900874963618	0.24391966104274848	0.2301331980101142	0.12526600157640258	0.7052994623153551	0.6407260309517114	0.6809175786676445	0.6513497242909783
176	0.4409153931421521	0.06256315579683992	2.8512220012719625	0.24146898673280476	0.23506823697111953	0.12507821399880148	0.6901114658065085	0.6339512475951415	0.6909621472106698	0.6500308989431428
177	0.5268622206823573	0.059871344881403436	2.8312034542204567	0.2639585891594557	0.2742764905864513	0.12328412905454414	0.6936630837155584	0.6362745694762568	0.6861296527697658	0.6462504707945133
178	0.5140343490428004	0.06076861673503488	2.84913315051472	0.26353196462626904	0.26842004904564404	0.12444731149805617	0.7048965301734244	0.632541964948574	0.6753706857353396	0.6562191180989944
179	0.48619070507770534	0.06270332912928585	2.8514397226498107	0.2604174811945399	0.24904326497588233	0.12436396220690524	0.7033861957668056	0.6344179356386918	0.6845599536652864	0.6579556034653308
180	0.4651526745364356	0.06081580356733181	2.824127509805285	0.2512248880561706	0.2406875921012804	0.12173873822990332	0.7085951314218266	0.6297814632655142	0.6816808772051277	0.6611654403633598
181	0.48192110410107414	0.06125151482602843	2.8625280357340026	0.25694881951637283	0.25698585359934467	0.12532531617108672	0.7019883010414281	0.6382968295102809	0.680190271910796	0.6541796823686382
182	0.4216994331022378	0.06237844054656347	2.8434365848166085	0.23296045342392582	0.21828809583667835	0.12469835590699076	0.6992118670901137	0.6348899684435896	0.6888366422142101	0.6452388958566709
183	0.5012175412217842	0.06061865875707175	2.845004210549528	0.2589122906818335	0.26082840089327736	0.12325257565533668	0.6942191161271621	0.6401012490999518	0.6922956317904749	0.6563482300807479
184	0.4991642561820108	0.05960207982303608	2.781876054379989	0.26457585975138204	0.25846811889120713	0.11984539239714208	0.7014205632786221	0.6245720253477459	0.6921691671543199	0.6436702572334818
185	0.5217624535918421	0.06100066643583075	2.8387631619899936	0.2640263839663537	0.267389942455111	0.12546839719722014	0.7024322052858532	0.6287898837425367	0.679097079330271	0.6405791408573975
186	0.44328216262022246	0.06342306226097287	2.8903727667554437	0.24267559810579947	0.22964185936308565	0.12742896917845487	0.695222873693247	0.635579681155337	0.6720999321161164	0.6644235697314876
187	0.4599914823658248	0.060063739414561106	2.804866839730743	0.26619764205319363	0.249810809175995	0.12143153426159815	0.7025095235934029	0.6301298214537621	0.6895456892043782	0.6444085730353283
188	0.5051663035552477	0.06068415205607412	2.8361092133188235	0.24796801154630285	0.26029060462568604	0.12440993296444051	0.712620139666467	0.6285494289358213	0.6915336393001494	0.6481377127911774
189	0.5171544089202982	0.060467113374608736	2.8229137225642242	0.2651858663455031	0.269946464451092	0.12287797503389511	0.7105066000251163	0.6285494375425608	0.6834393588593918	0.6498474213062908
190	0.5013390139195861	0.062129957164398036	2.842022453973926	0.26775327140658445	0.26174484602754344	0.12483350199042148	0.6986271284563297	0.6359575719696301	0.6963577374318547	0.6417386803755203
191	0.44020435843839534	0.06210937567123643	2.841516842828141	0.24170887349129572	0.22456650681636567	0.12480780474558009	0.6986299661111328	0.6302603665964382	0.6860201535954079	0.6472733605961423
192	0.5247907628093987	0.06018726841916199	2.832138176988597	0.26068734477911326	0.2680914338232096	0.12346319950440796	0.7109439771760662	0.6303429176729982	0.6854768020708606	0.6509215340418862
193	0.5444508422730003	0.058159982094961114	2.7864028829064877	0.26444881492082495	0.28105640689482636	0.11868757597600363	0.6999274177914098	0.632767245534382	0.6926928452222013	0.6494414315266211
194	0.5004859631132308	0.060320476170689745	2.8465857801521146	0.26105043662545435	0.26813392224147964	0.12315228839432396	0.7048352159470066	0.6403050722436826	0.6855926717879676	0.6564169098222259
195	0.5170026894291583	0.06045849070484441	2.8489109711790452	0.2653587567849869	0.26670249137113045	0.12513726020203583	0.7075994826012483	0.6341594143817486	0.6795077683141176	0.6442486779912533
196	0.4983364116797373	0.06084844682763271	2.8190340132100298	0.26079362368894526	0.2575218427494407	0.1215908342507852	0.7066388273252944	0.6309163167513461	0.6860623792282747	0.6532988771816057
197	0.511631487199128	0.06033838447109004	2.828370525921346	0.26550015348605777	0.2616595051551284	0.12308933734120382	0.7114057442385247	0.6269687837605024	0.6816528155028303	0.6517909474438862
198	0.4925266189512732	0.05944820799058442	2.7688086868633386	0.2758652434103959	0.2577308454173334	0.11807194265289322	0.70334645650588	0.6225207123487974	0.6981895942901347	0.647814320524798
199	0.4844868754726986	0.061372532405401435	2.8794434287619777	0.24280264610896538	0.24911925621043735	0.1260152916749456	0.7036334766151161	0.640211709571513	0.6764858914018688	0.6594666642713711
200	0.4819345397840342	0.06189297811996557	2.839869289027588	0.2580629118533133	0.2518035584221337	0.12324646778656569	0.701783407155121	0.6359621732356163	0.6850274230232903	0.6511825977851649
201	0.48847265425644315	0.058639927614516946	2.8084869412053353	0.25806225623647944	0.2553083692835662	0.12102412899556013	0.7022441202768497	0.6315869480998141	0.69892029015677	0.647279934233289
202	0.4959918535419913	0.06086896615891673	2.8256666904311882	0.2591247578432111	0.25216441115609645	0.12335055018731785	0.7175476679985803	0.6197637309014623	0.6903015358589559	0.6534584931690134
203	0.5417722876875388	0.0590597244982536	2.7996824005039125	0.27287825966092927	0.2788332192640262	0.12025552299215751	0.7124396345608661	0.6233227856780482	0.6818473152452159	0.6545641673096704
204	0.4628199595969173	0.06248981553028961	2.865841848437127	0.2676767365206529	0.252964209323263	0.12409909912165663	0.7076313023561734	0.6412244920309218	0.6812739158921001	0.6630316498132345
205	0.5249029882380924	0.06038828970334426	2.8911664419298577	0.25476410590133647	0.2686477513073648	0.12697359310234516	0.7112860414699334	0.6332501341663905	0.6876786096371648	0.6637073020320133
206	0.5153496772605826	0.059454321349126434	2.8303974094243642	0.25949588438430754	0.2665295808362521	0.12318822168089431	0.7133898433360453	0.629137452046288	0.7074089241984562	0.6445607336191919
207	0.4951687943609556	0.06001509200644749	2.8244835794495557	0.25613167076265964	0.2581635950424089	0.12117210724945077	0.7076582805735245	0.6296129752369932	0.6834421662019234	0.6578279941806078
208	0.45903338746439404	0.06069041251747539	2.845913415263554	0.24198932498417186	0.2400544418711897	0.1239661959812763	0.7120200520769493	0.6289446662644423	0.6896625387668945	0.6521363040694601
209	0.4308173418688585	0.060129481266875645	2.797910233650685	0.2556272356648479	0.2235099830790152	0.12031280803837482	0.712867584767307	0.6234972627359024	0.6863331680908583	0.6471889740788686
210	0.49694945775948224	0.05989220929509319	2.7908832350404205	0.2610485055841286	0.2560497806217928	0.12003183346127683	0.7214222589425715	0.6156747149031372	0.6809133499231171	0.6513083345210391
211	0.542933257593811	0.05867505631398926	2.803961975891158	0.2684351138556535	0.278317289437376	0.12075754643846992	0.7080985547644285	0.6236696069326876	0.6733398066837085	0.6496776976434988
212	0.5123147994141697	0.057979922256778775	2.7572539473963382	0.2703658175023673	0.2669927143286467	0.118035119800316	0.7170179855669307	0.6151837864422183	0.6902484309507483	0.6392424850029802
213	0.4837496618285411	0.059666125583002584	2.814798210667967	0.2665264556883121	0.248971805550592	0.12149331001388858	0.712212078650947	0.6298609530716334	0.6868037558641362	0.6471557991124545
214	0.5075417592758021	0.059201938537437056	2.79370520826918	0.2697771319707143	0.26212183161536257	0.12046577551000322	0.7133767615020348	0.6230563463478098	0.6929919655141227	0.642638715207656
215	0.5001641231982281	0.06265903219713519	2.843535008251524	0.26205834952748075	0.25928742947344563	0.12447732064296883	0.7172706010835699	0.6273279154605297	0.6897811474511439	0.6467608471309564
216	0.5078534929038521	0.0625585615838188	2.856671034004703	0.2586640028084934	0.2653200542821965	0.1258654163677879	0.7047267353474449	0.6310828094045183	0.6994783080757146	0.6415500641583064
217	0.5012405055485989	0.059113249085528244	2.804604955642249	0.2749458998806801	0.2622357201372388	0.12110164849990411	0.7171056728993882	0.6222391608851623	0.69750979361197	0.6456554836658268
218	0.549150564498898	0.05736361008057148	2.764849659988529	0.2832945160135139	0.28387836379083586	0.1181943648699785	0.7137523433505606	0.6113135729075303	0.6962499934531476	0.6463505990698136
219	0.5294279900246989	0.05904148330097428	2.79607432231898	0.2818397834985971	0.2791311532351243	0.12068767236416283	0.7241117886606275	0.6171600509743314	0.702449356207884	0.647366016801761
220	0.4987657820329647	0.06037142523979614	2.796604377683376	0.26883474015003367	0.25695759958862224	0.12077017765048974	0.7226846648891581	0.6215732268570648	0.70212321877052	0.6428220870173101
221	0.5307123382414967	0.05701104486160355	2.8039070343381076	0.2671966970838251	0.2754971825578855	0.11835830876024156	0.7187123887505656	0.64129296055429	0.6936910904621624	0.6526255333696491
222	0.4951398029013776	0.061051621236896655	2.803071686648485	0.2685646145289627	0.25611377549438236	0.1218197190098411	0.7223007919633605	0.6195582434285154	0.6997973048197141	0.6380438249432282
223	0.4462269046978852	0.060322984441270024	2.83745469998133	0.25237851104921766	0.23175121438800764	0.12362963227926495	0.7198163588891084	0.6268906957978798	0.6890886942287515	0.6459477108417117
224	0.5174131528487028	0.057532364974035875	2.762437196656177	0.27251678553153186	0.26759688377133267	0.11826135590771648	0.7210197864188926	0.6184499338011428	0.6940051853830667	0.6330542105101574
225	0.43298794935219653	0.06281032329878854	2.918947158324328	0.22234781092384576	0.22478471456581386	0.12968375894052886	0.7200697268714901	0.6366349322097176	0.6983375156126962	0.6550401804181912
226	0.44667904517631457	0.06392581768468764	2.8571895650323476	0.2470440584100809	0.22986188142981756	0.12529825186170984	0.7091806324942056	0.6215099594616528	0.6993764867403545	0.6515522016500392
227	0.4737634421113376	0.06165780680487614	2.8133348107242764	0.2538980902953781	0.24302233566407236	0.1229778569859014	0.7109203537302844	0.6159345185166507	0.7066506406125656	0.6367630700513598
228	0.4493483227018487	0.0611138951483522	2.846616948859819	0.2482489375874323	0.23797610513835185	0.12353582464065328	0.7200738501994282	0.6203839482384094	0.6991336975566986	0.6585568155590639
229	0.47359977544879456	0.06112478454670422	2.8495823332753814	0.25611138209230155	0.24229726839146187	0.12494729109562583	0.7184560325461612	0.6216204717243673	0.7006478979098686	0.6456376750925484
230	0.5241734195974566	0.058344159731410876	2.782586349208589	0.26663535555183177	0.2692596404916982	0.11939301930163686	0.719132108267066	0.6167049074001633	0.6938707721853498	0.6396429118067463
231	0.47019554986610784	0.0623820664037375	2.87218651991751	0.24796660822885827	0.2457825585798616	0.12685469277589792	0.7189857514542043	0.6276785173107088	0.6961040439252265	0.6425899463287528
232	0.5236357790219915	0.05858547781837774	2.80497562675867	0.2645774245850536	0.26955885814843955	0.12125771334268388	0.7249514018120264	0.6167368854983296	0.7057253522606995	0.6418235819882968
233	0.5382247034735222	0.05972952823981837	2.7957040109563325	0.2670662198662813	0.27929364571069554	0.1205148165810051	0.7216845162269854	0.6194081679839291	0.7093333177830001	0.6379844169763291
234	0.504844278265528	0.061097277081473604	2.845137798218198	0.2565211928433428	0.257935028517534	0.12349753820114007	0.7185274195345729	0.6258699529850644	0.7019331039565079	0.6499211058944725
235	0.5048051161996948	0.06038675415891106	2.806616428560293	0.26709213944181687	0.2609164145234523	0.12097326852133339	0.7283365797750313	0.6232658642655774	0.6996763726253118	0.6395414459568914
236	0.475183758876122	0.05945423522521388	2.7982836494047274	0.2510815674170348	0.24284121198794834	0.12027568822354276	0.7247095357005597	0.6150926219074847	0.7028507626636031	0.6479127405249504
237	0.49795002114734965	0.06203787792092281	2.8384253782003777	0.26247121272437757	0.2574151062855116	0.12432463506386894	0.7201715869316403	0.6152175159364868	0.7009641200218869	0.6458312217498162
238	0.48823714870532436	0.06096567015570388	2.7875567728894994	0.2662018067021185	0.25484225878273864	0.12133896235244719	0.7247031518914862	0.6053265141289	0.6930209969551446	0.6348596872533291
239	0.46382526138911656	0.06167274461164257	2.823381969546079	0.2488484507779661	0.24174927468689433	0.12288803086656505	0.7148593695235321	0.6159919798294852	0.7102623118123355	0.6451753934139833
240	0.4966974949226376	0.06029854548040511	2.7764140487764313	0.26006943577500924	0.2568481593781628	0.12017090908641634	0.7262253028564265	0.6070348403302792	0.7138770282946307	0.6349354656033925
241	0.5373769397151239	0.058008090876259	2.7486532863416917	0.27991192049636604	0.2812967899964799	0.11810050010562165	0.7398380941884282	0.604813199419908	0.7149449315932528	0.6313220501691698
242	0.5393017752185246	0.05920921873384559	2.764989259365489	0.27704794003808453	0.27669310958638826	0.11892184022479879	0.7235496012757214	0.6076124329769392	0.7121487271410838	0.6371321136452652
243	0.5060096855228929	0.058965847472763615	2.734151380697336	0.2762725148803288	0.2657860046471766	0.11672798966275494	0.7302351932824207	0.6077989879712989	0.7112723291590115	0.6286709104918216
244	0.528842115774434	0.05982359519710733	2.7844271612256204	0.2803543808971998	0.27020146386033755	0.12036991890322538	0.7179967928519164	0.6167837361769692	0.7088136492220185	0.6332782027345089
245	0.5061284724372174	0.05925639930221115	2.7940206469961515	0.26518827781519794	0.260318757470265	0.12034805064997617	0.7284792287566871	0.6172987168968628	0.6924735873155085	0.6426998749514161
246	0.5306085268504843	0.05793187312537887	2.7973435230003827	0.2647072078257349	0.270503917451887	0.11978576740952511	0.7218784981493502	0.628079724710039	0.7095990495404975	0.640683340168012
247	0.5097810295731411	0.06173801155687013	2.7837108043333556	0.27590620997888365	0.26416310714337216	0.1207015499123589	0.7312652698090277	0.6105947705986717	0.7062385077908845	0.6348232658406918
248	0.540606882137771	0.056551728617238305	2.7156479158140034	0.28323594512190187	0.278586727073989	0.11445823049835617	0.731095504852177	0.6104305795145251	0.7181052418495844	0.6293888610349172
249	0.5362334661137602	0.05725095516315143	2.755316873544831	0.2854333470117889	0.27882157142997777	0.11793380032650708	0.7322516084796391	0.6159116191006672	0.7127961662874001	0.6283639201164118
250	0.4307934891704296	0.06392230040083659	2.9805705588581652	0.23805704839606032	0.224071709980545	0.13147502106068806	0.7238320317535522	0.6520290173112251	0.6917202272755806	0.6747095616678624
251	0.38198292363998887	0.06913966101108157	3.08383784523853	0.19934855002810656	0.2009792376167395	0.1382347566688159	0.6990614633444998	0.6649734097685877	0.6869390498018014	0.6881002932985254
252	0.4652251083858283	0.062263195944559806	2.876497363136714	0.2427301570571091	0.24823245787496923	0.1237624307595132	0.7144834963615657	0.6376237826268661	0.7034003067476934	0.6511158966339107
253	0.48339726368355573	0.0619337104899486	2.8274045791402598	0.2610113188907545	0.2524372759797293	0.12088346756084473	0.7233810487438648	0.6230844766623421	0.7024785431966205	0.6457341249109044
254	0.477053602325843	0.060232696628373036	2.855617641577671	0.25098064318794955	0.2468945133486477	0.12353752247269305	0.7134833262980721	0.6284156475480897	0.7102331119239779	0.6428030223915607
255	0.5384533487080833	0.05877553722787711	2.7890140820222236	0.2842867016014101	0.2865716546383561	0.11918364345654547	0.73540324157119	0.6119584316248459	0.7165085859647057	0.637611760709525
256	0.5178753390955204	0.05735909416979104	2.7688942487677077	0.2782619109644047	0.27745315415125854	0.11760760674197084	0.7358405568323386	0.6115593966458559	0.7059414081820731	0.6355107072696173
257	0.5564465981465558	0.05778521425141547	2.7940817156591917	0.27102063043301255	0.2876685613752117	0.11877004457560822	0.7382675052292941	0.6176734644030205	0.7163991840203755	0.6438580500435442
258	0.4779015648359256	0.0625062586607286	2.8283476070866547	0.26419059031847847	0.2558157254451691	0.12380657889918663	0.7286663539090932	0.6078280364464407	0.7125149540451182	0.6383208037453951
259	0.5334506488056547	0.05883015177862375	2.7964242015838114	0.2689918987882275	0.2731664946198153	0.1209589015659751	0.7359855054079971	0.6086843964312347	0.7067956153750161	0.6342435527234944
260	0.48810014868189144	0.05913538117252245	2.7871019889104547	0.2587565572949129	0.25635298502973125	0.12015553252780917	0.7360406976957806	0.6062530387517204	0.7092325277187932	0.6367351901969093
261	0.4964039914554796	0.06059154075373828	2.8229682908782876	0.25972092157254895	0.2598232347676084	0.1229779822794021	0.7277076367677353	0.6108115372551164	0.715039106159268	0.6400725415786086
262	0.523523250912481	0.05681204669463102	2.719372400553391	0.2778147273397634	0.27145861287433265	0.11314497557799645	0.7360860478982432	0.6126025879211746	0.7165722984989176	0.6337203698206494
263	0.505396137286226	0.06017399474627435	2.8208960609801563	0.2624459012716829	0.2610420355270713	0.12189474314974762	0.7223632345264225	0.6193903604180755	0.7107268697983264	0.64077300198985
264	0.5356131706149363	0.059376518457973294	2.794630120147693	0.289655841589786	0.2772633860245613	0.11897572509038153	0.7307922468646952	0.617014333617665	0.7084281479877864	0.6451506529490237
265	0.5313138980167288	0.05940671071151382	2.8195363995176637	0.29425180124227646	0.27559847376608687	0.12066535837700432	0.7167286904410761	0.6268404879752771	0.709166778560308	0.6423692284332871
266	0.5278345332719576	0.05910616787038952	2.81567293898933	0.2661461927837861	0.2708175695080407	0.12094751445218099	0.735785512456893	0.6140060595590954	0.7029126355375003	0.6476263702312365
267	0.5204647374914076	0.058823783815279904	2.7906753958493176	0.26729004444347587	0.26878873378365953	0.119169913141103	0.7271878857279872	0.6144460659649641	0.7098053574864357	0.6407950395261603
268	0.5399896485546101	0.0589173426487232	2.7863430259771604	0.2788583862444449	0.2788397877062726	0.1170660227186143	0.7146742658341358	0.6237311623246866	0.7042469688670914	0.6476641562126532
269	0.4898237834163785	0.05843260820626832	2.7901657384730796	0.25076813729298647	0.2503533551635877	0.11814053805130005	0.7339562420135535	0.6181728100567255	0.710692261309122	0.6466059365312502
270	0.5440728802806859	0.05789514332325543	2.7794794419169078	0.2953049139048635	0.28677777700771895	0.11768617564284296	0.7337893795373353	0.6199299992558674	0.7104150316832779	0.6389506554187915
271	0.5455088095994194	0.05920823581719021	2.79413152788115	0.2812218962719957	0.2890803618257139	0.11994442791004495	0.731132942016566	0.611197549650445	0.7082130395456132	0.6403208936517277
272	0.47827101486711615	0.060900683867025476	2.8399157786197984	0.2522070858493152	0.2533867299030884	0.1228413488691098	0.7345027486762961	0.6216139692970816	0.701075356927461	0.6443086031954245
273	0.47476953961053314	0.06042180524676412	2.773755544197188	0.2666931849116707	0.2499633854050024	0.11954395616184628	0.7342182620641932	0.6029284625714023	0.7109717186217217	0.6299273269050198
274	0.5381904047960011	0.05776263146478031	2.777913971692284	0.2803850441012276	0.280453757257011	0.11869454758659716	0.7329255612872645	0.6090177272763505	0.7051965023576571	0.6379148488289693
275	0.5218024958266211	0.05689605657013254	2.7124702500827396	0.27455337243112377	0.26729408760734846	0.11331361233751794	0.7283641670663688	0.6051696687659146	0.7158968869889016	0.6310665651081026
276	0.4454350923017035	0.06147408175599727	2.863088543915768	0.24994968596435965	0.2390375043597033	0.12333157590853429	0.7295418457496742	0.6292989656333121	0.69797634370703	0.6536253742360041
277	0.5152097997075125	0.0591036433322786	2.7655038357034845	0.28249704506365797	0.26795501159312035	0.11787985758555992	0.7327847132552183	0.613691157020087	0.7114037965613017	0.6261270006095788
278	0.5069984667360494	0.05747208802145007	2.7583477732219497	0.27771371524684985	0.26698382356917905	0.11596787254984689	0.7276180244569399	0.6101920129312364	0.7214817842372243	0.6423052053423616
279	0.500704315600485	0.05795544331969179	2.7729358769871943	0.2725162290816529	0.2699227736572381	0.11850762811566497	0.7308934817870791	0.6075953085482169	0.7128529790231629	0.6336261115319747
280	0.5569692722847532	0.057144746278547244	2.763152313606835	0.27831232360309033	0.28519580027865615	0.1174691867570167	0.7364149170440889	0.6093931203514202	0.7127740882882689	0.6329179234903862
281	0.4830758946248502	0.05921014286785929	2.7936708472464864	0.26785001761970767	0.26168642334942954	0.11958332799051809	0.739634623658114	0.6091286928484914	0.7065234073446158	0.6425304659065935
282	0.5045002891883735	0.059456922552164865	2.78106583056375	0.27224006996248235	0.25918368482542614	0.11914967575886638	0.7343973398168684	0.6085124298283671	0.7137086178985342	0.634905592935784
283	0.5038678220245437	0.057609451818434854	2.730034543283131	0.2609888630381839	0.25934216953292455	0.11477291092201215	0.73694237761373	0.6067115451733038	0.7215520569776585	0.6298495107646441
284	0.47823340346526394	0.06027336290221694	2.8037269502235658	0.2641346048950697	0.24580935949679394	0.1203991487406101	0.7286107841409959	0.6103098762695353	0.7013380177430155	0.6429536515866184
285	0.5177840242621788	0.05836203787203145	2.7381676728020397	0.29290390397868726	0.2679414166663686	0.11489282334448969	0.739539787855775	0.6072521861766544	0.7115988568812289	0.6359092654987063
286	0.4934020412853719	0.059516465750720976	2.780978934670307	0.2611302740343789	0.254433080385265	0.12087575919253889	0.739881511668005	0.6014520912085374	0.7237380099922289	0.6258953090262344
287	0.5016206359948588	0.05822649809125576	2.735037515098058	0.26650470158361655	0.2662278384130861	0.11574529451986149	0.7397818730206455	0.6026756948602304	0.7223697963092004	0.6312117646404933
288	0.5195427542680534	0.056489575112628705	2.7095320004239056	0.28299992894872217	0.2706324367915713	0.11414985457176949	0.7381607319206694	0.6010462453240311	0.7249685408293135	0.6241766853569859
289	0.5212912695531967	0.0575527041277429	2.7318764084160314	0.2667298994431727	0.2680680162121663	0.11678174849711646	0.7409342984100146	0.5976007896311143	0.7281688426499835	0.6243190423411704
290	0.519173391325187	0.05961225358761861	2.76979466435882	0.2686196492655231	0.26713877477548903	0.11977540425230428	0.7447558737729927	0.5954127123905111	0.7169809036981964	0.633352845819954
291	0.5268689064238823	0.05735037609635356	2.7162456469298486	0.2780905655665521	0.27551080618263385	0.11476787533199562	0.7485608059790293	0.5945914955033816	0.7257120066790681	0.6300525085022388
292	0.554199229168124	0.059720244520413995	2.775723395526552	0.2853280834867335	0.2891671952899043	0.12031303098366271	0.7424496068944219	0.6028430949730984	0.7242926047977517	0.6263225774499118
293	0.5155176610546919	0.058683245625502575	2.721674721895268	0.27400185964641577	0.2667429349413204	0.11567760970753846	0.7353509219905112	0.5961980364298548	0.7266388994344671	0.624870435422743
294	0.4967024721733969	0.05894378687673771	2.7594801241138813	0.26911721497093405	0.267001520681158	0.11928990591463175	0.739913474793903	0.6012726309199837	0.7269562148562633	0.6222983759659099
295	0.5148893510783549	0.0598098386038419	2.8199930596865648	0.2715823122749579	0.2773419225975133	0.12302266261601086	0.7383768889104491	0.6029680607275726	0.7123854518910865	0.6416331227310548
296	0.5292668799031484	0.060967560335478156	2.8269172188827643	0.26473689589463884	0.27429916055729486	0.12308507928778936	0.7298363727335798	0.6057380623550278	0.7149634004317758	0.6428475641715644
297	0.508943065655399	0.059547763265766517	2.764395408945132	0.2560939086280172	0.26377146822582637	0.11857281870186123	0.7404853197271152	0.6026660445398366	0.7169119297213203	0.6290276480111348
298	0.557121845214514	0.05642845962937284	2.7238625403823833	0.28692355264693997	0.2917476610710239	0.11428240927901552	0.7419136238377474	0.6042046623325805	0.7216819649413863	0.6309097133436068
299	0.5480007713342715	0.05773789296707543	2.7688644425742703	0.27462650727584575	0.28468051014471807	0.11813218658901543	0.7351903333526111	0.6044233848051026	0.7158517328295947	0.6374452273468721
300	0.520772071152897	0.05947694530582171	2.7906975515161005	0.26967890101434494	0.26984005213086837	0.12031913378060514	0.7366443769793504	0.606013604561509	0.7167816366763381	0.6358818194556497
301	0.530153369550538	0.05754089467663745	2.739020909373355	0.2697036489074704	0.2729096007524455	0.11703155796091418	0.7428002714543127	0.5951918608843407	0.7199188762604642	0.6277269171072443
302	0.5059294018354128	0.057735223373924206	2.7363474251648388	0.2672806127282392	0.2607684780157129	0.11704331456659035	0.7465104985168667	0.5964329447284924	0.7124850467439907	0.6243240063752714
303	0.5935453687827217	0.05450676059331036	2.6805386740633996	0.30421892878931833	0.31601347628680043	0.11208390758841603	0.7490590450654505	0.5946018967558356	0.7184016117055545	0.6201676147270304
304	0.48980915968853067	0.06031534403695415	2.7593102769899915	0.2652469382923042	0.2537207968440226	0.11931590559315516	0.7378973493420231	0.5913889297017209	0.7108720455555324	0.6291377641972564
305	0.5056332570109956	0.05828248432646303	2.721723396377675	0.2710259571286783	0.26008759928411934	0.11576974216034541	0.7509497737526483	0.5925429934496445	0.7288681162498424	0.6263091543316048
306	0.5089966077212604	0.057328414040800336	2.7503360245562245	0.2705366349958126	0.2632654803874537	0.11645778519936087	0.7279146283607372	0.600851725557874	0.7080070099316351	0.640192829296568
307	0.46117336164079203	0.059872170777370205	2.7718915961859296	0.25597418892838086	0.24056138336252864	0.11886965255467442	0.7405827518273193	0.59943345763406	0.7176542255757747	0.6390969205210429
308	0.47489850606350387	0.06289030561242961	2.92899321246915	0.24442173213882007	0.24370663463271894	0.12790214394496607	0.7277458287684779	0.6361642512102409	0.7057809324493625	0.6627014639262097
309	0.5313478552665853	0.058683808910813394	2.7698586998006145	0.27364193517606517	0.2729410730744521	0.11854905046231098	0.7428198244952137	0.5990662659248964	0.7187484179517094	0.6332813738221845
310	0.5435718224887702	0.05815383521326844	2.73291611585777	0.28357086704930035	0.2839916948246663	0.11586589910762247	0.7468601927873725	0.5931983610909132	0.7213781652404199	0.6291962873040916
311	0.5409592526424274	0.057894166053781206	2.7594260978102207	0.28481059392682045	0.27977260032237805	0.11815058318801405	0.7254886989067002	0.5988377395988558	0.7195156700772749	0.6265576854011052
312	0.4253505929642549	0.06644621815275632	2.9726879809300635	0.23078116037248728	0.2205555404144711	0.1318521828514355	0.7126510944780514	0.6394925014370453	0.7018548442131843	0.6552941163058353
313	0.4760588357025846	0.06120638061083788	2.8457168505043944	0.25393497171246804	0.25117782146175566	0.12354456426688322	0.7339580663479955	0.6081175383240865	0.7083266465088393	0.6414902402994828
314	0.5327308060575221	0.05795247782054482	2.779201502269464	0.26401523381431485	0.275117788942657	0.11823983038712411	0.7318523506308001	0.600479903097701	0.7209400864885581	0.6368104032071499
315	0.5345003295463098	0.056508685558110214	2.739807178722216	0.2806693695021164	0.27609758177158356	0.11513675003946383	0.7430592612912108	0.5991527175281414	0.7161561085949416	0.6313480612268338
316	0.5410770631268099	0.056352679221822695	2.711225388244901	0.28532286399662526	0.2802717667686379	0.11509672438912738	0.7448588622287493	0.5922947406197661	0.730416263361295	0.612606681349876
317	0.5314989810841051	0.05593386348926913	2.6871690097437724	0.28501917967119095	0.27632322188750236	0.11295181102723494	0.7447232322686941	0.5854696691401119	0.7274169343267085	0.61857110952836
318	0.5208727101269591	0.05870620195999531	2.769345207039206	0.27189902377993896	0.2701995948417905	0.1175749274097147	0.7442059035509645	0.6015689611942615	0.7298899274333449	0.6376863428814664
319	0.531777908852567	0.05910695114217367	2.7735646284099333	0.2791031042615834	0.27227430791377033	0.11817179786153921	0.7411500460875944	0.6049826748476785	0.7150818749073832	0.6315456083362204
320	0.5113092156520095	0.0580077978157921	2.788022475703333	0.26560918880323636	0.2637491894681493	0.11914640172645707	0.7410089570171563	0.6048536509442018	0.7154228351885071	0.6366022527138541
321	0.5549184898451786	0.05790921647794741	2.7579440138014446	0.29147534191602753	0.2851895275480422	0.11717951197215842	0.7434869726042013	0.6005972867510818	0.7116086617633927	0.6296835192854746
322	0.48937510833576253	0.05796212866349061	2.765778552733871	0.25628800150562836	0.2522720262317424	0.11864828998369202	0.7396110007701671	0.5987954307164097	0.7139241395161904	0.6257701611261848
323	0.5477547204005302	0.05607645961735869	2.7260102685982157	0.2786716851246187	0.2884081466705127	0.11516250949873548	0.7379540551818761	0.6006273772683524	0.7298659062054689	0.6197332723013163
324	0.5073285208126291	0.0594852777698199	2.782239449541398	0.2658588989199768	0.26170257901937677	0.11988751708941635	0.7430981592693278	0.5952820640819835	0.7185750574370722	0.634044096988346
325	0.5372401036601558	0.05870947343368447	2.7570570808222294	0.280611127876313	0.2887897568634132	0.11754546906339985	0.7401075250591829	0.5976812762166389	0.7192665607169607	0.6300156440765324
326	0.5094417221601109	0.057558595734835065	2.720078260650462	0.2781312842696575	0.26209480450440775	0.11556937178561653	0.7530860864138498	0.5889309686661909	0.7197059851037831	0.6225226103926327
327	0.5537589937141452	0.05793603777187379	2.7088124804081737	0.2958962120468331	0.28525598949825126	0.11451003881553593	0.7468112622695569	0.5914343180636126	0.7333201476137094	0.619773932894018
328	0.48873345624460607	0.057815208892782445	2.7361087855234216	0.26654632380388654	0.25224560665475915	0.11744152836348898	0.7473484314831498	0.5913079430646391	0.7360223514190746	0.618656459825928
329	0.5401244989383204	0.05646636373159422	2.690808172869435	0.2775805780850885	0.27733736260642144	0.11409553517839091	0.755455937616755	0.5875556186646707	0.7349796543451498	0.6118687546043787
330	0.5703419810321732	0.05672531136422398	2.7280213800490714	0.2951280628544046	0.2932021323116047	0.11584534961308829	0.7409252253990252	0.5982918863938088	0.7330714968980906	0.6219683228289158
