epoch	link_F1_0	link_loss	loss	relation_F1_0_1_2_3	relation_F1_0_2	relation_loss	source_F1_0_1_2_3_4	source_loss	target_F1_0_1_2_3_4	target_loss
1	0.013206183430880333	0.3872159756154877	13.86577263518093	0.014782063560431097	0.01953419667360839	1.049842688023235	0.18434966776391343	1.6051623652455398	0.15764419312326733	1.6549910035163822
1	0.021864251244415163	0.33094139696595387	12.899857210167424	0.01958073711443757	0.02577310809601715	0.9520410178767134	0.18100760892521275	1.6341920952895934	0.18491302936990245	1.638431003999926
2	0.0	0.1356394040386649	5.879661708681514	0.0	0.0	0.30104051016931493	0.15556775097163636	1.3833655946617085	0.1596428211692707	1.376367004113785
3	0.0	0.12526506369664278	5.457016976424789	0.0	0.0	0.26363958049509034	0.16791995767323162	1.3557023869602802	0.16311737124020587	1.3559075150840105
4	0.0	0.12106138223567509	5.331423679691444	0.0	0.0	0.2530337715219525	0.16541558381510318	1.3480237832023705	0.16591168930498093	1.3447539234592905
5	0.0	0.11805307735050172	5.230544549720161	0.0	0.0	0.2452845279110503	0.17620405172741904	1.3362081949781286	0.1698862362374103	1.3343031036431783
6	0.0	0.1169012889547617	5.089216947365163	0.0	0.0	0.24219967481983384	0.2133544639675861	1.2770293751612032	0.21120421515077617	1.2845290520104253
7	0.0	0.11639307144338189	4.937252609787516	0.0	0.0	0.24092223589839787	0.24897986556213006	1.2090747315007255	0.24877582064476605	1.2147027275522306
8	0.0	0.11422491873103092	4.830014131727261	0.0	0.0	0.2363247816565667	0.2539476580767214	1.1849270330200115	0.25216369057695354	1.179206504446095
9	0.0	0.11357376443275213	4.745056790115036	0.0	0.0	0.2352573577139109	0.2610238385302249	1.1528809954265282	0.26438855107019804	1.1386560564159174
10	0.0	0.11439039889254055	4.686811718656434	0.0	0.0	0.23544532757094797	0.26525948687325956	1.121412294609673	0.2711945595057468	1.1113048329897819
11	0.0	0.1127377722044479	4.589634867212003	0.0	0.0	0.23082213707234525	0.27173709678000246	1.094770981620086	0.27713040118551635	1.0883211601215186
12	0.0	0.11243390498966939	4.542866052672493	0.0	0.0	0.2310409223700985	0.27814936935408163	1.0728300689445203	0.2855139202708056	1.062700550552058
13	0.0	0.11025619419578672	4.4559965178723475	0.0	0.0	0.22653649923869323	0.2813541680609842	1.048408988263336	0.28828878567900995	1.0465124600629143
14	0.0	0.10946173814123128	4.400126045836012	0.0	0.0	0.22534863178419692	0.28836965604613346	1.0324027101378634	0.29900309526015	1.0193084961307597
15	0.0	0.1102204083214423	4.3826403243128595	0.0	0.0	0.22569223783071415	0.29423638860152523	1.0208473032400396	0.3018737448794002	1.0105693419150352
16	0.0	0.1085988644640402	4.319984507395734	0.0	0.0	0.2219634763926212	0.29276930103801035	1.0123092932668747	0.313820058329396	0.9941643139038563
17	0.0	0.10888818358828452	4.2825599500464735	0.0	0.0	0.22154481234641224	0.3084833068531733	1.000772702644758	0.3434656796068157	0.9727745641013996
18	0.0	0.10837591904626269	4.281652015290553	0.0	0.0	0.22135927311189638	0.31030176928987374	1.001242605944025	0.40666362465900874	0.9728841834049895
19	0.0	0.10890081038389683	4.204510196650761	0.0	0.0	0.21966528580572367	0.3237705748257122	0.9779193641373475	0.4509873134662528	0.9359965446403378
20	0.0	0.10758150323218	4.1604108982400945	0.0	0.0	0.21889833367851336	0.34123068306607507	0.9634801145402047	0.47812145990089644	0.9138168876146363
21	0.0	0.10701993133427537	4.111041090607103	0.0	0.0	0.21747237043928713	0.3681248438819544	0.94644779127933	0.5199409524248205	0.8954474629082196
22	0.0	0.10632836693956842	4.058653021417211	0.0	0.0	0.21562381199788375	0.3786577889299356	0.9326831191452951	0.5384669657777563	0.8755292821856995
23	0.0	0.10533719180840459	3.9917685983661393	0.0	0.0	0.21262300721874636	0.3984190053923697	0.9076161498492913	0.5434828640390014	0.8638793114004599
24	0.0	0.1057760374189724	3.964757237118357	0.0	0.0	0.2126885826422047	0.40998798981090845	0.8901650152658255	0.5541447808676432	0.8534280672760635
25	0.0	0.10425443648161614	3.900607879123124	0.0	0.0	0.20836609331476966	0.4165741154611419	0.8806047452346486	0.5565509119734051	0.8416204395083503
26	0.0	0.10180691216564382	3.8701367432493017	0.0	0.0	0.206701620719139	0.4279011898782408	0.8681219821363997	0.554827900730997	0.8396015411001397
27	0.0017511170468864554	0.09888598986519344	3.795740919129659	0.00046210029344402197	0.0	0.20238184423198527	0.44534746806018877	0.8517009607093081	0.5594553037637194	0.8241610820857584
28	0.0	0.09976867802583905	3.7686710491566258	0.0037232083509120663	0.005545204137461949	0.2009116612694065	0.4532777187302661	0.849355294558797	0.5626595440045156	0.8134114094512844
29	0.0	0.09918368512668888	3.800713407983798	0.0005941289991675454	0.0	0.2017713529309409	0.45187284533123223	0.8608310229368339	0.5642108312383092	0.8237208901630109
30	0.0	0.09885959029653811	3.743876674532541	0.0	0.0	0.19836064667850217	0.47649298333481943	0.8404516357753008	0.5615806650525923	0.820017290283525
31	0.0	0.09730374533112915	3.7189981350405024	0.00495832617174604	0.0	0.1969324208524337	0.49390342323699327	0.8377534481544332	0.5755813871592473	0.8108375516380755
32	0.003327122404844318	0.09571417276929724	3.6980526487593135	0.0018875020946107954	0.001663561202422159	0.1942529656956781	0.4926460120709266	0.8380752918978527	0.575911153016119	0.8145968834865845
33	0.0027726019994159285	0.09574857561548863	3.684997359615455	0.005233286445177932	0.008317806344823018	0.19618121221451357	0.5246335429216225	0.8221402801523698	0.5754186996754684	0.7962571592257319
34	0.0040400771907745355	0.09390760352004628	3.6370520088182094	0.005314153952231587	0.009242007008727769	0.19156764648380767	0.5229328460135544	0.8217883417588585	0.5872003793332048	0.7928547258623934
35	0.0	0.0938250858625231	3.5970654933732464	0.00043777926172161385	0.0	0.18923863221434858	0.5228965986898205	0.8158716587808369	0.5898162183689716	0.7809003733052895
36	0.0	0.0918891931293269	3.5648283855630134	0.00533264468507841	0.0	0.1851123362989828	0.5312329041952255	0.8112026354655453	0.5748808349082991	0.7934235473452713
37	0.0	0.09337024920884522	3.595812296626223	0.004871276321943355	0.0	0.1867322469899113	0.5325537391109026	0.8235588240391846	0.5843815272049863	0.7936657849845018
38	0.002079451495229756	0.09005151205568006	3.5365132312683274	0.0063318198860004005	0.0024260267473228425	0.18310236002945474	0.5432584445222303	0.8108945155527669	0.5937510033563042	0.7816325038996725
39	0.012283509496155965	0.08985326091005569	3.550732131362247	0.012507447384107721	0.009793932336961839	0.1839256974763619	0.5469574179601385	0.8171774855169617	0.5903633092854792	0.7792810853694645
40	0.00447749379427993	0.08885561971160955	3.4874356266409596	0.012241590843918796	0.009426458206392402	0.18061874455670457	0.5336323581995829	0.797868385201031	0.5978315545069846	0.7664666677730211
41	0.0032634451279836235	0.09028228610061904	3.5070050464274245	0.0051033369321993784	0.0026462957360628286	0.18213378360392346	0.544234953555941	0.7961054520940793	0.5901845786654891	0.7709016553940594
42	0.01722841984801016	0.08912646364235231	3.495472391520468	0.026726251949251538	0.02726686985224166	0.18025168791980478	0.5448866672355596	0.8008705821559566	0.5884966289050092	0.7712689978679127
43	0.002079451495229756	0.09008984066920774	3.5103409189412593	0.006865685067466978	0.004981455657045679	0.18107272296378452	0.5258382214027203	0.8043619585792403	0.5744985466471894	0.7723584028596983
44	0.004436163191671881	0.08667810894806699	3.4162072354820077	0.0158012865088824	0.013447119815031737	0.1740001167746056	0.5602189987835295	0.7896019069635078	0.5999315463159289	0.7618122711472287
45	0.0	0.0849987237466589	3.4192282620788665	0.013285780168709582	0.007714642543621339	0.1748997242117312	0.5750704677528673	0.7870281774978038	0.600198833860407	0.7568818588332353
46	0.006856858011962884	0.08787994877065167	3.421574527417087	0.014802594316588103	0.007515316174022777	0.17513513615831341	0.5846855700672192	0.788498008301958	0.6160937128266046	0.753262780148646
47	0.0077483247217925415	0.0845084145371667	3.3781407844331754	0.02398186682043043	0.02170981228475853	0.17074719704102576	0.5664628157696883	0.7806915557777941	0.6031430302631766	0.7599717875665447
48	0.008090462503134933	0.08215135408702733	3.341308510395514	0.03943940389419433	0.03066398129269637	0.1679395873794649	0.5912249044243668	0.7772899068731369	0.6133674035040911	0.7528660524262689
49	0.028788030488795035	0.08325281194471951	3.359654820628518	0.04032556075879182	0.037630107537209495	0.16943028041513353	0.5802663696067434	0.784487641973003	0.6069456005634227	0.7466166513236495
50	0.045061439163591024	0.08425727503665242	3.3899525293556336	0.05013544269516453	0.05664040545822654	0.17124313988150483	0.5794576630174889	0.7866966493084674	0.6137257709721435	0.7545711614602038
51	0.025975433157739387	0.08260573338273995	3.32693390491512	0.04910531012460527	0.046423572349950766	0.16783532546473717	0.5848673701353436	0.7759263400213497	0.6187817498586075	0.7345218074299535
52	0.018059826925989206	0.08420625186580069	3.399020129262941	0.0350832580358969	0.030272487558296146	0.16973763765875793	0.5673606807992564	0.7981329187532673	0.6075644379862688	0.761187950220075
53	0.02289596489434556	0.08192457110413551	3.352570267062508	0.051181977972648084	0.04938151173074294	0.16636500532084683	0.5709749606942461	0.7815696272264302	0.6068152453102209	0.7625241404062642
54	0.023975015797019543	0.08203006900067591	3.339618627556087	0.04537785132722677	0.04064587717279606	0.1665972157279592	0.5804723714033474	0.769961587642462	0.6014530532011647	0.7568446172578303
55	0.017259604639330704	0.08259559255306521	3.3086212793499477	0.04547396030755205	0.05055030614991998	0.16479269874728136	0.598852234065997	0.7669481811670664	0.6057301086144382	0.7445670594583967
56	0.048608102074414794	0.08219568299747843	3.321380440783304	0.06902572498921798	0.06453092701646097	0.16552503868969223	0.5851794079147182	0.773059013202719	0.6054757821452833	0.7422002571311948
57	0.03682714416016719	0.08094308754324611	3.328893319482273	0.05014557056126208	0.04938665971479898	0.1643070206968255	0.585642227839076	0.7798042520741881	0.6022936339611009	0.7516103267812463
58	0.027293137016001872	0.0814447878957358	3.3360452155404374	0.040906549669030574	0.030514453234423145	0.16517308997503455	0.5926609400921159	0.7739390162654401	0.5993432417032679	0.7528223244392526
59	0.03932805192918194	0.07877525331198154	3.257517626192267	0.07278443173437489	0.07652787682163367	0.1604531301160204	0.5954485936383618	0.757240645748077	0.6115849604289616	0.7366762379715346
60	0.11134914029662348	0.07925676449980623	3.2731503928504093	0.08969398150520265	0.10440378115804985	0.16069281163298452	0.6018507637001989	0.7649064164530384	0.621159511510318	0.74002590424081
61	0.07115936619363007	0.07864311549069877	3.2397747923155746	0.07713352227199183	0.08537983600757751	0.1590992500075943	0.597952394253573	0.7568175328644089	0.611973867094728	0.7291859159182131
62	0.08805840567136747	0.0775302710695282	3.243598269883197	0.0807891655673908	0.08779123101862028	0.15867572980998582	0.5970557193933627	0.7588903674157275	0.6205338589125634	0.7341242184704341
63	0.1563174685420569	0.07759048582999384	3.2511269708627837	0.12143170346048195	0.14614845897672268	0.15913006256386292	0.6039718288308973	0.7597289265614099	0.6200152494864974	0.7345550788711733
64	0.07443624948727544	0.0789522526511565	3.2605010478903327	0.08811644492274696	0.08436424928263049	0.15881482810515782	0.5995552591463061	0.7534348279404329	0.6084355724467349	0.7505222940686094
65	0.10843445980656902	0.07843329698949981	3.2092262111447547	0.11428431297954675	0.10050660778452057	0.15594053151230244	0.6134229532636281	0.750833260257859	0.6131104971690133	0.7289175140768853
66	0.10121631864482637	0.07695528678645598	3.2202994748573213	0.11427958719916127	0.10593215220308198	0.1561426106916722	0.6008002566647052	0.7544437856124632	0.6202600624267952	0.7328863615348106
67	0.08270738518693987	0.07651176511604782	3.2218127564797543	0.10617297711870759	0.08279542725604337	0.155626121638722	0.6003048648389291	0.7539581458619975	0.6141931224259592	0.737916052952262
68	0.12005080948799274	0.0767060746308659	3.209074883598072	0.1219268623112019	0.13341071264433313	0.1557015235877145	0.6093098867326241	0.7470143800455108	0.6185559885574675	0.7296573441809785
69	0.18067712000782857	0.0737249704307386	3.1371517630057477	0.13806642895007007	0.1695163697962505	0.15049069105591234	0.6098304302810406	0.7411927569252016	0.6274489241819602	0.7146548814427068
70	0.07702860833563416	0.07926327333207266	3.2623423084097083	0.09479602380156528	0.0814313043758533	0.15800218567319585	0.6181882212999638	0.7662929595230678	0.6248218086194169	0.7361648164675659
71	0.14454449814275108	0.07559585039763413	3.17182780349702	0.11927027139897074	0.13021364602929889	0.15317425081129082	0.6141765274983213	0.7413215427630945	0.623163506774573	0.7171189919300526
72	0.10532572790119457	0.07659688042533788	3.171573552483728	0.10380053993762761	0.10858925742860477	0.1523162337088953	0.605225171532354	0.7453234437411854	0.6259746770692682	0.7200935378825376
73	0.097628553060509	0.07399561075706383	3.130306478729583	0.1302001222501172	0.10350675408698383	0.14847892160793394	0.6140083190309675	0.7375062557414773	0.626798449214597	0.7235401980033541
74	0.16379262437550007	0.07419916470766877	3.1572050300404717	0.12719525486857192	0.1274986772879166	0.1490226833535012	0.605169378658721	0.7532171780818125	0.6202159695382455	0.7271669255725748
75	0.08923102940772071	0.07813246615254835	3.237205671508927	0.10403431671066822	0.07755547728631171	0.15669569558750798	0.6190255883588769	0.7515922155442439	0.6207490265294711	0.7288987536696255
76	0.1527912333841742	0.07421398255651797	3.130381696618298	0.1504548954317114	0.14384952546985172	0.1473741958863262	0.6082300118772351	0.7403929636362293	0.6148420288061486	0.7251326222352471
77	0.11824660921048874	0.07308290131134272	3.1462621354409475	0.13164095422935512	0.12246406179058238	0.1480787814532089	0.6153903867246214	0.7436272468946384	0.6210385340620317	0.727660114631267
78	0.15679678247334847	0.07523156022258838	3.1801652130624984	0.13015293324543606	0.12031265491576754	0.15065308632802576	0.6048183731386736	0.7483279276852408	0.6276272770848629	0.7287621310266815
79	0.2678617062445463	0.06999195496645147	3.0822104283841263	0.17274883360736257	0.1910322864867945	0.14309801111612067	0.6157033408668598	0.7388135656210727	0.6218573536427996	0.7153992124827961
80	0.1252324780480423	0.07412782410397185	3.1999115064990056	0.11380198864412323	0.1154235614839562	0.15165985522393632	0.6092148131809068	0.7489992497542897	0.6051198093639653	0.7350222167735218
81	0.24369260754409822	0.07267030044554244	3.0837112652167127	0.17743704351001238	0.19008949227713887	0.14410404845505026	0.6177407721452244	0.7273016795377196	0.6289224571942924	0.7149508416906519
82	0.19281990599178905	0.07262102785102065	3.0911831592415635	0.16535480040882092	0.13685411200450345	0.14504197189901177	0.618204432010734	0.7282169326715466	0.6292743480194646	0.7118979380078096
83	0.3156614239366918	0.07012385353723644	3.0501262187196247	0.2080381421197641	0.21133263177762523	0.14089515408323044	0.626715202188545	0.7297205834636861	0.6144065742418605	0.7103225032890418
84	0.2476469546358984	0.07259043308739924	3.0747847301642057	0.18023008631662926	0.18325986259790986	0.14335560632757058	0.621510908573133	0.7246047497699957	0.6139078641235127	0.7150018437923444
85	0.2731018854322627	0.07136436603271266	3.0805968796918135	0.18426949638249301	0.20028424129547498	0.1413456200532038	0.6068250667396935	0.7431666841762701	0.6168340540618082	0.7204137339470137
86	0.1970254448690927	0.07058036634150673	3.0885623277169705	0.17660085856884739	0.1641703407347874	0.14312036860697536	0.6118689465756887	0.736595624664663	0.6229121906391589	0.7164553399729481
87	0.26653841858333505	0.06951766326182664	3.058670786996455	0.2007410002388918	0.20763726342184252	0.14084986263143912	0.621784899326698	0.7301539610064915	0.6301978881063754	0.7140086129018212
88	0.17316952295766316	0.07298610569938466	3.1247829710640804	0.17244116069890084	0.14311839795845677	0.14650641599189643	0.625752427304628	0.7272499431740708	0.6220548161303902	0.7233184404534357
89	0.18660104454538975	0.07121535117639041	3.093700120225053	0.16384575242325045	0.14696125774563035	0.1442348241086158	0.6244629611743749	0.7231634673299325	0.6218818194064499	0.7174705840708697
90	0.2624510817514192	0.07084822161224791	3.0618417520677914	0.18584178185942882	0.17266104985995312	0.1408949981217756	0.6322045907451564	0.7300818707275365	0.6249117050423658	0.7104745803756348
91	0.3177311894683502	0.06912243980512772	3.021126574425422	0.20682936147884065	0.20601360740944438	0.13816509378485486	0.6309858671030384	0.7182608297412497	0.626385970259046	0.7085859299594492
92	0.3271451783056209	0.06889981788325046	3.0275175144674296	0.20463208119728502	0.2191654458626795	0.1378209020794707	0.6208758294791692	0.7243859598555399	0.6271183629457416	0.711633175992255
93	0.28242108160311763	0.06855031864711157	3.0157342649439025	0.18691785237459638	0.18653498754673412	0.13853952576874068	0.615659032920157	0.7158271282681259	0.6335418109897436	0.7004542354893932
94	0.4167854464051128	0.06622518579598782	2.976342099601993	0.23549366997230112	0.23992413621554196	0.13411704766459215	0.6300115413864468	0.7196775668394638	0.6327462750332201	0.700655491809944
95	0.29220455575841275	0.06922173980323042	3.034716923788313	0.2010187457184856	0.1786795153349536	0.13861745662862296	0.6195820651596199	0.7229652886127962	0.6210651905347527	0.7091295792839455
96	0.3260580293018115	0.06789991263888176	3.007956119208124	0.2123178884740896	0.22030635369337592	0.1358439660838604	0.6184796142337883	0.7253757657159475	0.6341892654209625	0.7067294590946586
97	0.3284590953484685	0.06969446236838328	3.0565919574347142	0.19487011901773016	0.1940553825319648	0.13957491026343993	0.6136695880974741	0.7280332711757038	0.6245058713092642	0.7132661125984857
98	0.3719702589323088	0.06658122132861745	2.9891385905502132	0.21228699162606687	0.2219346958560854	0.13395745858811844	0.6215546224562344	0.7243542351842022	0.6305760732462309	0.7045161809602696
99	0.35239826141685054	0.06656145021499853	2.9808552507901083	0.21693817885448485	0.2119289805359197	0.13423060158766867	0.6236375119849304	0.7193132041219006	0.6255676994839948	0.6980886471963227
100	0.31387561556680826	0.0678868064027709	3.0032220436976504	0.20991465192844394	0.2211112874281817	0.13591637937334708	0.6148623018225117	0.7213656941816976	0.6305291333554992	0.7007652642579671
101	0.39030382125918506	0.06703680198583112	3.0211265450435207	0.21747992166020153	0.23428902455086809	0.13639534933709196	0.6134789543120557	0.7239500434118793	0.6202156815202099	0.7102324988951796
102	0.32059155324668237	0.06877718594580659	3.120904313683478	0.21418806130491502	0.22230067155492156	0.1405845383855933	0.6104505049234302	0.7497467115057381	0.6196414311129742	0.7380737236341264
103	0.3303234204545342	0.06699933429016358	3.0074578780648173	0.20694040768398572	0.2062977338363844	0.1348594422557505	0.6252911208085563	0.724406550579132	0.6243289887961403	0.7056073729649864
104	0.23522982978988033	0.07102946863014678	3.1958225739265584	0.17137769360867725	0.15964499356204934	0.14583842373446387	0.6044730908018687	0.7723913201395425	0.6201387374674638	0.7316967592948226
105	0.2579234470675707	0.0669721094913739	3.0560184755254243	0.18907445557756472	0.1748771403520014	0.13632673563151593	0.6236634019635274	0.7406213925117694	0.6236224872911076	0.7156398525763484
106	0.38017951880810025	0.06602111646084034	2.9922704963821154	0.2255431267418672	0.23066291404029604	0.13190064805522383	0.6277520318341789	0.7294115802218123	0.631156096122929	0.7063134131372562
107	0.32726969801589617	0.06646264759867804	3.0132724027034605	0.2044552085917263	0.1982518235339737	0.13526407162524265	0.6314291372373722	0.7167818671707654	0.6302855492742733	0.7059703332123872
108	0.3543620622693787	0.06543468771017007	3.020643142585206	0.2136545503176383	0.22489096411452061	0.1342355551558557	0.6160227221554913	0.7278138154248529	0.6273495915204965	0.7116604153149173
109	0.33798444611309925	0.067585074820967	3.0325497867326834	0.20980039613806642	0.20538769676580315	0.13523290769189858	0.6335479960014165	0.7288372506716482	0.63353854666261	0.7117792869029859
110	0.3125946568049305	0.0676733190300365	3.058925958748412	0.20388346745797323	0.21104566279254586	0.13681523234845952	0.6216251818498529	0.734885614302871	0.6278238492507818	0.7141304185551026
111	0.3928671913214628	0.06372381910078856	2.9866280198763557	0.23385361792733583	0.24684187999564067	0.13049540705810306	0.6204132229292116	0.7289724331730885	0.6296779897882285	0.709736609969775
112	0.38495317821525005	0.06416607389981628	2.9716858116273777	0.24021421521674222	0.24770351784016117	0.1312237454061182	0.6213490413968126	0.7140746268386501	0.6403470076837928	0.7007748629061948
113	0.3494788255214337	0.0652091471011814	3.00176123269289	0.2220260806827952	0.2244320295328475	0.13328382841467318	0.6280067427774697	0.7172637155692502	0.6343289643880521	0.7059988534875712
114	0.39852703664656997	0.06575474489528843	2.953237088176523	0.23398231861915922	0.2385986988131836	0.12869453388133645	0.6191720743552674	0.7165795228076419	0.6276510190940225	0.7034707908653217
115	0.37309097726707013	0.06509741055557297	2.9726612677687116	0.2372580130841583	0.22688150496293757	0.12982106090904805	0.6338831949553428	0.7187086319491874	0.6324180791256012	0.7089486908557283
116	0.41389083826242806	0.06410198402386541	2.930790939609009	0.2366512919861773	0.2409588347743103	0.12783602603416447	0.6317086019511884	0.7112672518059266	0.6309312110622666	0.6937810518987831
117	0.41881763051055826	0.06380028712236249	2.9449857740856595	0.2618510846351973	0.25773135065294495	0.12811892008171424	0.6207026129001929	0.7200346222211301	0.6243274166065096	0.6954856718795427
118	0.3870421476402405	0.06559627098451516	2.960091316988724	0.25139830449825484	0.2363174855355661	0.12836449713086015	0.6256054727218483	0.7261102471479812	0.6305357992059686	0.700479385992108
119	0.4315753790939113	0.06379250348375806	2.9470173891218288	0.23897633038263635	0.24655361264765946	0.12857434563368503	0.6302516538233414	0.7135515770665947	0.6350254274798047	0.6973766048347375
120	0.38011283820743036	0.06387591749228416	2.959199405046483	0.24887990555813128	0.23258215689771666	0.12868510906941275	0.6219622815842598	0.7163008087123046	0.6248841629225883	0.7050311402069434
121	0.44141912086247376	0.061481190129959874	2.9241048523425928	0.2582228614276886	0.26567986514945374	0.1261945269845222	0.6238248632460225	0.7165071759605967	0.6346025022275559	0.6935881831511431
122	0.32550123103485945	0.06848743362791017	3.2170589706952946	0.20112947947136825	0.21358995199527275	0.1395606218604433	0.504353815346675	0.7895495098640476	0.4928272397715279	0.7663207653595597
123	0.31831512571045056	0.06558387971311878	3.082218036107126	0.21006852083514546	0.20731617451663228	0.13471136793260216	0.5812841222949293	0.7430481049000408	0.5835465852168263	0.7214801166566535
124	0.3761027738093106	0.06304682536798809	3.0146111232154955	0.23258536617475192	0.2399890604890978	0.13038286785968192	0.5931164710243869	0.7295902021742895	0.592637896336092	0.711315008968567
125	0.37884280855739777	0.06441236294792121	3.0073395368422733	0.22139226456066094	0.20958714501508946	0.12955817183896617	0.5887789363499989	0.7298320154576406	0.6034424312060469	0.7125045011136835
126	0.4817742447247245	0.06142790009789932	2.939583351264966	0.26435715120857	0.2727158817977089	0.12431326110014136	0.6081372182369464	0.7220149131445672	0.6041305185883127	0.7057296460395739
127	0.33719623299306234	0.07072010939350336	3.0856003774935368	0.21279137837285483	0.19246425489154484	0.13644044532665936	0.6015483177905901	0.7357052296027243	0.6051499288739529	0.7155494293793421
128	0.43985656615405094	0.06218417940994971	2.9790214499736805	0.2562050730935713	0.25619365740029243	0.12646021345510805	0.6052319554115286	0.7380191222733565	0.6143960148849159	0.7057588027375221
129	0.42021230460820946	0.06314129044745778	2.9711458768684684	0.253697978234426	0.2493873713881883	0.12762997150302155	0.6023587950812109	0.7193345459639661	0.6189308200713745	0.7055537677490239
130	0.4012391039070639	0.06480430042986417	2.98611960396476	0.22641090539465938	0.236440523612589	0.12918252607776282	0.60670380665266	0.7247056894030125	0.6185134134230753	0.7003069583377147
131	0.4498651867298877	0.06084863498701848	2.9403183569703804	0.2604359325013694	0.259564245806554	0.12424423674402606	0.610693222672146	0.721120596598335	0.620138620540503	0.7079333940782159
132	0.48116124344641376	0.0622409210119685	2.9417354419315815	0.25486047967501013	0.2587200055601407	0.12606974095621737	0.612488974560487	0.711846102051891	0.6118775093508254	0.7003665681782637
133	0.472748788630934	0.06252031512102342	2.9381247959398418	0.2595390156636666	0.2683178189156775	0.12420954368165715	0.6133897482619814	0.7191913665165951	0.6035861169639609	0.7077655900435337
134	0.4602941399228368	0.06150320463233531	2.9360051927713755	0.26395938457081114	0.261317306325046	0.12450045685930584	0.6233826355872777	0.7139606749897216	0.6211606520330772	0.7077727412365205
135	0.4909019757148222	0.061423705591819436	2.9094043069295754	0.26821117591849897	0.2671184571516079	0.12270366197309661	0.6233473187299028	0.7065913170250864	0.6192789196891612	0.7066958805475267
136	0.5150609536893921	0.060124017500499796	2.8976758405633642	0.27582702631017136	0.2774989175801396	0.12130008000927082	0.6091846743554824	0.7124326932944292	0.6200076824548499	0.7030681176549868
137	0.40031626643134827	0.06560086062049608	3.0849993822896358	0.23416347440422694	0.2388258656975364	0.13218350121977007	0.5996906634669006	0.759609298619432	0.6084471825412617	0.7291380233322968
138	0.41049749419621406	0.06441792691637614	3.0044610112596137	0.2438595990411625	0.24251501360049707	0.12891128397972335	0.6179714656364474	0.731368464851811	0.6264089496277492	0.7069981538030992
139	0.4660406464084336	0.06233387128423948	2.925635537886702	0.26071374951549964	0.25661806059733394	0.12384229078531932	0.6380919522855297	0.7072942350213439	0.6218547352707092	0.7030001142604382
140	0.46257696725648345	0.061134371905527375	2.897192952478697	0.2719614417921635	0.2628294865146875	0.12144537215136708	0.6315193357310879	0.7136970283282638	0.6287962909038809	0.6930174156091363
141	0.4737850332773	0.0612475924250378	2.9402372586083025	0.26791897618020416	0.2766726022901144	0.12497353859569026	0.6336861220245809	0.7079500696317674	0.6235978215502538	0.7063849034828489
142	0.46043984685408346	0.061910075349458075	2.9434343851529636	0.2514344418246688	0.2552722540539532	0.1247948163826319	0.6225767445587519	0.7158048795692331	0.627973718255579	0.702884568998653
143	0.44088742499674943	0.060689825768388425	2.875746913752024	0.26582337616183443	0.24544134081606	0.1200329977131553	0.627651642124521	0.7005822858278632	0.621376882244396	0.6979410060469953
144	0.47310339525519773	0.06243438534051902	2.9018795618771045	0.2649741248786694	0.26175190111057894	0.12321506456306142	0.6326525667785653	0.7062330732470596	0.6287433636596258	0.6869922085093284
145	0.48696447343106875	0.061052156783321106	2.8764181027616753	0.2946894732111164	0.2979804634836758	0.11848765700194853	0.611911094433305	0.7158238545183111	0.6245114307889204	0.6998208248301139
146	0.49062581867472604	0.060425176441254	2.926220827290502	0.2730916879569931	0.27217321396744265	0.12338116496904498	0.6261759290551844	0.7148045460642225	0.6226469762644098	0.7013182657765111
147	0.48746947869831625	0.06124034458074777	2.8954808622844554	0.28443859584904535	0.27621663316272976	0.12130587372610567	0.6247666671272626	0.7073404255987705	0.6192373122590993	0.6979085881325486
148	0.5145644166965828	0.05991903458624515	2.894946847121894	0.27501451294001794	0.2780593424195136	0.12174877245846757	0.6283565499913268	0.7063936136220724	0.6248042121332918	0.6942320997596961
149	0.4889041490869847	0.0603466546852097	2.869236893592948	0.27345670832053126	0.2845526100871846	0.12007653436283657	0.6165194955076349	0.7088071874697094	0.6264916742297777	0.6830881930251118
150	0.4366870596980566	0.061185092660545164	2.8650849966219774	0.2568444416562748	0.2523750488986051	0.12069779489707973	0.6321293523073768	0.6999707422755899	0.6371000862352317	0.6818575964254492
151	0.46639059581368364	0.060182471185752075	2.870627764187057	0.27880013488140765	0.26934914270429905	0.11910489738673678	0.6212409377301126	0.7083250491549938	0.6334256644754885	0.6942518854636222
152	0.4651445697567206	0.06096839977714382	2.8775564187189224	0.267504472111607	0.25844752991475733	0.12040695860696372	0.6124198802683667	0.7032744831660659	0.6280396413559275	0.692476845054129
153	0.47517540209180537	0.05963914683507594	2.882042358617755	0.2562286190564293	0.25203297027643146	0.12140110204289306	0.6253001268773247	0.6993754409096931	0.6339082052621263	0.6901543175234959
154	0.5452956582675488	0.05822026243719421	2.8458012071479533	0.279532492753098	0.2936061739571353	0.1174895098278711	0.6314042825733888	0.7025354118273555	0.6208820052020968	0.6895649248467882
155	0.5084035458048138	0.057678886572489534	2.84381291010864	0.2902125028681614	0.30788857712224615	0.11770190516898757	0.6238010434254969	0.7042926064681778	0.6279345144505524	0.6835960180860331
156	0.5234396040119625	0.05899357434539662	2.845987238812897	0.2809251976170834	0.28200209876288007	0.11749067563154071	0.6417469495225566	0.7032208660434528	0.6238177027793148	0.6884318503541518
157	0.5148453986313175	0.06104340654740094	2.901056883085716	0.26087841276001356	0.27608732710138284	0.12282609840617524	0.6266637535957128	0.7023851020811466	0.6252143796818761	0.6897446866567889
158	0.4619889524229205	0.05995361733212889	2.8832265733879296	0.2660292393220579	0.26358976855563715	0.12049997771455787	0.6221123054676797	0.699782354085408	0.6185866153755579	0.6970487871733567
159	0.5003681828767255	0.05883091112010286	2.8608338654850405	0.27444039351233074	0.2718799574809338	0.11803150025094987	0.6352578809459464	0.7074404464365797	0.6303719184809691	0.6923570191571456
160	0.49513669953482287	0.05817482426826041	2.873274725899279	0.27445827143622137	0.26980071995509963	0.11925933366784683	0.6288973518342225	0.7120050009273613	0.6359171745031545	0.6880893528239347
161	0.5818051507955454	0.05458419772481265	2.7854935646310968	0.3172951979222404	0.3480161802571907	0.11239849489766263	0.6347885876810667	0.6961493386069225	0.6299814871568736	0.6844793638000788
162	0.45683441965088467	0.06023520052989279	2.8676421101308422	0.2705833403449542	0.27321755485891286	0.119052671851917	0.6242083486952168	0.7009766315776108	0.6204959594457878	0.6950596728824954
163	0.4993457064644518	0.05813119894214369	2.8570854043529046	0.2774839880578436	0.2790206295760242	0.11800376335711739	0.6165120276267356	0.7054085923313682	0.6222011274598085	0.6889587854780603
164	0.4994117495168525	0.058462136722297976	2.86640949239114	0.28172660490965834	0.28065656674624706	0.11832600038440139	0.6292019890758361	0.7054888522145848	0.63275604303302	0.6942967295900507
165	0.4974602009124833	0.06041593820482318	2.911206501514505	0.2759688502578487	0.26665269543240644	0.12066825176843278	0.6247136301711742	0.7201309369573068	0.6249108776359322	0.6995848287189455
166	0.4512604529424509	0.06096772807517647	2.906994752754453	0.26480961008907167	0.25906722511782343	0.12142836763395856	0.6238825427983089	0.704467094330068	0.6338883598034185	0.7006694671001592
167	0.5129060172509472	0.05862878331513458	2.8605102503715374	0.2809163497687589	0.26828026382326103	0.11712193014415014	0.6176313136386397	0.7077118806979236	0.628112646730043	0.692670816249723
168	0.4965208339269025	0.05959088976415891	2.8477542917557717	0.28155523894407725	0.26592218579049853	0.11743303063423005	0.6352695337082996	0.6961088531633498	0.6242446823518767	0.6884346916966214
169	0.4705705045647588	0.061125145795253605	2.969708545175613	0.2597113855522993	0.2586071865563277	0.12468217978328823	0.630085014175811	0.7154311240988588	0.6221898953519946	0.7147282727195571
170	0.48986407546802774	0.05917859930988319	2.8950829392327315	0.274631956551525	0.27768274421071976	0.12031936776096243	0.6278291627770988	0.703497592164444	0.6177590451490663	0.6940285763288071
171	0.4188535019134838	0.06382330434507422	3.010524220976831	0.25306252743625085	0.2532497596153795	0.12630664066793057	0.6216940745033311	0.7317494058072773	0.6226633055342221	0.7183785533092744
172	0.47082020461045143	0.05936245818686614	2.8811608155039607	0.26191326793830594	0.2546063855521516	0.11936783444732309	0.6314979362869547	0.6993514417269333	0.6260231948656874	0.6903105957935807
173	0.5275747531490395	0.057382187603047974	2.8320502682762765	0.29045676774407	0.2894112655130006	0.11577500665591599	0.6337466141103947	0.6934038025364458	0.6301553344634145	0.684498886978623
174	0.5002113924146572	0.05835620607731585	2.8793895163052508	0.26989650185819686	0.2698037112461128	0.11764994942074225	0.6249166454936094	0.7077495167792907	0.6294977928780772	0.6983071472897376
175	0.5560730640884496	0.0564417143595014	2.8004436752787925	0.2974185034281025	0.30841345287720323	0.1126068730491303	0.6387804527813561	0.6976326818808235	0.6354062598619405	0.6801045597678396
176	0.5306425763387737	0.057048728031899296	2.8182263551381537	0.28054429958690896	0.27621148300520937	0.11486834745049984	0.6321650010580306	0.6939314499810747	0.6338454412733534	0.6798333755699535
177	0.5133923320699438	0.05881492361884454	2.8524712239423584	0.2886749721398882	0.3017087761714959	0.11608354836039984	0.6332490400919559	0.7113141477155597	0.6290007564551844	0.683837751854218
178	0.5364651278161159	0.05749452149454333	2.848632668826946	0.2724121062133398	0.28564021656054306	0.1168372111684041	0.6244487449888236	0.7035715887211471	0.6377756961572001	0.6784234544857721
179	0.5113544164819768	0.056756060037019246	2.826485579814053	0.28144718167372185	0.2933147511063776	0.1144607549621001	0.6125413907638128	0.7036223858555232	0.6264754815670734	0.6798556884981262
180	0.5380454401932918	0.05844113392577404	2.826291697723992	0.29033611756671374	0.28692140565481794	0.1155018592310342	0.6254039780173054	0.6981936734043793	0.6345713402857934	0.6754379086682287
181	0.5359512237830371	0.05773033650152213	2.813559609681709	0.28309293460296675	0.2893106956766574	0.11273596243125218	0.6303717390347064	0.7026005708333626	0.6373790883000994	0.6863034109517809
182	0.506497193394454	0.05972257292551073	2.8652677699737104	0.2833524147242155	0.28414466444809156	0.1187789329417627	0.6268197332106313	0.6946949074964496	0.6346518742237623	0.6859542775779193
183	0.5635995679278796	0.05504366176042756	2.7966399305451257	0.29796488326609466	0.299789590081772	0.1120153436214644	0.6365825560020368	0.690634782489767	0.6247509165923786	0.6887549079016608
184	0.5321135832170696	0.058560953423725914	2.827273857761705	0.2886831278594807	0.28472972094433147	0.11496219520167306	0.634883131622172	0.6959317811140837	0.6298007495417436	0.6844054415627684
185	0.5292959610118924	0.0579102889312164	2.8672156250790963	0.2839467962260191	0.2853507240729811	0.11906688568366472	0.625593538618188	0.6945478875077973	0.6418753608873777	0.6836121676131262
186	0.5341367808212593	0.05902124573529909	2.907065266746773	0.28868189475762607	0.2946952207557174	0.11793335338190321	0.6236215755952705	0.7224580772480877	0.6312626379560778	0.7047308154299058
187	0.5391274174931489	0.056798974168579854	2.837022245168242	0.28992622256255685	0.2976540221697167	0.11359795885760955	0.6224930172038697	0.7154265172484076	0.6361163670102099	0.6848924413763655
188	0.5531426778920262	0.05852602749452142	2.8399238585473885	0.2833082747533076	0.28979804992524305	0.11583827715391867	0.6326851134885811	0.6985763233251193	0.6343334424409809	0.6827015222737153
189	0.5475895532675334	0.05714311350894547	2.832544569420884	0.3031840394655389	0.3003841809626584	0.11392434016524523	0.630017590715836	0.7061801493278932	0.6314967415074324	0.6874711039236387
190	0.5371392872123756	0.058966278386819636	2.8670493858686177	0.289579076057346	0.2910836309061348	0.11633132502143136	0.6328830683310156	0.7146840948737426	0.6401771179039112	0.6888585817331578
191	0.576770020528646	0.05324696288869233	2.793518757928011	0.2943831640741985	0.3013648805511709	0.11042305452727814	0.640954416530703	0.7016108536580664	0.6351077150467788	0.6871368584478666
192	0.5463677401035268	0.05543761592113435	2.8170904235570773	0.2945889493107138	0.304667341107915	0.11201461929692084	0.6355214870051844	0.7071599554263565	0.6304685476791527	0.6898278820965243
193	0.5761900387761534	0.05812068716671227	2.842100783393267	0.2988890518668278	0.3089955971106561	0.1154250038020751	0.6438647258046826	0.7000401555809659	0.6282951832916103	0.6881619364554684
194	0.5754447025915819	0.05371664967541606	2.762595549205976	0.3019576097213261	0.3100784780017869	0.10931042275702126	0.6391375612326787	0.688553125213555	0.6301857373179971	0.681419446322713
195	0.5695035654927878	0.05572881551530328	2.7916506523460285	0.30698002572764255	0.302607568310496	0.11209389109869475	0.6301118356428856	0.6905228327825915	0.6304549264082827	0.6817948993276591
196	0.5264790333815088	0.05815731251767485	2.858841040396519	0.28835623875865524	0.2887594060271209	0.11604243425599337	0.6318546173225691	0.6997278361346514	0.6202993124059184	0.6955218569836402
197	0.5731843274916529	0.05483360166641858	2.8178888516188745	0.29286808567736466	0.3042293686388355	0.11249708528944016	0.6336086367210564	0.7015898299083958	0.629757292918921	0.685142460237769
198	0.5509995578918484	0.056130089078942354	2.7937612398717198	0.30771469196781304	0.29716939763255995	0.11062622725832706	0.6334495154556091	0.7009998491335842	0.6369762461007061	0.6801745628212753
199	0.5707305134557249	0.05514252892902851	2.7942948068809663	0.3036180092153172	0.31533896043752035	0.11059706619255778	0.6347215098087702	0.6987684706138239	0.6328710162416534	0.6829535995974705
200	0.561770632833424	0.055747612233732036	2.8119387794499198	0.2921876994807319	0.3096611844563139	0.11277534713929468	0.6293164453770079	0.6981765489915219	0.6302619692030109	0.678272214632641
201	0.557355692370836	0.05657439537213494	2.840664414861972	0.2914038146575418	0.3104595587334684	0.11481554960915787	0.6311059973373143	0.6985501446621133	0.6333694791572142	0.686216083999514
202	0.5848975973599579	0.05556979844490915	2.781683464617624	0.301434108494952	0.30660670183663774	0.11033876187105841	0.6257795453518978	0.6842449163387899	0.6388506509828333	0.6871295860862681
203	0.5458581359713818	0.05558529806104959	2.849246412031759	0.29341981360992603	0.29784496039332303	0.11406024945922154	0.6243935481529476	0.7061389971198254	0.6257299509917138	0.6935075159589439
204	0.5841380481273625	0.05522837289548282	2.8078772628564357	0.3033851092184798	0.30338534775472414	0.1120766395083729	0.6311937213680184	0.6909314018870276	0.6313497618267984	0.6872711732789244
205	0.5735810616184058	0.05573643003395811	2.80560418434336	0.30522939372370433	0.30144769656503334	0.11148335672726585	0.6304413716385604	0.6936913191685183	0.6279050685109062	0.6881336026252632
206	0.52740480316766	0.0579416277657997	2.889216844439665	0.29460727074962323	0.29412491745881064	0.1156735359320488	0.6281662396037764	0.7189011490024529	0.6125716457323285	0.7036992677720202
207	0.552404473939786	0.05687168720412562	2.8011909055049857	0.2982389292985993	0.29281503073849513	0.11124622112545111	0.6373199929870551	0.6980153597635508	0.6228063573198612	0.6809363025266628
208	0.5699810242793086	0.05589935724594498	2.8025194652416237	0.29746593820795736	0.29912295123857585	0.11099504735365427	0.6303492959942525	0.6983736083010648	0.6332106199799058	0.6850304928649636
209	0.5519285512674065	0.05877325235994169	2.877066556874951	0.28617692624716085	0.285806142983426	0.11732425215354872	0.6295367138284508	0.706744908953335	0.6329709193238067	0.6858903480585122
210	0.5176553767389142	0.057583627009668625	2.8318350221808046	0.3084670013730681	0.28861322391552297	0.11345048617727267	0.6274646774984679	0.702938863420093	0.6383975454176847	0.682449572980166
211	0.5781911389598569	0.053255667032945146	2.7847603250761948	0.31121320081412	0.3062937275630691	0.10922878174200983	0.632862873363939	0.6956889694251689	0.6314034305690387	0.6859607906743888
212	0.508214086733543	0.059064664545530714	2.9162224513722252	0.28423059874490414	0.27558042748885614	0.11832122084884718	0.6273916000899019	0.723799493652663	0.6322850618717006	0.6957326920498297
213	0.5769211043696975	0.054038994483766735	2.788184533101433	0.30267812213095463	0.3090130146416872	0.11000638701257663	0.6339926704140938	0.6941388375444364	0.636383190529941	0.680087432221653
214	0.545948958609973	0.0553745269130381	2.7465711062596077	0.3037042407435913	0.2934665959798974	0.1077285779717916	0.6338730512097578	0.6863928872646726	0.6436470609374829	0.670510648150123
215	0.5899071468180827	0.05387306472572647	2.7770575556565955	0.30645084118393445	0.31462542299948687	0.10878129487092233	0.6309429123411989	0.6979242683424732	0.6283763591606976	0.6800228262601268
216	0.6149905774163045	0.051622074441961985	2.7400034449028783	0.31549117000895355	0.3183530631603773	0.10585021344701406	0.6286954503668345	0.6894030700838563	0.6254806265317807	0.6818753090316005
217	0.5704327399799232	0.053604394834541186	2.7669195965436155	0.29904516293784145	0.3004402636736437	0.10805204162353813	0.6267892519272457	0.6914261464809908	0.6353716597398297	0.6850817175758053
218	0.5457272756708831	0.05730761668531064	2.8007241761332216	0.29405417493200303	0.29697762589570115	0.11164362181849641	0.6378885729894987	0.6913992254886977	0.634747802572491	0.6829444264949939
219	0.5922204733324756	0.05441907370036147	2.7735257050062643	0.3149968798501059	0.32018247733689453	0.1085695554625014	0.6378581699980774	0.6920416924685026	0.6268618426345738	0.6845314136156225
220	0.5440148133852115	0.05798069691066852	2.8922896591437315	0.3006047938276006	0.3141561410728395	0.11597604395676427	0.6295923348084319	0.7182119943564452	0.6305200934557155	0.7002404544592729
221	0.5420874143097456	0.05655653976074536	2.820347553845381	0.29062524085958563	0.2896181701076307	0.11227891093037183	0.6273254956027521	0.6955363129741308	0.630678082310958	0.6869824501009802
222	0.5875174500320515	0.054441177589377096	2.768955390631661	0.3082481500511365	0.30776758575550267	0.1078468898947343	0.6393974932026835	0.6947540410709787	0.6377221473358066	0.6815157671748306
223	0.5866234992056715	0.05531359883409518	2.7918171842649704	0.3021468200346569	0.3052657383098418	0.11086360232382497	0.6362048276282599	0.694558108689019	0.636068477723197	0.6745558097018566
224	0.5730775676479348	0.054437950367516016	2.766527049174041	0.3039867375323383	0.30335192306560566	0.10763925698179021	0.6388140779002427	0.6973929643345412	0.6383252574020822	0.6790667550183688
225	0.5765212949402575	0.05679789023304798	2.818220900638896	0.30627859445301453	0.31646049935014436	0.11088995311170269	0.6275074500067921	0.6974987823546869	0.6300077281586028	0.6961388132786034
226	0.5904088743785959	0.05499664018273211	2.7933256549977354	0.3051288460545381	0.3078252456926126	0.11073983352584728	0.627342698724025	0.6963776601163637	0.6374075294168295	0.6738042621924136
227	0.5871153833132562	0.05403179314462451	2.754389315010672	0.3147736988397702	0.3053063193100817	0.1070830506635277	0.6428766772804475	0.6873004585940818	0.6321877512436811	0.6804701028699598
228	0.5665804692169463	0.05341053687061818	2.7759115366279556	0.2986309452384613	0.3046282539171088	0.10894002631457365	0.6288022332966039	0.6941672333273	0.641071481151478	0.6766706682089195
229	0.606704186761465	0.05301448884465956	2.7123124700992514	0.3258993530057813	0.318668054801594	0.10409495738499305	0.6356104459043989	0.6914809849594132	0.6413163101001463	0.6653517468879284
230	0.5575598440947691	0.05596060067165364	2.823231858397406	0.3023182516865779	0.30142279916509296	0.11357504768370948	0.6349904432011281	0.6917892223125384	0.6279750233875143	0.6808095706534062
231	0.5594526447369318	0.054806905404221104	2.7871868515509637	0.31306044336093064	0.29927464461246095	0.11154314194103648	0.6396272702755608	0.6870612593956187	0.6366937887611616	0.6697234641388753
232	0.553359150769658	0.05683852432780057	2.8382217863756574	0.2850218752974808	0.2945931642037609	0.11368226998956368	0.6353030392608113	0.7034457295236671	0.6360677720314589	0.682218999400366
233	0.5871584117132561	0.05397577204419033	2.781806998726279	0.30748133526333155	0.3129467299778904	0.11042413215153167	0.6347302980720296	0.6897233711584851	0.6301020575781042	0.6713052294277783
234	0.553071651979857	0.054578399047947625	2.7553475202954383	0.3160277429886893	0.3270539772389484	0.10756074787395921	0.6372813469328414	0.6883080629455876	0.6416042411866304	0.6755678799119376
235	0.612887379114338	0.05193661122776455	2.7365982046081627	0.3142936262093556	0.31597653330909997	0.10519459585532534	0.6363448779823302	0.6976017462055449	0.6367943291475586	0.6710916147020735
236	0.6074899113517298	0.0524823351120906	2.7630224104158607	0.30381124155407935	0.32128393952996204	0.10789476437972587	0.6307104307830403	0.6945052500382871	0.6340127019471087	0.673842291772318
237	0.5815316566572619	0.05369773795959605	2.7758913276548998	0.30045498621601996	0.29927029066211114	0.10920621094581197	0.6294831277668903	0.696372214549077	0.6366185906393781	0.6714873841492965
238	0.6057365871770806	0.05188672935789947	2.748779659484465	0.31147649867567495	0.3147754466120953	0.10668106476875706	0.6410686276975336	0.6946325605303358	0.638308563094604	0.6724234768247744
239	0.5613740574283791	0.057887687637612706	2.8885297369760243	0.286987154428807	0.30392438843583236	0.11577285483919753	0.6253656856810058	0.7193488056018119	0.6313879800684925	0.6936161604402292
240	0.5930023783830921	0.05313603341403931	2.7615028986881347	0.3052231602250585	0.31078686717803566	0.10663479892004034	0.6296866356918913	0.690174964773931	0.6370515936421614	0.6852847446080437
241	0.612710841723952	0.0527926714441895	2.7318191249097064	0.3120412971224482	0.3229697229022112	0.10546113507926766	0.6373540407814405	0.6922154170831595	0.6371568642051388	0.6662551626376659
242	0.6106374935083047	0.051911216963946204	2.7212375301232132	0.3138994153974716	0.3139612738970102	0.1046205930102449	0.6493576226780468	0.6863800454939303	0.6376451834973555	0.6710700184892142
243	0.6018821634019607	0.05408834988816022	2.7588577463108397	0.31906949561888626	0.32222950478987966	0.10624581047437642	0.6233271359300078	0.6945187379490799	0.6290736880899498	0.684416507783011
244	0.6179707144420067	0.05222177200315836	2.7319736233536855	0.31724286969656945	0.32069533949693324	0.10533946054093471	0.6352401554620931	0.6910929972341094	0.6301910979377542	0.6701807982828949
245	0.5813492202919137	0.055689561711007016	2.8009719487546385	0.2962061632620537	0.302889102325574	0.11058451684768415	0.6352332643328442	0.693664389688473	0.6347335068707822	0.6820704382897566
246	0.5700169122583774	0.05602228984193089	2.7952620548423948	0.3039057195865341	0.3061348201001854	0.10965825556134143	0.632804371910214	0.7041146757360275	0.6404139970656416	0.6749350350446323
247	0.581930822718049	0.05566889310980973	2.773358767737662	0.30118743929600894	0.30092602289753406	0.10788314357808464	0.630115977291774	0.6964234307563016	0.6293700263776479	0.6784372516125163
248	0.6013281902155072	0.05340645829250846	2.75946592510397	0.31365268908786664	0.3103082144629006	0.10621419926078547	0.6392203247307622	0.701382055295602	0.6394531238199576	0.6757829178908991
249	0.5931873348755253	0.053497274278343075	2.746040995399591	0.3096266882654564	0.31346928761561094	0.1049709348764101	0.6375487271487869	0.6987087787197155	0.6301748846837437	0.6777815743428074
250	0.5761440967491179	0.053852596679900215	2.7424451371345997	0.3153414413399472	0.30457607379836693	0.10617200960448551	0.6409584578427969	0.6858357335615577	0.6379411150462899	0.6746247519607839
251	0.5607636110479958	0.05526051016131281	2.83046580442952	0.2913232757683174	0.2970206280118575	0.11297345613093493	0.6326302555981634	0.6998732805981863	0.633626749328263	0.678191549399764
252	0.5909248669158121	0.054367629451727274	2.790525691605071	0.30765546180536946	0.3119403199331881	0.10871419310073983	0.6266267960621414	0.7040727853632239	0.6442700487989604	0.6765888076784258
253	0.590256635071801	0.05364347283850135	2.760834528976595	0.3232011482736194	0.312743986907919	0.10623279031359169	0.6302905674583359	0.6963482522920056	0.6299408782208709	0.679892672331434
254	0.5982027675241629	0.05308125445969742	2.738835389067716	0.3098238290134651	0.3104549883627193	0.10651848832180534	0.6303837708875326	0.682279755024	0.6367691704189995	0.6690738785289088
255	0.6158506360495662	0.05254609748053803	2.7749398894090427	0.31748048640788906	0.3195221316738711	0.10759533861131944	0.6373871281519584	0.6927337108424346	0.6370319589604841	0.684083343131256
256	0.5912571460154881	0.05374686473557646	2.785347313775577	0.3085334667931338	0.3108596096988635	0.10901585853013358	0.6253137228739478	0.6993168059787059	0.6366165037176986	0.6736654336778668
257	0.596951367709843	0.05358547405586428	2.771684642894045	0.3139634711298797	0.31400607268039	0.1060808040251242	0.63506116045966	0.7034863013519326	0.6389528469001095	0.6845783924275901
258	0.5492210301988147	0.0557280766138386	2.823214999024526	0.29964112198613546	0.2994555493824343	0.11134884562288823	0.6279121843257646	0.700377439743412	0.6327550038640346	0.68512517369298
259	0.5262562946466546	0.05385848987547124	2.761137796044826	0.30331327120550317	0.284185275305408	0.10726106662817829	0.6361978835613024	0.6938865454091586	0.6396832372638332	0.6703439728119667
260	0.5674498176946472	0.054938252561145366	2.8098079971344445	0.3096748689176453	0.3099525530155941	0.11075795051984594	0.6410382836068643	0.6998790480257953	0.6402357282638165	0.6783131672040179
261	0.5958013681186387	0.055199472332313274	2.7978545733516063	0.31397007670115035	0.3146913629349413	0.11007430929554755	0.6409357742222475	0.6914382560998161	0.6425562604366332	0.6803287672320674
262	0.570013076476296	0.05390154937763607	2.708645846191987	0.31642545890607315	0.2968714485895525	0.10333912585714983	0.6437189894764476	0.686294808821187	0.6432879709198605	0.6640530276289004
263	0.5962408659275381	0.053450157166832234	2.748386706162362	0.3147703574993838	0.31079809953824233	0.10545929009776532	0.635200780234401	0.6980116492911226	0.6470760015700067	0.671828209187777
264	0.6039306621999774	0.052323775209778	2.7315408359159012	0.319276662322457	0.31517250469662966	0.10498485941859297	0.6279780136812563	0.6905000967598037	0.6417895359244733	0.667721551832824
265	0.5778572858619117	0.05391785813486097	2.73375986067894	0.3187232072623221	0.3055109925122535	0.10531973705044731	0.6338355030208681	0.6880818122335022	0.6430299771022664	0.6699461796545811
266	0.6155548554576202	0.051971427080193464	2.7503265492421756	0.3147661887032614	0.3169518656270948	0.10642173899437302	0.6232062745643331	0.6960309841926662	0.6499127408998961	0.6670727189436916
267	0.5955228991375999	0.05250803854129068	2.7474708411805895	0.3256499683558133	0.3286567476088719	0.10623109333825961	0.6359152486000073	0.6889768341833332	0.6394076689351642	0.6717547172953672
268	0.5928737014427538	0.0519647039319365	2.7290525534446806	0.32787269481043185	0.32145067179724535	0.10419451815093772	0.642130851892394	0.6909243341040542	0.6316880184852819	0.6713630176935863
269	0.6166712931873789	0.05148779807400602	2.703440458399519	0.3316724745890143	0.34654072528822744	0.10169410350587986	0.6386122464734274	0.6952481772438275	0.6339883862179959	0.6669837025559135
270	0.6189075291073836	0.05264233156646031	2.7158013113896073	0.3302544014597058	0.3273464338010336	0.10296581943745241	0.6355010055046738	0.6862643597320829	0.6355358976447077	0.6760791541335746
271	0.5770958285553769	0.0539693866908701	2.7463780508607445	0.3073914254583978	0.30005501978294596	0.10518138223972955	0.6238854336737488	0.6971372216424315	0.6296324395650073	0.6738157549182373
272	0.605335736784976	0.05240293106300688	2.7509780595491056	0.3317570041297218	0.3336310875563684	0.10706283288938681	0.6383608358112911	0.6878192871055421	0.6368040897916775	0.6693360266340899
273	0.600288532434938	0.05310188500755505	2.743566847780394	0.32180176541601285	0.31045238386337953	0.10598452490379368	0.6402846019802332	0.6920866605954377	0.6443279778428129	0.6690836893312786
274	0.6061702684857875	0.05142246036313619	2.692459829855638	0.31791530471700813	0.31564128629362026	0.10208667852906651	0.641572345996983	0.6826893926888411	0.6419478652641815	0.6663549480157105
275	0.580474870054003	0.05494262976410789	2.815379372168514	0.3180061637659051	0.31764982240729267	0.11002521411611706	0.6298254108734026	0.7130861051592828	0.6283679482228249	0.6781953796764177
276	0.6125212483716409	0.051009950269185186	2.7069868206946115	0.3227015978687431	0.3329271661434195	0.10339269121934798	0.6353014315405517	0.685740308873286	0.644482918725411	0.6625115459178527
277	0.6288745909755439	0.05143353998827623	2.7276222765176006	0.3227963989867039	0.32138882542466946	0.10350711296203688	0.6309099306641047	0.6966290080645695	0.635201174609978	0.6715974463469683
278	0.6148967017084181	0.051523477998199	2.69427499899307	0.3372439013857052	0.34034287123246904	0.10228148796653887	0.6370242432397122	0.6858160639177271	0.6409571630522594	0.6617268927163319
279	0.6446218020089894	0.049694025074720524	2.6977773771852074	0.3314453452568624	0.3341919435576189	0.10197792828057257	0.6277463656707276	0.6856816498275637	0.6338605976024305	0.668951550315662
280	0.6282779575447883	0.05172499194582599	2.71397005112399	0.3202842793434866	0.31948268067327373	0.10349345159817795	0.6336645290414538	0.6862160007243528	0.6278742377255941	0.6695687482101282
281	0.5539912575038627	0.053574384362425675	2.752141169959762	0.304208982633779	0.2980072292741159	0.10593847674608929	0.6302183680620363	0.7071098449907945	0.6406096170957499	0.6624896568220158
282	0.6302196965484045	0.05162875336045308	2.7308433280525484	0.32456386366458534	0.3355611571714744	0.10398430879767473	0.6206908826121742	0.7018506000071788	0.6382955348442354	0.6654818145509156
283	0.5746171972961969	0.05705043159143656	2.907281191069172	0.3053013674940037	0.2985059829931446	0.11437200468121801	0.6121523516533202	0.7305353673842793	0.627913878833884	0.705453571571706
284	0.6122522418514501	0.05271990864870077	2.7964602240482987	0.3225990976419428	0.33174743762917547	0.10686647937808355	0.6199373962467594	0.710852178735304	0.6263255654354014	0.6863814936868999
285	0.5857194988181291	0.05453310334583507	2.8261625020783856	0.3067186948786505	0.3077951890939541	0.11001509586971334	0.6248523809398593	0.7038924325280346	0.6387031255210236	0.6893786009334648
286	0.5424185857150294	0.055783071140477335	2.847959067550529	0.29703284073067787	0.2972824754293615	0.11277148423635613	0.6346890341731248	0.6975502683693087	0.6327754988499434	0.6872433122403132
287	0.5464633369751221	0.055174392651263816	2.765995137070226	0.2986562951346931	0.29047239282346893	0.10700967171275777	0.630568402113251	0.6914941712218394	0.6391675650890984	0.669954111839756
288	0.6156385193153747	0.052529906310162904	2.761546520530654	0.31735288310870247	0.3177396064637692	0.10501775459508123	0.6291092374639582	0.7027458483975461	0.6367314493383208	0.6744818352529716
289	0.5985275390103846	0.05299620925839758	2.774108576431914	0.3162133181561487	0.3204256826632351	0.10674227145890908	0.6244236555903292	0.701230310587798	0.6361081965190614	0.6709697098610786
290	0.6108251271914602	0.0527113485488409	2.751627924564769	0.32246745535852034	0.31675548058730435	0.10500887938841309	0.6354191766084629	0.6886034894011774	0.6266830469543806	0.6792041981810422
291	0.6376951473422408	0.05108003194811007	2.7035692950528705	0.328002028286715	0.32920423027267826	0.10254354689479477	0.6223338279627284	0.6809380095960741	0.6390153800791397	0.6652772413199336
292	0.5907152411350951	0.0521054734089946	2.7328592287532696	0.31930225449120603	0.3335842489183747	0.10460678288910914	0.6254303601253846	0.6862996858597944	0.6322336737839193	0.6697183518388152
293	0.5933011241599834	0.052160497318773806	2.7022102990936085	0.3301017703468793	0.3200575671508689	0.10200441767017131	0.6303859129613086	0.6811693751069501	0.6379997826154942	0.6716785905111778
294	0.6080873230932425	0.05179796263323698	2.713024942583628	0.3183026656836992	0.31636629813552447	0.10348603099689685	0.6464706115605815	0.6804526441269235	0.6369720080547535	0.6691919041419239
295	0.615862269914596	0.052819702440626386	2.7800576849950893	0.32650293497059696	0.32020788466029204	0.10882138027265442	0.630004139300159	0.6912807904011333	0.6402846103263828	0.6718436791473543
296	0.5880991865041297	0.05277844815593563	2.732778006327225	0.3119288956223047	0.31615284213154254	0.10526252444560838	0.6354532768892228	0.6822881397491508	0.6357813222046864	0.6688064239683195
297	0.6020902005763209	0.05352022879406718	2.7339877214779524	0.32529746668940784	0.31684242284517344	0.10522792521950441	0.6416147285533438	0.6822174128887658	0.6410198737379096	0.6708334232141339
298	0.6093793330013034	0.052099838085662965	2.730199391390689	0.323624242872947	0.3166857335211141	0.10347273607587351	0.6288621413601246	0.6928015104278086	0.6311319156393093	0.6733064078209023
299	0.6459705723364776	0.04964314288285451	2.673723022608418	0.3429567513257364	0.35174178510836496	0.10016154012195855	0.6432831728080056	0.6807484755355498	0.6477368264745278	0.6627561944832597
300	0.6433433829684738	0.05098487188881434	2.6659172936770266	0.3392339488322879	0.33816204043964143	0.099653023976554	0.6336294475507261	0.6817115098594952	0.6509348696969889	0.660228817544467
301	0.608679808362127	0.051830131909840996	2.7077558729792646	0.3431022132848359	0.3386219595856229	0.10180344639927554	0.6385250378000142	0.695265546952723	0.6416942332845088	0.6675620755442984
302	0.593276793572368	0.05428914125267062	2.7916963801981765	0.30940970508763116	0.31981157784175024	0.1087688189252739	0.6384571910231741	0.6930410707682284	0.638665738870317	0.6824261930384216
303	0.5865731707695981	0.05153175661603615	2.702745057529422	0.32731405984636774	0.310264874368979	0.1026857568167739	0.6338340120321018	0.6849549166027269	0.6406742756758672	0.662325467824111
304	0.6167824066782257	0.050194718844500476	2.710979083227229	0.3342067299745227	0.3446470018061674	0.10264299664322148	0.6421361720774883	0.68634237525531	0.6415283208617195	0.6699702662611884
305	0.6281683774408295	0.051706046109192626	2.694096403804776	0.3380164200157375	0.33551220821063754	0.10129452027660087	0.6281238674310814	0.6889548861571122	0.6354782442347109	0.6644541193647591
306	0.6369258010413964	0.05330651692747634	2.7573696008095374	0.32572811326382156	0.34927324062720655	0.10659262457441579	0.6378092857313638	0.6964992598107688	0.6367772970615506	0.6674627203445724
307	0.6195105462611536	0.05150237421204958	2.7382031022661506	0.3237717008422634	0.3332853679155929	0.10434902804148366	0.6448110653732199	0.6924940813783956	0.6313685810426269	0.6721001145431644
308	0.6310865975908171	0.050341417112144536	2.7138793066457323	0.32543889303582885	0.32214633437257584	0.1038592255393939	0.6351176362017509	0.683162610288754	0.6431856848739561	0.6618505584882681
309	0.5910783207777655	0.049410694512784764	2.7162841801824866	0.32274226060129024	0.32438374874408554	0.10329076979435249	0.6399540097692828	0.6829205137841842	0.6240510043271225	0.6708396178057195
310	0.6223164371043868	0.052540532317253495	2.7343666468143843	0.3242519784948657	0.3230414895636282	0.10419599587107184	0.6295129110491317	0.6930273679189933	0.640519060851867	0.6706464147596306
311	0.6239868883682826	0.05202123550323847	2.7679544888121477	0.3152666090192356	0.3288946420139091	0.10734277697701958	0.6291575257565171	0.6987934162761418	0.6387034874972051	0.6670543964965121
312	0.4239132748385453	0.06689402603390356	3.3462094470227943	0.23190235732503647	0.2457845775002536	0.13650213151729929	0.5840284492988557	0.8118657910636615	0.5986416540552837	0.8207881801585932
313	0.5826221808588586	0.05394256933021369	2.9013479948043823	0.29413123073382647	0.3042792267468474	0.11192015295420392	0.6366315113868151	0.7246253547641169	0.6340013856394134	0.7029867863636052
314	0.5304364291527426	0.05379972018629693	2.8604790029101843	0.296924961560426	0.2948437404888804	0.109028764477603	0.6325773633063212	0.7186872384190909	0.6267957422012473	0.6975302830524891
315	0.6125502580744955	0.051390117291130064	2.757709995780754	0.3219848618133716	0.32367982786387317	0.10319574583209763	0.6348356431499678	0.6957032991781937	0.6313405761402621	0.6776661563259126
316	0.6354672641345723	0.0526785260293953	2.7556545875603637	0.33691977320933153	0.3386186489942434	0.10356698500918111	0.6285181430631784	0.698070188826121	0.6414809559234215	0.6718077843085165
317	0.6256376887602965	0.05217329272070772	2.7210953193742733	0.3314047917325876	0.32848721826318383	0.10098897855226144	0.6343342017790694	0.6907495654720812	0.6325105905508311	0.6724245754968685
318	0.6210315167767977	0.050808708723867495	2.7385482539006105	0.33048679732703895	0.3262139601336162	0.10296396575253362	0.6384886657613444	0.6883577951843637	0.6430236412548169	0.6741931026909052
319	0.5942719265100177	0.05494275261638827	2.7850030421068417	0.33422187681603627	0.3339972291487961	0.10643905050415989	0.6228874799946381	0.6973183769033664	0.6273495443835579	0.6774451292224282
320	0.6021659816990336	0.05229474222180943	2.815882884063142	0.3205361640122715	0.32499540591493253	0.10642448954317904	0.6257329723526538	0.7199139496906977	0.6201853450131	0.6848430729765889
321	0.5925179985062828	0.05315595620507878	2.769586123524113	0.32775872496708275	0.313723586549022	0.10488727573570115	0.6383717025679064	0.6957455635673669	0.6381650230309435	0.6779937173398785
322	0.6197636105907104	0.05282404472407411	2.7845753121636223	0.3367533847335952	0.33574334380592086	0.1037081430210279	0.6222715936673339	0.7071212251864757	0.6308459924703322	0.6939993567501004
323	0.6224994527077957	0.052135338303021986	2.7453362066948195	0.32053578918055414	0.31875389140163685	0.1036692422943322	0.6252734521139349	0.691683962580242	0.635360792247599	0.6718725635550394
324	0.626472536189811	0.050464531632340076	2.710793201232293	0.331080903769088	0.32429208998820147	0.09885607584408616	0.6190257231982317	0.7015078953282136	0.6357929317126308	0.6775569844458501
325	0.6409046830634257	0.04884273098647349	2.671713550007657	0.3445596411440959	0.3383677565704666	0.09746519649103344	0.6185243193592743	0.6943249128459457	0.6403320200892898	0.6612395179820626
326	0.603759317252027	0.05230780726852476	2.764492382513325	0.3196729738257403	0.3224806361329844	0.1044544174380765	0.622076030261491	0.7019560395211719	0.6351246193587949	0.6774668606840488
327	0.6608586018120914	0.04883176149834629	2.6848110169656167	0.3441613507652179	0.34142735396451135	0.0974889706373056	0.6188683702829753	0.6902984554681303	0.6318200941352736	0.6792716751763057
328	0.6460910714361238	0.049475806307405557	2.6789456739811497	0.34055747729057917	0.33192398536297	0.09942779218243068	0.6371232377506322	0.6801591399726888	0.638727557481759	0.6656856805538287
329	0.6278464335062827	0.051541968193009303	2.728850950800043	0.33543823912580883	0.33717450146078687	0.10267346583669701	0.6211586700498564	0.6974386459086085	0.6428442124584783	0.6655645744420443
330	0.6120254240679104	0.053276936862977665	2.7342924526913674	0.3307762346729127	0.3272884637344278	0.10401239031953065	0.6345911075512783	0.6873702739174772	0.6398127481396458	0.6679696976139027
331	0.6359368060521867	0.051733874779324486	2.7073901031827687	0.3300518573513914	0.32808343241666543	0.1011119204537885	0.6308096585897083	0.6914805518619425	0.6347120646733213	0.6669202338817877
332	0.6411328518920446	0.049639945220135775	2.6853833459049965	0.33347371813979354	0.3349247296850174	0.0994841485049517	0.6305659032342322	0.6875217011357547	0.6447667259182183	0.6668605805712556
333	0.6471687631997357	0.048083103409878335	2.6560327150353986	0.3345442489461786	0.33738962762021607	0.09765237590929185	0.6375008673520987	0.6829375015997589	0.6479839194123265	0.6609017141153434
334	0.6284828265556676	0.04949609819890885	2.687406001618989	0.3248333971950761	0.33043702291209665	0.0999121365834217	0.6275549245031858	0.6933281756015354	0.639195634993256	0.6606553827380449
335	0.6402332680522835	0.04879974658430686	2.67510245288659	0.3364260987658059	0.3350043566207496	0.0992550418799208	0.6343815879728659	0.6785130706403304	0.629240478190779	0.6712423466703249
336	0.629415581448276	0.05097744178541534	2.710972111815939	0.3257612534516064	0.3231608873315482	0.10268900852718822	0.6210253939187893	0.6832290658821982	0.6414646823036398	0.6680740270250999
337	0.6408348182886886	0.04829531311488093	2.6866356174394364	0.34091959010491674	0.34285879076204306	0.09865927668067728	0.6305244161871372	0.692260327382325	0.6402051816307431	0.6744111659982467
338	0.6406929634578848	0.048824158926252234	2.6872639596414656	0.33571324348367276	0.3379789154203331	0.09861187252027892	0.6133887208916133	0.6954641126003042	0.6434869642976954	0.672705156064776
339	0.6476340741133075	0.04917626988885407	2.6944724564416505	0.3235672616134085	0.32988725130729785	0.10119213288144717	0.6406257828096319	0.6795796103971831	0.6410765937559447	0.6707315348408024
340	0.652161137185538	0.05024584526028053	2.659844743053679	0.34115571928472516	0.33967917988489515	0.09766421084670761	0.6422688417233451	0.6831923860056083	0.6413615165055518	0.6677022122118363
341	0.6212817956664709	0.052526399210622916	2.7174214950926543	0.3249492374668521	0.31526745810944345	0.10191189031279528	0.6354368923167838	0.6889379922620851	0.6367346193101558	0.6767925149048457
342	0.635856431986834	0.05001698111872827	2.7069131948543665	0.3348118715745719	0.34630661764871346	0.10139103875155141	0.6329112513088792	0.6921227956931896	0.642380627605822	0.6676000642957349
343	0.6057975392797634	0.05341844776154976	2.6976958831193634	0.3346298129470242	0.33318466944290953	0.1011264999336366	0.6328620921343258	0.6885488457682287	0.6519680009887835	0.6639804493676547
344	0.6132304278149564	0.05101575776845383	2.7089917735911317	0.3361530596847082	0.3280319397510331	0.10134473779269251	0.6303275415543983	0.6848737659656148	0.6295843122688728	0.6774997007094833
345	0.6225682962439447	0.05074624326065211	2.686083277902103	0.3508653459290284	0.33364866493133694	0.09913520836924536	0.6323728071102256	0.6908943952954384	0.6290037650326188	0.6708411989232343
346	0.6246668613778971	0.051779077509564383	2.681637151145478	0.3276903542974481	0.33040006132837696	0.10029180668490759	0.6360651825359284	0.6810835869286268	0.6300528229369318	0.6649793481173146
347	0.6562745582332933	0.04899248699807592	2.6550647627967834	0.3492916830616265	0.35818104665101747	0.09730021801219679	0.6343308316240067	0.686649147336839	0.6350899549331355	0.6633568546589239
348	0.6426970863371644	0.05086712344379296	2.6981747192621928	0.3363923707256881	0.3276431188663719	0.10098349308064081	0.6380468209674577	0.6881339655520277	0.6383703616465993	0.6689597896226137
349	0.6179182838857302	0.052256274733881794	2.752392534375794	0.331549710656843	0.32591104960462375	0.10384477217752851	0.6345932156234649	0.7012282005167401	0.6456634261837956	0.6793839996137738
350	0.6307724387493745	0.050731392775354614	2.697466015403246	0.32666445770691904	0.324669250409655	0.10176420654672193	0.6340242441079593	0.678624549880128	0.6368818783822289	0.6673553298771112
351	0.6219709143553003	0.05148902928740746	2.725928591704603	0.3315421030220772	0.3272193072995388	0.10226611027755349	0.6274569651130804	0.6943947187614212	0.6395366504104124	0.675525639645432
352	0.6162606061973309	0.0518184075655556	2.7220734672911915	0.3393258249111178	0.3295585084140794	0.10279255851087876	0.6314458097561632	0.6896748329243318	0.6365150291445194	0.6710242280815395
353	0.6026015507409846	0.049770122592277685	2.7035898145666013	0.32054732115034923	0.3249012921351638	0.10034213313475422	0.6302598936325127	0.6939151025545035	0.6361936484565243	0.6724430589733652
354	0.6318199975456825	0.04887152330650947	2.653348880750815	0.33198663948227153	0.3300166010929378	0.09745126359694208	0.6387336728503843	0.6819960377795092	0.6415786755858722	0.6632077710280115
355	0.6004598800688535	0.051370107776780125	2.7062479596776408	0.3158810684892397	0.31241740656247563	0.10239734965093218	0.6292548677132024	0.6817589070462533	0.6353010017427545	0.6672267712254076
356	0.6239128212320768	0.05104173344651935	2.6853101847493526	0.3352365755259398	0.33608041824125245	0.09936423380882746	0.620646734504143	0.6855969812710107	0.637095343793494	0.672453860431267
357	0.635913186073508	0.05063504129073104	2.740084301927225	0.3378463578006843	0.3335789231407106	0.10204583566386966	0.6238709004375178	0.6953627190153301	0.6156927841548318	0.6868838916076826
358	0.6159031160623758	0.05139345398194055	2.720529268801387	0.3345828875342761	0.3346462130265151	0.10118146756520638	0.6293675458623257	0.6942701974637273	0.635172169905477	0.6753909033459172
359	0.6060326685376849	0.05122324606289183	2.7301336711221533	0.3260807376481961	0.3144435569502046	0.1031075609634222	0.6353419506986407	0.6939518909632668	0.6248785719496618	0.6662407931508554
360	0.6370218075170524	0.051009589083104066	2.6822054359485787	0.33960412556649383	0.33528350930865713	0.09906882389741341	0.6377775670930951	0.6824328700674954	0.6355978924874313	0.6711336189218109
361	0.6298825335932047	0.05221095399116507	2.733071460602034	0.33402140561611443	0.3367596571867902	0.10293115796320515	0.6428180451302345	0.6932797937561992	0.6293867685526574	0.6726316014581898
362	0.6281164721910586	0.04982004707194775	2.6493612119800587	0.33044489671522814	0.32454908346603356	0.09734311878992533	0.6457773290017943	0.6799530902615183	0.6341623119785401	0.6592353585317219
363	0.650904290762108	0.049546608949486155	2.64991716082692	0.33850972853123285	0.3362244971079122	0.09687901790694319	0.635943878394332	0.6888833777968605	0.6329151980556484	0.6568841953321375
364	0.6067536341651563	0.054079048033870133	2.7133334825290847	0.338940629935772	0.31479579794856455	0.1026337591473619	0.6339106201130746	0.6850490984461045	0.6404406159889552	0.6676090229277856
365	0.6555991731584118	0.047697411658723744	2.635166944929473	0.33187058126387803	0.3343295534861953	0.09573289713682744	0.638729377794867	0.6842916029975679	0.6440502116080062	0.6603137186336999
366	0.6607025393448882	0.0484033850605937	2.6402836594773254	0.34369683351429564	0.3484878022512772	0.09596005641766803	0.6350233872252556	0.6838585112699017	0.6401000262258012	0.664036263866186
367	0.6374698114140975	0.052276213481597895	2.721972818732547	0.33739845290103143	0.3407318576982445	0.10197853557676244	0.6328253208889513	0.6969321958318111	0.6325755201303945	0.6714088703394888
368	0.630105015400972	0.048380627654074415	2.6563625446748063	0.3577700188367139	0.351240026623131	0.09833311297679664	0.6510420323507401	0.6772773636206052	0.6452220262545946	0.6621903921096985
369	0.6626992455900288	0.04726980214986612	2.6389449692038993	0.34624319268585135	0.34338936125347386	0.09635501174617629	0.6395945915016572	0.6834704587759095	0.6454030203285881	0.6592742513715507
370	0.64518286473622	0.048451288228188706	2.622878621828375	0.3497200687944538	0.3499399802818197	0.0953558280375891	0.6396857827757866	0.6819097790386184	0.647871237698015	0.6553240924446958
371	0.6623652336146619	0.047256378933766524	2.634397553674141	0.3631314118700501	0.3656045911551491	0.09641826292809762	0.6298018715501782	0.6793039288805113	0.6450349459046759	0.6599209974079904
372	0.653326254781568	0.048848764259206555	2.6315947552135976	0.3502206061074637	0.3577242777915251	0.09631220535552419	0.6326813563748805	0.6786404633287232	0.6464260466169982	0.6597521826486052
373	0.6643919778474874	0.04772721892527667	2.626333411938655	0.3454650610560757	0.34698594677171224	0.09469021521439284	0.6227169436480142	0.686656719371617	0.6452676524412033	0.6628338898040527
374	0.649336597757647	0.04787817039537658	2.6587537018453817	0.3471015893894349	0.33464043977266233	0.09825871581256802	0.6440696216401882	0.6848929287161255	0.6384676628717886	0.6611620903903574
375	0.653527189064101	0.05010406293038409	2.6820246675466963	0.3592399455967376	0.3592345721459462	0.09876122825950313	0.6154642885290005	0.6922816197098587	0.6413180423170265	0.6707508957922252
376	0.6371335387246336	0.05016542689184147	2.665675001858967	0.3425395060749095	0.3440051724521325	0.09899172809551078	0.6329588129686194	0.6825287573620585	0.6398331508727136	0.662414374640561
377	0.637660710960635	0.04987429925814441	2.6449742199164423	0.3364417803470542	0.32770900080714216	0.09700304720206704	0.6212407007260397	0.6792413192700286	0.6334168367719062	0.6651236398647782
378	0.6544600212665547	0.04953944685702585	2.6399268099752105	0.3541767878503094	0.3454960295478575	0.09655268828833011	0.6333415495859442	0.6769182691873628	0.6419650361386312	0.6673010816782244
379	0.6476190928197227	0.04952955863044154	2.6530259418969844	0.3586329577782533	0.3491220693680648	0.09656733352049396	0.6219201290478348	0.6922987715690924	0.6377470557620099	0.6650513094696936
380	0.6523341983002421	0.048612752809103245	2.642049255287327	0.3411589801091512	0.3376620710007173	0.09638571945689113	0.6221068491629338	0.6842166284852311	0.6394345351133325	0.6640569778129018
381	0.6508247677481919	0.046570956060503724	2.6103189479870017	0.3434564205734758	0.3519286775006544	0.09411580164985975	0.6326858233431817	0.6802910175576057	0.6382394289985028	0.6594939270027781
382	0.6654495464064102	0.04778225137759173	2.591162565543292	0.3542897745820735	0.34943015484191947	0.09250854034773016	0.6301900727159614	0.6790466235138998	0.6483356893725446	0.658831867459038
383	0.6386426630294004	0.05045835545055007	2.6452357752195597	0.34523938342154903	0.34492942045235697	0.09813228507157111	0.639178735190374	0.6724203611454622	0.6465559674951218	0.6630569547216467
384	0.6557450036658922	0.04941268508253872	2.6680529639858626	0.3373131267123334	0.33836390621741086	0.09929780156215534	0.6315180317678418	0.68191410858548	0.6341222277400118	0.6643664729636434
385	0.6326038088184393	0.051075057883389716	2.6701740947276122	0.3409417828069559	0.33963475823988687	0.09841441539395576	0.6438701846576794	0.6875007941759677	0.6378289240751727	0.6698034957570854
386	0.6430953979904028	0.049020995567896075	2.6558032456883605	0.33531427823450405	0.3315227144531507	0.09574941599616146	0.6351839864464031	0.697702286366868	0.6401239089362188	0.671339032487854
387	0.6502888104528098	0.05028289702460904	2.6551179086587706	0.3417377171093631	0.3438703800441731	0.09830008911468151	0.6345669400350414	0.6849127988533545	0.6444897898742671	0.6581842607010671
388	0.6176460801864733	0.05102953999130998	2.719410036039822	0.3355700183092446	0.33956662841911556	0.10085374143273075	0.6259345678751441	0.7038177557930148	0.6391891925832411	0.6777579555699951
389	0.6238336856831651	0.05110668809006141	2.6960456155543953	0.32356293071162456	0.3211107677453316	0.10085958208951237	0.6309937096961973	0.6857419312317574	0.6328886290315081	0.6719212957541614
390	0.6355429153451886	0.0501620123529247	2.655043389970456	0.32975462240476716	0.32370323037690296	0.09834111027572268	0.6298077409379561	0.680582611023634	0.6385963314487026	0.6613326891166021
391	0.6579579892540174	0.04801920761466066	2.6339454428452203	0.3454203915395067	0.3457994551159889	0.09574344891203046	0.6238054488182545	0.6850556459219366	0.6425888484259032	0.6619259102454933
392	0.6491825537541688	0.04926495111428671	2.666434863319986	0.3537380290020179	0.3566657125224586	0.09729726144155036	0.6255561750270995	0.6959285851580874	0.6444221910331798	0.668020566640333
393	0.6497265481053749	0.04956869232238513	2.6488063111722804	0.3560728973567854	0.33628426358323865	0.09652204882271245	0.6407270517412726	0.68737653186577	0.6433020737021666	0.66709062422975
394	0.6421779517107047	0.050402209429441694	2.6613275950215804	0.3447770079657857	0.34336045301144424	0.09783874415575125	0.6240123315086911	0.6860640186291919	0.6409504303567817	0.668042272321398
395	0.6496764260748265	0.04877669159208948	2.618900683289803	0.3519279852410161	0.3604386876146411	0.09583543729863016	0.6367222375477466	0.6751907848125129	0.6461649313890058	0.6566117715575386
396	0.6619378436234775	0.04737852349513455	2.6068594697183647	0.3451496936659591	0.33767326806336295	0.09392706284461613	0.6314618164468698	0.6819025665513689	0.6451086158973498	0.6578262106896969
397	0.6659416435667488	0.04828683684719094	2.638533605709335	0.3527221875176405	0.34421961116605465	0.09671503815691872	0.62927842258581	0.6782156478495619	0.6402899971808789	0.6652058727934159
398	0.6796838416519573	0.046430265957562486	2.6135897200127247	0.34660263657861845	0.34637762553403884	0.09406049085628773	0.6342308962064546	0.686745064473387	0.6433147265088724	0.6583544738295233
399	0.6413016815982217	0.04674045464367523	2.601347227410049	0.3494841796961512	0.32895246065100553	0.09280237096659531	0.6420950989282935	0.6781141488657437	0.6298858150926514	0.6682669371723462
400	0.6575003789252709	0.047236912196171404	2.6115301966762363	0.34002695315471954	0.33890070292472235	0.09356459669445562	0.6465560136899193	0.6876431229919203	0.6328992005307256	0.661976409911919
401	0.6478764412966587	0.04895142766817837	2.6503398101127367	0.3404466252531604	0.33826069091445105	0.0955418740067753	0.6256843872751456	0.6957198309714343	0.6356062941199616	0.6716656301657443
402	0.630402780881935	0.05217221187289317	2.679894897161661	0.35259918961829095	0.33413974169768723	0.09975555724503275	0.6416771854154866	0.6841142416904669	0.6375974853278585	0.6701181046436656
403	0.6495911780744826	0.04740402666543999	2.6303274266923524	0.35111075283318066	0.353976578651826	0.09468966457047835	0.6304178244378918	0.6908428149477801	0.6408357656479112	0.6648335110119502
404	0.6622476824996582	0.04664609988242594	2.6446893360502455	0.34995711066256896	0.3532945125309902	0.09504789754645222	0.6337393455794538	0.6957462989240052	0.645155991394009	0.6704880807163045
405	0.6359211090764664	0.0498788698839402	2.672218336651609	0.34937066547713097	0.3365485252849329	0.09961979705240455	0.6223742177031358	0.688369210996874	0.6457901193494859	0.6589396014980157
406	0.6541881360503083	0.05018186130076806	2.6487312408276686	0.35593768930023817	0.35131457493047574	0.09770953698276617	0.6216419725776248	0.6800812799657061	0.6346043872018095	0.6637800425679753
407	0.6406251748271519	0.049373776660099254	2.656444354548491	0.35210471646756103	0.3355552737995381	0.09640842210030441	0.6185464838615616	0.6952289857142842	0.6360385897601515	0.6689413347506352
408	0.6792206948841057	0.04598374366571858	2.617717957858364	0.3492306286769824	0.36194629029944453	0.09460779031382173	0.6297726506655434	0.6850158957874074	0.6418044714649629	0.6589572517072897
409	0.6432241204860709	0.04915006384218797	2.625051644592803	0.3414303274593197	0.34258532483036996	0.09482437220003206	0.6267583178593832	0.6876874915503872	0.6401345389504229	0.6624550561750066
410	0.6414450287785755	0.04894585343931016	2.636754693710839	0.3283668463883293	0.3335314616199883	0.09619029309121668	0.6324917696309512	0.6877062914931206	0.6356318205971958	0.6602987257571876
411	0.6583384151170315	0.04677211624337918	2.6334209813695972	0.3566588715163222	0.36308689541517014	0.0963241615170791	0.6370078691754112	0.6855042374828949	0.6509540368800353	0.6580420013101678
412	0.6539195957582719	0.04786581815152741	2.5999208384763377	0.3561694076632135	0.34395403603013397	0.0942084009097014	0.6386569746721671	0.6779939834348756	0.6416300961366023	0.6532422970164352
413	0.6396802480947283	0.04904807805950563	2.684965913842135	0.33923014036893684	0.3424406823150734	0.1005159791376534	0.6385083160754839	0.6814953386149002	0.6300990455173682	0.6705469813060024
414	0.6749338968715656	0.047459041668037195	2.6246306777857136	0.35729956598756735	0.35642493972856976	0.09397260198408788	0.6403447401914251	0.691342112871761	0.6274170257274715	0.6653557244707112
415	0.6480494468957848	0.04906499806081587	2.6552110630240504	0.3616540549273916	0.36148072273266574	0.0961176294621228	0.630454384114191	0.6986396082354442	0.6408212631861478	0.666833732882998
416	0.6742791652836181	0.047101592921446396	2.6465904422030984	0.35823005224634497	0.36058584009252687	0.09686670176901016	0.6221076772493797	0.6847650283570299	0.6435555590795461	0.6639705541081844
417	0.6435261917072064	0.049334498921035926	2.654489169547239	0.3376911637721979	0.3463434131194295	0.09847434796938276	0.6304286399058238	0.6837680236373711	0.6393208337566523	0.6574017060050502
418	0.66128335260663	0.04931204578332803	2.6621443968616267	0.34774245738872867	0.3466310538056203	0.09735701195469301	0.6367593346391877	0.6893776448238775	0.6344397971597353	0.6701621008912458
419	0.6228461809531133	0.05169052704955539	2.656309013135705	0.36062661159551346	0.3311503145338833	0.09770461900067005	0.6375217937940459	0.6868306562197408	0.6392152142338555	0.662468745491433
420	0.6374043189993219	0.05085500110325492	2.713777196448567	0.3369838269951134	0.341515690544827	0.10247799855033975	0.6248320984105896	0.6867687262798962	0.6358989800893919	0.6725297702383671
421	0.6163256806569396	0.05364233610563085	2.750747281565195	0.34507424697201616	0.3357302902610357	0.10307885748863474	0.6344076044850905	0.6926917877164267	0.6249751287329357	0.6942504374530997
422	0.6436321375244188	0.05089364443316417	2.7209581596469956	0.35557244848849456	0.34735597561693005	0.10155853098082374	0.6374950887230936	0.6919973479533785	0.6379961133423392	0.6784906974491173
423	0.659655753606517	0.04633136670035006	2.6123358613796808	0.3565879200661055	0.35104037867415067	0.09304980691428162	0.6326556120332357	0.6864893193142764	0.6471629666238075	0.6612934239738191
424	0.6761574173733826	0.048016217292061125	2.618002483271715	0.3527422600778333	0.3429345303468994	0.09503961733468264	0.639726459846398	0.6808162180943346	0.6420678196745968	0.6542481497973244
425	0.6559390391153281	0.04800344769993392	2.623786728116214	0.3643322105486116	0.36411633780721137	0.09542415017301267	0.6385404518431399	0.6755669720794154	0.6384420126734213	0.6627394572388215
426	0.6623962995081832	0.047137502049157155	2.627836216787471	0.36269154084276983	0.35247072876997326	0.09486258371331795	0.6351425319900461	0.6820490242542027	0.6462108152009431	0.6668017102122339
427	0.6444593425604443	0.04820011143411748	2.62340766948241	0.34840753273078673	0.3379960223630409	0.09511334909434042	0.627549246456242	0.6846614621137411	0.6478072357925753	0.6575938581801616
428	0.6565252714386776	0.047348812908888066	2.6161180279944722	0.3668309173999983	0.3578467642686852	0.09344117996615792	0.6286004263639207	0.6858987569063307	0.6363345104036384	0.6656728899634389
429	0.6283486060471684	0.0532249285476835	2.8305955969148218	0.3227007983264111	0.32870770859966925	0.10464546637347333	0.6140531068205721	0.7419933415899767	0.6346918549436578	0.7058894448785474
430	0.6305414700320683	0.04920998505384349	2.6841195524135486	0.34676206578127294	0.33393869256281433	0.09683965027554416	0.6189506026531124	0.7067666959819687	0.6383752030612071	0.6707942382845753
431	0.6456411257746506	0.048724931458272544	2.6588590137495904	0.3463212881354989	0.3381526373449564	0.09736836792954207	0.6284936878370334	0.6823350176679222	0.6382543083688333	0.6653314229970541
432	0.648962611621719	0.048761911050183265	2.6800489300960617	0.34154254928335903	0.33979613986232976	0.09821057894646662	0.6297942420631534	0.6896616738068477	0.6382186778692394	0.6717217508420875
433	0.670387002558816	0.049036878231037306	2.6207338898049284	0.36097801360537407	0.3630050652879705	0.09399564022390186	0.6385459440454659	0.683216155852477	0.6442335963585539	0.662258291564979
434	0.644512967752163	0.04894693678164136	2.6436707289065966	0.35188952723065586	0.34295380962061267	0.09617634464401355	0.6273927065148748	0.6836510249947753	0.6388068820183371	0.6635700002023125
435	0.6529453876966069	0.04843682175889385	2.6209272120206446	0.3453379864131495	0.34303171439260643	0.09401229141433251	0.634482404313099	0.6856239732351904	0.6402217958646348	0.6612685293014741
436	0.6472386010592575	0.05060926115198325	2.6467661283293524	0.3624998069318701	0.3415987784194342	0.09706461796968865	0.6178720299616365	0.6815606011080241	0.6436594710311839	0.6614325275153342
437	0.601693089464195	0.054939553063260704	2.8021275420946616	0.3259458888344731	0.32707133435740815	0.1070978777849487	0.6230582633650406	0.7095197132841399	0.6353513654252296	0.6842388196974509
438	0.6040511699760052	0.05029437260908993	2.68404203680306	0.339708059692326	0.32957836558662895	0.09947181678515167	0.6396904827384172	0.6875511099834026	0.6443089527470955	0.6628420603364142
439	0.6497115138560842	0.05088408103340129	2.665626914760741	0.3677829886645266	0.34988546916636065	0.09750440067618824	0.6450971280895259	0.6822677497093367	0.6420363119521654	0.67025186549421
440	0.6419207528946959	0.04556074121008615	2.613940272713266	0.35624020091968733	0.3415845579297958	0.09277297371276078	0.6397732687954959	0.6800537903416115	0.6408294494551301	0.6690942332295303
441	0.6507673318937551	0.047752556868496415	2.6048099031339214	0.36216661750804696	0.3600881709149006	0.09279962183819875	0.6378705254941975	0.6818261508266438	0.6469750813317298	0.6586323896953963
442	0.6506019862907181	0.04757344845329387	2.610193312723395	0.35604439195832466	0.33958065906483725	0.09337913285666223	0.636147756387104	0.6839697110881379	0.6458637479656606	0.6570193707578068
443	0.6588398925553941	0.047159166144698436	2.596687061087959	0.3847671675841705	0.3550494372896692	0.09223593886676924	0.6276169314502866	0.6802580547691311	0.6364987750499148	0.6595044300249672
444	0.6618497082761005	0.04868961284336199	2.6212760481962603	0.35746355205365454	0.35355010303368123	0.09578488452673863	0.6414251883391111	0.6720971666833712	0.650005170725747	0.6571827710452218
445	0.6661073742678479	0.04790847092923416	2.6129147699610935	0.34833733224557617	0.3514809483459111	0.09362765656531825	0.6292739148793427	0.6813744811149299	0.6370802077898414	0.6613767308093527
446	0.6581614205448907	0.04929295736510036	2.634417074996485	0.34707380389786674	0.34929325019829355	0.09683390623684858	0.6352636824810283	0.6761977023858798	0.6513654322967547	0.6568939455779652
447	0.6410721078046185	0.051938430163468934	2.742070172104012	0.33649376767908923	0.3276160653824088	0.10322501828176625	0.6290713966017728	0.7032215393681078	0.6396828522406713	0.6708816137122194
448	0.6528491775977985	0.048848558909643715	2.6561321618235234	0.33941536421553165	0.346195314901134	0.09646324233303433	0.6287172385672956	0.6927835885628697	0.6481140189349862	0.6627024540978605
449	0.6353551506548467	0.050593372932636486	2.7040504475429334	0.3494939457344469	0.36061366312955173	0.1002244776938312	0.6301470319758525	0.6925198318382702	0.6341131342843728	0.6728796757279731
450	0.6201542330092229	0.05131903524731928	2.686895955107077	0.34284664964095185	0.3390967220915243	0.09879208933378601	0.6256421289273559	0.6892825463984538	0.6475344467418721	0.6715491228767427
