epoch	link_F1_0	link_loss	loss	relation_F1_0_1_2_3	relation_F1_0_2	relation_loss	source_F1_0_1_2_3_4	source_loss	target_F1_0_1_2_3_4	target_loss
1	0.0408678479558913	0.3730034094749057	13.385596921985252	0.02783927996598193	0.023966453084740526	1.0048291080764928	0.1956620914210935	1.6185143882047315	0.19833849085577152	1.6114225006496967
2	0.006463524824230649	0.12998971530643588	5.520699273724489	0.008448697285347124	0.005461153754919747	0.28313165178459504	0.23641905807718966	1.2924754773171176	0.2407408368337752	1.288117665939265
3	0.0	0.11837924113569026	4.778966318555167	0.00913018879908468	0.00672529668988271	0.25153046178276756	0.3596267594247251	1.086740142968477	0.36789975850963236	1.0688111423922562
4	0.013181304524828137	0.11125625098768165	4.32827629886284	0.014135380743379344	0.011704821266077244	0.23510693484857292	0.42226911473951023	0.9393857722670149	0.4253647421174518	0.9307661534450395
5	0.019960408430654487	0.10894962395785542	4.096133965617137	0.025197464713133395	0.015916076183256925	0.22604453064340652	0.4430262158343664	0.8678796218213864	0.4451566559145676	0.8619127630283137
6	0.0366563856560434	0.10568995529174456	3.8899926017312443	0.029932646390290116	0.025512905344868043	0.2172480643029571	0.46286750018720446	0.8099091470336737	0.48895483092489056	0.8025621472520018
7	0.0472694248989426	0.1039350802876553	3.716700824296376	0.04445830223121105	0.02898034647537951	0.2127948779159637	0.599661508951697	0.7436936651657705	0.6345781186211045	0.7407284637366263
8	0.07356011476652445	0.10014974265905939	3.5505417710706086	0.058911515734743146	0.049741273746719224	0.20510701352464158	0.6684639798440176	0.6986888896159298	0.6611538520309159	0.6966947717158313
9	0.11838154234305802	0.09848519913517068	3.4287642637782825	0.0772414461142561	0.06715817517188591	0.20043217826070447	0.713189754171247	0.6605476512612578	0.7134080449367707	0.659732154615388
10	0.1268855044060649	0.0965966785587876	3.3304577714622035	0.086226089024423	0.07813204018857597	0.19625347735504536	0.7397399961147438	0.6316651347107414	0.741882910682334	0.6317327288607825
11	0.16911937953279724	0.09587245038592787	3.2582696250121517	0.09912845490813903	0.09702311180746018	0.19631183788374698	0.762676446161311	0.5950312867566313	0.7665475351539667	0.5950064854336953
12	0.14312890402995762	0.09364383208218616	3.135294774158032	0.10352392977899434	0.0910286627654732	0.1891864439195415	0.779251649685993	0.5661757154797251	0.7779374773413555	0.5713431674740179
13	0.1865145087569985	0.09278024967223414	3.066293566855846	0.12269018399783566	0.1303278805452826	0.18860487010065216	0.7941605536712167	0.5387783793691374	0.7978500072914604	0.5346150183125573
14	0.1897916443479601	0.08964549154162185	2.9593560099125797	0.12774867752158603	0.12693119672591116	0.182006066298672	0.802241709057855	0.5154794981172182	0.809613815598347	0.5158933004444192
15	0.2712176636416722	0.08830391408690659	2.919506351903997	0.14902167485330245	0.1740295723336149	0.1789477205537071	0.8070023424676109	0.5098034906552324	0.8102222154642341	0.5105596846695876
16	0.23033918949441354	0.0865419431122767	2.8372426511824433	0.13772862639567973	0.1298303936794152	0.1759951356902524	0.8300778409796451	0.48130194461263176	0.8284825286524926	0.4847298748662315
17	0.2530880921354082	0.08542134568971746	2.767305114436156	0.14991883876581444	0.153669715110757	0.17217434774454618	0.8332986762864715	0.4611024301135226	0.8316400445369121	0.4715944845997846
18	0.2721947248460707	0.08505734339423848	2.70576909427983	0.16713244463663066	0.1647579065593427	0.16946086518928538	0.847529840836049	0.44519709507566135	0.8430431949791002	0.4514897955417443
19	0.3057291287866791	0.08076771811624538	2.6263417591590463	0.1773182722216447	0.1828093926020397	0.16423197183138297	0.8506162899587384	0.4310537067092985	0.8437406337056651	0.43683579963891467
20	0.31578154763477223	0.08299999615925643	2.660449249585131	0.17900862814393995	0.17909127632191604	0.1675449623747379	0.8477022706896244	0.43466552324535557	0.8421250837840274	0.4316737552589643
21	0.301998148814705	0.08089967861440403	2.6089630789473746	0.17546381207085707	0.16658211308342416	0.16351339315397168	0.8540719966490827	0.42732812800177683	0.8514820667021865	0.4250549701202858
22	0.294051663899557	0.08074744828967519	2.5777783680222344	0.17487397866295612	0.1746034989430866	0.1626570338245986	0.8450260459223278	0.4120979644586217	0.8409453900935819	0.41509310292743895
23	0.3487577325213535	0.07950976772032062	2.515895356784833	0.21038485563951437	0.20480166339148848	0.15810469830483556	0.8533034425461296	0.40476331061621373	0.8507333794282222	0.404419565822712
24	0.36941549392163225	0.07791121920735826	2.4826554954289946	0.21534460196208277	0.2216755548772403	0.15737402869057776	0.8631629316231956	0.3881542831857629	0.8564313096789338	0.3932318261901146
25	0.39129194469655143	0.0744393021349208	2.3948717171250427	0.23513879863502804	0.23747002254729835	0.14953173587328264	0.8688793480056508	0.3855310859897843	0.8683973737555621	0.38473020175891826
26	0.3890613340264653	0.07509051377014701	2.4140540628253	0.24375220306184925	0.24382180444077725	0.15028211517749804	0.862997446280938	0.3858092485716091	0.8690005356093534	0.3932443325240973
27	0.37494972384852066	0.07786299897983	2.4344105208875146	0.22208290861581975	0.22119499003945794	0.15358145713869611	0.8714994931346479	0.3808957055540265	0.8700079061810096	0.38215096205639526
28	0.39082680787548857	0.0729717873046777	2.332788970469159	0.23753579871082564	0.2285007293623399	0.1476053551220183	0.8754622687527682	0.3588840136359529	0.8742403321423441	0.3600221325365476
29	0.4014857380323545	0.07345991571762792	2.2763206209786113	0.2506581245781676	0.24184260829265178	0.14416329414723306	0.8768577753478709	0.35026946908970097	0.8894547600840195	0.34508723112570344
30	0.396866559525338	0.07185277759895971	2.2960332370293024	0.2568225210568114	0.26466346718718464	0.1449744573166896	0.8823291217580149	0.3555929499371178	0.8852809239755071	0.34909612442906435
31	0.4046377452496576	0.07277853140398753	2.2914454596360567	0.24354519626678012	0.24408900132392347	0.14430735452709947	0.8826183283567212	0.3526253499564637	0.8805497322512403	0.3512863359823803
32	0.4286290409260933	0.07039070311692806	2.2258025911344883	0.2778588064244404	0.25090662084189597	0.140118138588487	0.887067178405999	0.338277432193996	0.8886058933296274	0.33956678329486306
33	0.429461786887475	0.07011454047708077	2.2009840995541334	0.2674524078920437	0.26200156778822603	0.1382018163064502	0.8870835351226061	0.33640476369559524	0.8856193852600567	0.33364599129685324
34	0.44347499686691194	0.06909996423635326	2.1944750220114986	0.27200570922122946	0.26393315038405973	0.1370995895883045	0.888184770413317	0.3379698201859286	0.8883773684015324	0.3335126828990276
35	0.41699337619764487	0.06958046568310226	2.1761341548073885	0.2872933937830869	0.26152755936892	0.13736951064704137	0.8890823692143445	0.32370008420350865	0.8961294987307512	0.3240879766438786
36	0.4628545184782601	0.0677714176596972	2.134806505949027	0.2876139575537494	0.28732045322754	0.13394285649426096	0.8938377810520352	0.32117858280407674	0.8965130827281205	0.3175198008540085
37	0.4775524592305772	0.06800268462836537	2.1745713021420787	0.27685765637545096	0.26444309293401663	0.1357231789687735	0.8880065216031949	0.32727346762653864	0.8861950126416147	0.33045949491614957
38	0.4737794444399637	0.06491142614638755	2.0947195197915915	0.31645251429562216	0.31767674177750477	0.12985170828136383	0.8938866959407027	0.3159002430116302	0.894525704424654	0.31829397287938643
39	0.4764885953424583	0.065497595843127	2.0826367891973914	0.29507628329028207	0.289340972224894	0.1300139970906894	0.8935630634801324	0.309052043733982	0.9011619488706982	0.30913063857009315
40	0.49855474582196446	0.06469553813094356	2.0674238349485816	0.310602865875846	0.2958060528859772	0.12922022419706253	0.8983869441675432	0.30076210662060227	0.9012890052027346	0.30761855683619904
41	0.4968194796134084	0.0630168440234385	2.051304231179912	0.31675412090604554	0.3313760671895381	0.12751387926014396	0.895979227829849	0.3030644939051748	0.8936055449206707	0.30379910217952566
42	0.5239913789578243	0.061637727893732286	2.011592339400062	0.319944494012359	0.3553070684847165	0.12437351502920359	0.9005879867017538	0.29835862170390254	0.9031826076935577	0.2976108096165165
43	0.5102040553175315	0.06425775314830214	2.0487508273422956	0.33164450171949095	0.3293787472101462	0.12548006571767842	0.8933116857254751	0.3051520998978634	0.8959115700806636	0.31388728181978537
44	0.49289262972745806	0.06475801903497659	2.058976926716649	0.3131731669566232	0.3091194084375978	0.12659324845410674	0.8979115185608322	0.3087301161303811	0.8980298290450126	0.30537723109724996
45	0.5130472624312834	0.061638960560760445	1.9819102204160104	0.3176428442111108	0.3165007094548453	0.12170560171518803	0.8976420700331513	0.29502896570305825	0.8994933627618598	0.2883123797417829
46	0.5129299315926111	0.06098517549806987	1.9729526840945588	0.3262172168748329	0.33951969365982343	0.12172273233620162	0.9032746053768912	0.2852347504792773	0.9039429578598306	0.28711226801860196
47	0.5101843305967411	0.061523010068797894	1.9933507864006281	0.3032577929385469	0.29979312633185645	0.12164906865704209	0.900324415034316	0.29610527526524777	0.9049094769042069	0.2949837064283751
48	0.5295724715937673	0.062248025946457924	1.9825062407976393	0.3473724471543247	0.33342786355599935	0.12178764650675014	0.8985843646151033	0.290755344543379	0.9052951549218913	0.2857723028292705
49	0.5265520299681159	0.060362009775307	2.021805382676032	0.3203520498404793	0.3374982821831456	0.12280438620758749	0.8912674332356094	0.3019171013738013	0.8944959816183793	0.29936538699351
50	0.5266435485317889	0.060888845976248746	2.0059030611273263	0.3191993923691834	0.3248396223401939	0.1212169346442986	0.8999086396585171	0.29586920205435285	0.8982183838677692	0.3013385328656821
51	0.5311640924101155	0.060717636436751495	1.970720178496498	0.3265595013925516	0.3177290129983477	0.11890620664297535	0.8957229626205705	0.29355950417561766	0.8998780747151213	0.28855041849992363
52	0.556276907089985	0.058490183609712545	1.8993553044886737	0.36258729975985493	0.3691773804843859	0.11430088300550431	0.9061019601765505	0.2765191464878506	0.9069863796484713	0.27852297767040923
53	0.5740591774359903	0.05791585541178817	1.8838928358047795	0.3422481940788925	0.34392138844639886	0.11389692018533883	0.9052559372489183	0.2725128626070633	0.9138500240864563	0.2694080801130864
54	0.5732226331368392	0.055633151286502515	1.8500260409282059	0.3545304469974287	0.35918258832434397	0.11085972641459609	0.9113464215846616	0.2709959955716945	0.9147402676049229	0.265152888542593
55	0.5800638215664149	0.05714722861289692	1.8599282617038446	0.34972239941374084	0.34852037028129434	0.11289486855304175	0.9075579358563647	0.26180396744639817	0.9125394062732441	0.26263289945237267
56	0.5936598056983926	0.05777147375860286	1.871033329325278	0.36049467051682493	0.3761119349427514	0.11242570972086459	0.907909265565114	0.2668772053696356	0.9124064459476133	0.27076520711492913
57	0.566529073608327	0.05597278071998249	1.8622360491898582	0.37801822457110185	0.3818304823050252	0.11128763220996053	0.9076876299686777	0.26868982423698773	0.9117695518280832	0.26878391412905567
58	0.6122721939370128	0.05282107811735481	1.7938769186847159	0.3933441348806163	0.4020386498802372	0.10598611223739704	0.9100253453146347	0.2596609659586176	0.9175104136733362	0.26056105412477376
59	0.609140158212044	0.054190711695120825	1.8304684844174408	0.40211998307272007	0.4007382831427497	0.1094536206454221	0.9087156616695836	0.26031300829094334	0.9158340947139605	0.2590226696698565
60	0.6171233007314437	0.05225052474954557	1.7552902199881235	0.3960116578033394	0.3876494920335959	0.10350528090402963	0.9132169973874056	0.2526699739300351	0.9201848723586243	0.2487721154275396
61	0.6073069413006198	0.052720418555866795	1.7319273074986232	0.4216403529988369	0.4158703972629135	0.10256473332026758	0.9148980151349627	0.24304550110357762	0.9175308143753144	0.24302449790497616
62	0.611041620766856	0.05313991412687982	1.776927077424377	0.37371413351936167	0.36998668222301795	0.10504916019783332	0.9089633511735112	0.251200833951567	0.9152919271198138	0.25198113940713696
63	0.6193029174832654	0.05272314931239486	1.7692098600260908	0.36887430147709466	0.3632713696240757	0.10475947269522862	0.9143909554471601	0.24977419535498813	0.919433810539024	0.24551398363405635
64	0.6255910704280213	0.05041247107572447	1.7191542425877813	0.383759173959551	0.40020792356423446	0.10082150924438202	0.9204551348644358	0.24019215923493803	0.923443260478369	0.24174945700357403
65	0.6212511541363795	0.050907172606739874	1.7103800630994639	0.4223111712050526	0.40429226120241624	0.10055519373864848	0.9223424069373064	0.23562589549133045	0.921147553154976	0.23740554282465037
66	0.6366966620937259	0.04987604741234157	1.684943186862373	0.4079824510646633	0.38332979000170897	0.0972464835454182	0.9158915089220149	0.23650030048287926	0.9201140317175224	0.2408995243155769
67	0.6603117418165668	0.04933711951601004	1.6683199354743652	0.41862774370476513	0.42674439401613723	0.09689955272242558	0.9194102576507781	0.22840380462594004	0.926297101806654	0.2332617631194469
68	0.6493624382636639	0.04898867946359065	1.6488963051587304	0.41842982284975727	0.4044998733850362	0.09518686118333668	0.9227401308743929	0.22603257379420488	0.9198790263147011	0.23020868529291713
69	0.6379587729532727	0.04801107899305436	1.638777394021227	0.4040715564463199	0.41008473188025835	0.09507213575859193	0.9172592834537646	0.2194851035584882	0.9223499368675564	0.22418419745474824
70	0.6667899101727512	0.04841797275353191	1.619289345156807	0.45146419527257003	0.46248273974837056	0.09341407178323305	0.9225687489387857	0.2193164802831889	0.9289188726176154	0.2181767361069538
71	0.6543654080909638	0.046065675510187275	1.5833373712452605	0.44394473529927575	0.4410369062724886	0.08960559276830715	0.9255972978166581	0.2156149175157882	0.926583740551037	0.22020643106087873
72	0.673981995803465	0.04594031186605312	1.5652508587160738	0.4343224276150532	0.4285597289981385	0.08928796733955865	0.9308283382141042	0.20852896820239195	0.9309058601904661	0.2094003869449169
73	0.6815834920143921	0.046751207609095485	1.5670362531044142	0.4250395773876068	0.41587924032613016	0.08936172034685634	0.928515047539178	0.20542064200048596	0.9295456822605096	0.2103402999735177
74	0.6873030191499541	0.044730806017742215	1.5280742819936852	0.4677533972419771	0.47771338714322514	0.08608432419995718	0.9283056477902721	0.1985606050868919	0.9262482251418998	0.20726306761258265
75	0.7130122112459226	0.0421443397312115	1.4782563431611364	0.4633467724029151	0.4520801813026489	0.08291643042249235	0.9324512423192066	0.19432200847398357	0.936955338600831	0.19066867081010663
76	0.7045413144063895	0.042909222302994564	1.4990223834005036	0.4425686281200163	0.4408377507847	0.08418593027931136	0.9329617014171987	0.1958009652140961	0.9328094164776399	0.19457095637540725
77	0.7341424566394412	0.03891314982714482	1.3875271638467142	0.4851979935803061	0.4682942925477713	0.07590978640229074	0.9422913201278391	0.17709850568481986	0.9397726189495763	0.18240311414911642
78	0.7144595358925329	0.04276969293784375	1.472971066741319	0.4662642501435512	0.45976038678738806	0.08317005924785315	0.9329757412909474	0.18436191933829954	0.9371341973718357	0.1846744095113863
79	0.7102311795565324	0.04194199357435627	1.4510702444639554	0.4689065016997283	0.4751669934303419	0.08066993417247578	0.9381183428769927	0.18396945396874032	0.9409711000563019	0.18432160451242763
80	0.7168316189458341	0.0416174959207917	1.4402383761041686	0.46440347106731233	0.4455349249129213	0.07894197184149258	0.9375495743416155	0.18167636115158495	0.9359614862618112	0.18933339747566794
81	0.7269224634707147	0.03882842699186279	1.39851436774909	0.47678034714564127	0.49643864176728997	0.07557862346145601	0.9380669473859143	0.17683921579647355	0.9375804646356274	0.18266143707822763
82	0.7167526574971862	0.04155884733900035	1.4656086141580211	0.47145723191870686	0.45843979894781944	0.07964577558079805	0.9363616920231287	0.18845134632032795	0.9359913102770123	0.19242681853625887
83	0.7215260267458695	0.040629180094203896	1.430412022649274	0.4538246086254836	0.4593238648115592	0.07863869188149654	0.9428498743135848	0.17312588018164662	0.9406767012724561	0.17879789200256185
84	0.7530080596901693	0.036935504162245315	1.3412260654158563	0.5067842175656863	0.502232556207882	0.07142129307724328	0.9451172349185548	0.16553432658306771	0.9423129424067749	0.16776076646753216
85	0.7312714599446625	0.037665847531255334	1.3995583375813259	0.4888080930234427	0.49260965042081084	0.07443018505607064	0.9395187158569264	0.1771613410278651	0.9342085589858602	0.1799821409746104
86	0.768894801163766	0.03582361908723735	1.3157460340039668	0.5176159419043271	0.5260731360292052	0.06947099103619356	0.9437219154042399	0.160888394398879	0.9470674303946649	0.15994585310707615
87	0.752310199590248	0.035303415389994784	1.3427305720351876	0.4895014265671553	0.47490658334669295	0.07113934401050905	0.9413662615768228	0.16631743418078077	0.9451146767510092	0.16265089240342592
88	0.7843548282858614	0.03329398013807046	1.2655231482905849	0.5137430914511434	0.5150035789474142	0.06505909771429182	0.9469090859372173	0.15561716269234693	0.943810495586715	0.15533643443854306
89	0.777659347706143	0.03370546458843309	1.2473577031167162	0.49553546678350335	0.4887291328518437	0.06396605326410602	0.9462393164691063	0.1509565138792243	0.9490480487263546	0.15141913405152785
90	0.7681872783058407	0.034501369563639084	1.2736696719663207	0.5118336237793254	0.5162315548495767	0.06564489080817784	0.9464720552712923	0.1541642888553494	0.9438332776415393	0.1550900549329133
91	0.7855965299568168	0.033471397252018135	1.2887968311831455	0.5019642458744753	0.5219612984506076	0.06794224822353834	0.9489589238392335	0.14646517438281081	0.9524575158279666	0.15187588732888924
92	0.7882367787100402	0.032298114998546214	1.2261444903257714	0.5253080609640051	0.5250204625436862	0.0633271530767348	0.9547288754513926	0.1371075358754433	0.9480533827762899	0.1435495526260888
93	0.7910619302243759	0.03224097567952283	1.232693866700418	0.5132242253048351	0.5152197328245378	0.06323661852458436	0.9490287950184109	0.1453574382607563	0.9467733286498712	0.1412096636769919
94	0.8035254213276498	0.02960884768631342	1.1884944930589354	0.5389059226589766	0.5520817342672948	0.05987788427651865	0.9496529059790892	0.13880251008310246	0.9551703459936506	0.13600890989082431
95	0.7907102309556052	0.03157543809353187	1.235552185205884	0.5267254050250206	0.5345976750211155	0.06330617998387304	0.9474148093243872	0.1454677693506156	0.9529816770227422	0.14025850252054745
96	0.8022293653064196	0.03131482088187249	1.1971605147949267	0.524433385803956	0.4987325777491346	0.06072739414059643	0.9516562306212486	0.1334891652429091	0.9532838174829488	0.13741576549043547
97	0.8068006225864834	0.03027558567893332	1.1920681565817537	0.5536216900986453	0.5654914454283417	0.05945329780752097	0.9509937256990475	0.1357194264601576	0.9483583965957244	0.1401659479240312
98	0.8103577795532148	0.02931973760940644	1.2318323346681344	0.5248751844027045	0.54327744591998	0.06204375564270683	0.9491385249586014	0.14075449941789403	0.9504681936827963	0.14642983765532464
99	0.8335724928129447	0.027194756129297972	1.1343647293232844	0.540252514637036	0.5495488439117124	0.05573829371355214	0.9567994079321321	0.12584598412717915	0.9569758449392063	0.1272150727902634
100	0.8157123561862593	0.0276114544962598	1.1377605376628792	0.549003464944774	0.5459009891138434	0.05584576513542872	0.9548540715218975	0.12564139467923605	0.9580805131143078	0.12992811739734267
101	0.8144576168578186	0.02895519535345047	1.156113689571484	0.5409998270281609	0.5723818473482111	0.056976365094564684	0.9483792753143618	0.13285107902105672	0.9567523909428237	0.12861284553025007
102	0.8056345307546402	0.030051988511107564	1.1398453020909889	0.5645647743703583	0.5374464287741607	0.05638846333490896	0.9569340228187818	0.12640652477063014	0.9592784939847141	0.12411487857383047
103	0.8214762157424079	0.027193062149592107	1.1197516133580907	0.515329319595706	0.5216580040521138	0.05320923744002047	0.9505979534079216	0.13414897665377465	0.9580371742560327	0.126590954803678
104	0.8128538326019247	0.028102653816001258	1.147834341775746	0.5085354039234016	0.5027952568029688	0.056627222111744625	0.956806485375438	0.12607305779228162	0.9560309547453404	0.1273882844452373
105	0.8174696987552964	0.02710858860844139	1.1336184393337885	0.549656799840419	0.5342626605198998	0.055056376886173056	0.9511834689533692	0.12956017157717814	0.9585628915784508	0.1241681040451823
106	0.8186076220522163	0.027764842589553133	1.1189247998811795	0.5534210418134917	0.5678530075254778	0.0549662387566698	0.9523653753225456	0.11613935315453501	0.9514464592426046	0.12255247475394455
107	0.841049930325033	0.025245174835863655	1.115085964979312	0.554794483799289	0.5593906413378033	0.05291703081991457	0.947182113909409	0.12487135031219648	0.9551056948759952	0.12887370496758255
108	0.823644297310075	0.025922658071883712	1.0847506081134612	0.5466337182368305	0.5459808780538197	0.05144851850080488	0.9573793131486457	0.11775188540084457	0.9552730959775753	0.11887179024959772
109	0.844188096525243	0.02618173829527482	1.08711878620217	0.5511369469221308	0.5356164262605478	0.05175569584696795	0.9564493526464677	0.11648617298033664	0.9562968853642598	0.1188177818158284
110	0.8375750243011973	0.025636882553933576	1.0966288464355571	0.5357033992758696	0.5579740614938475	0.05211998509738415	0.9515912639490771	0.1195997063815197	0.9599292287139249	0.12102490402351582
111	0.820934289994075	0.02679876342791611	1.1041838717105257	0.5270562393726105	0.5268352254818555	0.05339042144330029	0.9520372190456583	0.11817265641849536	0.9614812480607375	0.11655711239049624
112	0.8297558889251323	0.025685160997798898	1.0635290635307957	0.5798127824742048	0.5752616960087387	0.050117126027197	0.9643246479107188	0.10746434477790258	0.9546872604748269	0.11944440725198253
113	0.8493540867747326	0.023957887795942916	1.0733005627375003	0.5436860691430283	0.5625197208208792	0.05085331021659602	0.959741005868891	0.11386514631974307	0.9590942355028523	0.11535141066545687
114	0.824257321385636	0.026323478785312483	1.08608122019651	0.5604537188808573	0.5618831714581685	0.05231340589100435	0.9582712004012872	0.1104361581540993	0.9587347255246923	0.11586096191653347
115	0.8435116726848216	0.023918706870302935	1.0133371985685264	0.5502132551495245	0.5329546643368965	0.04583994769073561	0.9613526127212326	0.10885556271492579	0.9598819381151583	0.10971805457365871
116	0.8376182633651741	0.025379659047899114	1.0718379491086905	0.5696701112999493	0.5717942115419219	0.049544278980947445	0.9561929756154849	0.11611480243297803	0.9532863617671472	0.12317091586811446
117	0.8449070217662523	0.024985987162447414	1.0594296089934008	0.5717773636591517	0.5745213007476864	0.04962038489776007	0.9586994493813905	0.11194934364282326	0.9578696735302927	0.11300142565809065
118	0.8474972996274502	0.02452011274234341	1.007908263500301	0.5612044284228833	0.5576970522188888	0.04607029336397798	0.9648811619213258	0.10232345974739639	0.961582025649649	0.10729709939596371
119	0.84760753492966	0.023876922957188657	1.0192971324346343	0.5634898954527539	0.5617615076027761	0.047135661742859436	0.9655637963526608	0.10245345083023438	0.9596039581657307	0.10855944962844367
120	0.8123264727945347	0.02710418411415781	1.1439467192108657	0.5306449839796902	0.5568100217323916	0.05423680278835761	0.948671191922947	0.12898214166651295	0.954701929103853	0.13178332295840903
121	0.8436347347920506	0.02475201491490086	1.0492131099489606	0.5742682259827536	0.5650880507131713	0.048295063193959854	0.9619602025828486	0.11160851305061621	0.9583872957779149	0.11278611635365383
122	0.8385904523721264	0.024620684883454386	1.0393322087330548	0.5571617764564304	0.5416585443358191	0.047844537054896275	0.9571622143724275	0.10395951614642528	0.9605523686741306	0.11530848795492059
123	0.8483590294461	0.02283727265737003	0.9981188925222606	0.5662113043701932	0.5594711433971129	0.044953828857379224	0.9646190652452912	0.1020861278316078	0.96180012260268	0.10574447783391892
124	0.8590762101952867	0.022204132433703068	0.9874940290154692	0.54843533521943	0.5557726254105305	0.044712943228946776	0.9617473809209329	0.0997470546506855	0.9615977284811884	0.10128087274549742
125	0.8761380875876337	0.021418298721077485	0.9551151324958917	0.5794959264396956	0.5771051248477254	0.04247436348680037	0.9655608523205412	0.08897714735084879	0.9612984843932646	0.10337894582624667
126	0.841982169285864	0.02310138958900927	1.0084828928426317	0.572558112636592	0.5570300258733084	0.045809195387344	0.963333577482257	0.10323932595572828	0.9601383845005129	0.10907971131173352
127	0.8595286991326061	0.02268466725586032	0.9818461387119999	0.5739338206733827	0.5799983607008399	0.043299430094823926	0.9614801337437977	0.10586179552774798	0.9599262498284163	0.10421799464829985
128	0.8520543950739562	0.023786387849516824	1.02569812115025	0.5497336563133296	0.5352818845266656	0.046438794347586736	0.9592900387394262	0.10467565538287797	0.9582009951044707	0.11655096390346818
129	0.8515919731867493	0.024011370970039372	0.995630484527497	0.5829505556701741	0.5770683048168556	0.044183442759282224	0.9620442037663868	0.10414032286664163	0.9601577789645702	0.10906107243897117
130	0.856486153572954	0.023871194828752332	1.0054667047563308	0.6125387674927958	0.6397901230678675	0.04513322960474797	0.960362720996565	0.10278741161678347	0.9579108163668991	0.11011886720922134
131	0.8514238946693504	0.023232806426499487	1.0427244109916407	0.5736155870525529	0.5807862273038855	0.04778422996608031	0.9569249133927877	0.1109954728339624	0.9622392402695304	0.11076036827985296
132	0.8568930203786005	0.023442707064301013	0.9855697726375219	0.5808244220827307	0.6094487128239852	0.04497884775345586	0.9626192151345462	0.09677750452617191	0.9637379729531426	0.0959900409619812
133	0.8679153157430377	0.02110317272966044	0.988623454805889	0.6048534714899144	0.6358699055979088	0.044271339251371514	0.9633368591610533	0.10050890957830051	0.9622836276961783	0.1026826276909188
134	0.8633935221301909	0.022042206649182404	0.9821679039397454	0.5617108331047443	0.5619108268851272	0.044023609969795686	0.9623996427485932	0.09756414710757483	0.9648560143802319	0.10199185745681033
135	0.8570644885408119	0.021741937233967022	0.9622099051410161	0.5860482368193078	0.5869252920540132	0.04139806058343092	0.9612484679339478	0.100488060072465	0.9628893741203842	0.10537488703978626
136	0.8546428745030276	0.022671879819436417	0.9825985351870407	0.5786243979235665	0.5844470610652879	0.044469563685613396	0.9626045168833444	0.09670060945812108	0.965710404744622	0.09832917272425853
137	0.8637151203233272	0.022207674908317626	1.0116043971087472	0.5758833244145787	0.5808167013255715	0.045326731067338234	0.960463347883572	0.10263060399256538	0.9611495224534004	0.11130128731311066
138	0.8686133050768655	0.0208720479354893	0.9826705265162566	0.5683768597285418	0.5531037582090662	0.04252424996122143	0.9574698107084427	0.10541700792199188	0.9627836504447911	0.10649178407358495
139	0.8484970616981204	0.021161123887957527	0.9920240648652062	0.5657757117353268	0.5574349421167195	0.04392988908721596	0.9619429920945877	0.10141534039873153	0.9634762517626934	0.10475779240289076
140	0.8758856345652049	0.01897006544955313	0.9403431634335623	0.5734595981750086	0.5925921722612837	0.041028491094200766	0.9689167201803814	0.0904446708750885	0.9691676205164389	0.09375991943816112
141	0.8784990703613815	0.019010220830186723	0.9236802516828867	0.5938452777632524	0.5905270734274907	0.03965531692770502	0.9685355040369789	0.0896759470505801	0.9679078162830119	0.09254804683171484
142	0.8644114061484244	0.020212758560611655	0.9102664805328018	0.5939163687374596	0.5769322926900515	0.03886428495706921	0.9643332417634277	0.08790424201337065	0.9701173429329034	0.0902826347276033
143	0.8819537697310214	0.019213375193581267	0.929117363653254	0.5979239019923274	0.60631779069835	0.039719751483736236	0.9567288967724636	0.09461954064242838	0.9684291849490229	0.09434952596705709
144	0.8785376321745147	0.019290646000341125	0.914970214605839	0.5925282335179605	0.5799877713925929	0.03959722945896479	0.9703768006781419	0.08734934908898866	0.9676121332629545	0.08963827788433179
145	0.8932815101234801	0.017615418454869147	0.9000680593613586	0.5752659674789571	0.5935471560289713	0.037868985129604085	0.9630742437840347	0.08777874723891882	0.9608579851499003	0.09196759540650132
146	0.8777574993213665	0.02030966622629871	0.924583160999388	0.6160157728859889	0.6202395542978322	0.03921500978768784	0.9648028348907984	0.09690513987354944	0.9659494494346514	0.09412278033275379
147	0.8618864322275619	0.02128531287308006	0.9394930531314183	0.566867516286996	0.5563180127566427	0.04134132925223679	0.9645482012678999	0.09026897086501359	0.9657156970945361	0.09475898121711435
148	0.8714838660342105	0.018515052544751266	0.8896271639486434	0.5906411297401072	0.5715198031905905	0.03672187722572898	0.9675588920189698	0.08873521384929592	0.9671808903650385	0.09327793546568326
149	0.8810007827487126	0.018995652346613243	0.9005216963436491	0.6081673133598864	0.6058025928192502	0.03840516067571325	0.9665115731012843	0.08569879657798365	0.9686460829673437	0.09085602091170702
150	0.8878077206426546	0.019596835632372467	0.9002270513165337	0.59109299307273	0.5643064160695322	0.038451451454723104	0.9648033650906549	0.08740597740182589	0.9683975196137956	0.0889254292229769
151	0.8447870468316447	0.02300316031254027	0.9877427585555861	0.5704460900979222	0.5500785498946836	0.044948843904960054	0.9628240811970836	0.09579810729492748	0.9624778665076631	0.10116266406525203
152	0.876782373989506	0.019530384247046235	0.9266485774218798	0.5855188116309289	0.6011399869267393	0.03930899248246995	0.9660240718478947	0.09288102319865174	0.965413731642642	0.0982911648520779
153	0.8772664068391747	0.019194851019006993	0.9121413224867312	0.5945221835322139	0.5896580509936304	0.03954628434444691	0.9660598439318244	0.08539246088392102	0.9682578630853711	0.08968715004658633
154	0.8755539281800577	0.019913646953127383	0.8940355482731597	0.5948545878392795	0.5919863367102641	0.037055689805316934	0.9700183575742255	0.0855736928623361	0.9630166212362414	0.0964366330316259
155	0.885866494990375	0.01835079964602082	0.8970709062967968	0.5869049278423358	0.596326535424906	0.038533769751456955	0.9697627751541482	0.08383949360065807	0.9685603473759082	0.08752012684185723
156	0.8834370223084488	0.01854656996142981	0.87003268338373	0.5977029818628132	0.5967441724537531	0.0353675382962911	0.9711218981111189	0.0850784547566487	0.9640326157881598	0.09185386730106644
157	0.8708013358444673	0.01926344272540275	0.8789693084618561	0.5904631750486681	0.5933237221778297	0.03677185609022496	0.9680575418006245	0.08152824007410983	0.9647432820435963	0.09022754835525598
158	0.892818707669895	0.016075290770646476	0.8583913812349856	0.5924787569199783	0.6173140618054017	0.034298094206643065	0.970938554256289	0.08508765913143512	0.9675642717282088	0.09110307255211998
159	0.8772937271938213	0.020650518708955325	0.9055654523551607	0.5901622766614256	0.580882076808807	0.039187769297835615	0.9669419188178258	0.08365129497192754	0.9672773623253287	0.09082182185733798
160	0.8838464379235861	0.018275569998831478	0.8704853272355552	0.6052007417623524	0.6150710835722809	0.03586970999170593	0.9674625866174115	0.0845660148924705	0.9697666595369551	0.08820950639297076
161	0.8878895703745039	0.018515912493175732	0.866890166489279	0.6093240719755666	0.6243124388449323	0.035540877883926146	0.9630052606060778	0.08578612004838822	0.9690694166492082	0.08786100654800601
162	0.8994152726924186	0.01701132772833214	0.8568222943474265	0.5931337793765928	0.6112563688359907	0.035959620546080553	0.9696752130170166	0.07679646046193143	0.9679521417805519	0.08384466985731896
163	0.8857531446967155	0.017113903957101304	0.8729594557057488	0.593458936817592	0.612816881840894	0.03650990393784195	0.9711658791883414	0.07782310345684844	0.9618883171675826	0.0940903928626645
164	0.8874186635641653	0.018110346822301112	0.8886971846520345	0.6097470069739782	0.5968764578388691	0.03695007878716858	0.9666585448388963	0.08934624269029579	0.963039511877248	0.09361115071128301
165	0.879091868537706	0.01980103154564839	0.9082268347345454	0.5799578822979721	0.5844232451195994	0.03880441319561814	0.9661470335066636	0.09283802269628018	0.9700223793773461	0.09036047152266609
166	0.8921319220397617	0.01790375609681137	0.8588333879819346	0.5873351780090393	0.6106913330754652	0.03590409651335199	0.9703045697102521	0.07786050840165186	0.9663329606379844	0.08569579300194749
167	0.901777306207513	0.01659090562122072	0.8246115318933065	0.6328216032543291	0.6375772249248995	0.033399068856537976	0.9670334738629864	0.07198044649626002	0.9689399044266568	0.08417165617857378
168	0.8875788129255816	0.018852963883914144	0.8599392316317286	0.6128744025378235	0.627732398033701	0.035999063446538734	0.9685973917985734	0.08126691536442941	0.9709630549489278	0.08491271765967585
169	0.8892500609606495	0.01779647196500146	0.8626437631730929	0.6121045448167095	0.6038963541305874	0.03591715558046574	0.9711584827656342	0.08524791085643911	0.9653427734599257	0.0845495260516189
170	0.909676439665448	0.014983413269195982	0.797661832681767	0.6277627044241443	0.6193736927807741	0.030382927608053306	0.9721321871652782	0.07809687907504359	0.9723087395231691	0.08329042824397212
171	0.9148144713945201	0.014690218258156801	0.7848960902102615	0.6355206665275488	0.6557952584551788	0.029873114870997513	0.9661367090972504	0.07342834685752374	0.9699502983512801	0.08254276969913063
172	0.890415988138445	0.018414489276303608	0.8736114363372722	0.6089541193693451	0.6045851662534212	0.03755194996279115	0.9624191320654184	0.08384813265594866	0.9609732073621267	0.08381912896758165
173	0.8955836323203787	0.018405099859750477	0.8632437204914839	0.6038803167462732	0.6208909880567897	0.035607557245900784	0.9664950542118794	0.08528792669529099	0.9671172029903026	0.0902328887200273
174	0.8823267270372529	0.018857680250584284	0.8643931107918316	0.6121590833425788	0.6163680009087903	0.036316241866355924	0.9660223940737561	0.08332418666154519	0.968470563352707	0.08623216331990707
175	0.8939066160493069	0.017362748938270552	0.8401672883112442	0.6159612969747945	0.6059290807044241	0.03449595901483731	0.967521791613076	0.0796092985480992	0.9686542038203013	0.08442515664948867
176	0.9001197633055139	0.01607031106689436	0.8292857368781842	0.6112189808709005	0.617699622807717	0.03402048385857501	0.9692324132074785	0.07727538544554755	0.9706822493866659	0.08131936899296362
177	0.8703813381412303	0.019124129980534567	0.9030055758767157	0.5926927902700306	0.6057010056502623	0.03834894012115918	0.9651601588129876	0.09478699503724788	0.9609230533110427	0.0933136106631105
178	0.8638134663939672	0.02056097242887493	0.9026104724641998	0.5909831641645746	0.5859293042961827	0.03953138849826166	0.9661732213746068	0.08693779599925988	0.9673366018896304	0.08766455761344628
179	0.8880205570658597	0.01665288324638634	0.8497409034130705	0.5976206437770414	0.5981247051769938	0.035253904095538795	0.9704812125183793	0.07890451600339332	0.9681686237543207	0.08617429661675831
180	0.8881898960105828	0.01935612487809726	0.9021422829690181	0.5905269789308314	0.5797158410954336	0.03904645455669486	0.9684166865634886	0.08734211696687137	0.9678241837376459	0.0901346753059128
181	0.8918220902648848	0.017014362559945585	0.8396238801420322	0.603660237870066	0.6061992204775565	0.03470790099564792	0.9739781187947889	0.07462109181492538	0.9699093123727556	0.08408833758512377
182	0.8967957816681549	0.016594634990858313	0.8476811414914212	0.611389232051415	0.6145244979326665	0.034547121876824446	0.9681489764097985	0.08532101675443647	0.9698745950306205	0.08319977699365741
183	0.8726473087988353	0.020097702639802123	0.8742756961919477	0.6153225554222245	0.5995955448786576	0.036822473211622964	0.9683504797148438	0.08311291577853212	0.9692698156975632	0.08912794681953597
184	0.880905466920078	0.018562233996472704	0.870791761583872	0.6023320686980872	0.6070272073029126	0.036197052190230505	0.9661222884135968	0.08594132855233119	0.9702256932783393	0.08793593143525198
185	0.8845042563499277	0.018529951216975	0.8810924147953529	0.5969259359002235	0.5946137720929496	0.036435017652392175	0.9651857009001721	0.09017383295369412	0.9682151721284633	0.08979011485826582
186	0.8799960930072043	0.018689408620035125	0.8390011053818923	0.5933558293339104	0.5910048220013611	0.033426284496661296	0.9705290252857925	0.08057611989586681	0.9662603371629456	0.08775549223272208
187	0.8897506127420848	0.017118247801976887	0.8423439861851104	0.6075065911185072	0.5816941588822695	0.033856458121616695	0.9691224836677133	0.08225944970424803	0.966964326408921	0.08604158006711608
188	0.8987971304773406	0.0173707658631094	0.8537066661442154	0.6102363167580582	0.6384112319371861	0.03581030260734825	0.9677911853695453	0.07602694454868883	0.9697370466495618	0.08467586027170262
189	0.895305447615878	0.016407217489013096	0.8245188127593345	0.605441207085439	0.6025904353014986	0.032532661704191355	0.9692831509174824	0.08170313967080994	0.9658722815059597	0.0827718359542902
190	0.8918579174170315	0.017429058825498507	0.83869653774412	0.6035269114385792	0.6077096113133871	0.03368554554660531	0.9697977617898035	0.07997178030491574	0.9636269920582262	0.0878960919795255
191	0.8957803464484783	0.016658565703599925	0.8159133195083828	0.6047280968832733	0.5923564344638069	0.03256285346486468	0.9720457468819856	0.07633648123240135	0.9651989808374309	0.0806214713052982
192	0.9092122661744518	0.01604852573980823	0.7928400699655077	0.6145071975395713	0.6187917022146101	0.030844208725527553	0.9713344881821842	0.07311349588508044	0.9739254185979092	0.07961818040813383
193	0.8958087463555778	0.015765981701415133	0.8119245247698731	0.6135446934245578	0.6010717721686772	0.03324401167404558	0.9727024181637686	0.07290426478244014	0.9735270041762885	0.07636051312473692
194	0.8751046412224427	0.02051848122367419	0.9068899561281943	0.6189616584123205	0.6244519683224592	0.03842075790057	0.960501753903965	0.09395193904965506	0.9674333634902924	0.09606067445263017
195	0.8869532028835694	0.0179536361966182	0.8396950603594385	0.6242294423419853	0.6374116685258007	0.034537555365794705	0.9700938290922545	0.07830568434190156	0.9699295253253025	0.08284804990501726
196	0.897741436625391	0.01647842666839485	0.8254794368789587	0.5961154692227011	0.5961173070229797	0.03260055660052755	0.970326117889408	0.08342672494087157	0.9710081708561104	0.08332482689933587
197	0.8794711113414131	0.02056929408827941	0.8645490405088033	0.6171938215352016	0.612546623270545	0.036706796033089274	0.9686933186343644	0.0805605247875565	0.9722747114491868	0.08329438801685292
198	0.8676749088646881	0.019062561597149558	0.8471666462471551	0.6127129740745595	0.6194628318875482	0.03525111600255908	0.9698188145154707	0.08016660945558916	0.9682513928793659	0.0807280875876296
199	0.8990798134323291	0.016991411201657848	0.8217927793460797	0.6213000419125358	0.6034628593386281	0.032745116470976054	0.9708535846600916	0.07944261703599569	0.9722499588323725	0.08054206473219892
200	0.9025911612768638	0.0153589030290962	0.8086708809249351	0.6281881029208792	0.6326649983637679	0.031160441907219408	0.9709980256354461	0.07993429532735183	0.9726686300243262	0.08313814193230457
201	0.883222089110207	0.017399174961072312	0.8043131698056806	0.6071743299988553	0.602422523342254	0.032207571645682526	0.9729018531364466	0.07377417347799725	0.9692582550388334	0.07617087402877526
202	0.8978593795758298	0.016265503637354333	0.8160597862463096	0.6179027360505569	0.6272871004546151	0.032805622321927096	0.969279478225198	0.0731301693672635	0.966195458210492	0.08289727603479732
203	0.9078539362838318	0.014814210703818583	0.7817139916512634	0.6191601750763538	0.6146525994006485	0.030152177164345456	0.9718032740548211	0.07354874373233902	0.9746618377689499	0.07572017474923484
204	0.8938075778238517	0.016812062064451724	0.8038857323805448	0.6177738305331008	0.6169220412256958	0.03250607537301017	0.9700644094085372	0.07561378652913586	0.9683219765817905	0.0737777749071032
205	0.8801853039653016	0.018009308918515834	0.8331980724695803	0.6211894149428031	0.6228997167102998	0.03472415621322772	0.9680337030562951	0.07565670744594041	0.972687887425461	0.0806483273013399
206	0.8994889931723591	0.016471769164497562	0.804164821341027	0.6327743813188537	0.6246812964165138	0.032286724851942415	0.969682787644354	0.07567280006295257	0.9708852875516609	0.07564370825565461
207	0.9018765524963641	0.016563521156601643	0.7958966885708988	0.5926283150188112	0.5846265845112948	0.03207503100296907	0.9664697259452842	0.07347779278984277	0.9735987671920245	0.07257575152993662
208	0.896730084752678	0.016189404494692576	0.8055908719783201	0.5878151993402405	0.5825987798939759	0.03201207152766364	0.9684419644380592	0.07969058676860039	0.9735101153954838	0.07705511479364102
209	0.8807165800167595	0.02002569364997592	0.9027608920593734	0.602839221714507	0.6158078852739503	0.03887794379747032	0.9673893554370734	0.08717290095148059	0.9691314094828755	0.09573142099079456
210	0.8938522899658115	0.017411213359687185	0.8366758871624246	0.606072351556981	0.6249775328506827	0.03442767283021273	0.9703894117106836	0.08096619794977641	0.9701030030820538	0.07961338029672149
211	0.8966328148007552	0.01703556029105969	0.8166149588921998	0.5894895581151544	0.6052588861526236	0.03291503425441149	0.9714117373398012	0.07680248699949434	0.9683425181129026	0.0796066907457343
212	0.9032297217279042	0.01722538597181009	0.8438744386571311	0.5959251832104823	0.6030982549347428	0.033812535569118375	0.9669488894852591	0.08735399539658038	0.9654559182874922	0.08721918103552607
213	0.8940076981335799	0.017800810127526507	0.8609749622363374	0.6239028072986011	0.6467303200085347	0.035371638123652016	0.9681873977631192	0.08577557785314054	0.9681251093225169	0.08955225508807821
214	0.8864374302131574	0.017379420537915302	0.8444475623039543	0.587045762348918	0.5917924783887563	0.035361227989053	0.970309240496508	0.078800915633094	0.9653730392642766	0.08022161891759791
215	0.9120285481385383	0.014707041097541397	0.7736433207560385	0.6291970237386354	0.6183902266304006	0.029107900750113113	0.9726770802842111	0.07690604380015874	0.974519499200463	0.07500235350008796
216	0.9086058293252959	0.015085044182591103	0.7729785448856927	0.5986715092906697	0.5974830881662742	0.029774957975917535	0.9700176373419448	0.07308110111562344	0.9737381644452049	0.07323899126438375
217	0.9004728322778721	0.015984553494056877	0.7760899521694051	0.6187050066575538	0.6236565576264719	0.03048528062843038	0.9742958457327838	0.07099106775272994	0.9716997423301675	0.0731862535522217
218	0.9056194102311943	0.015106782356452119	0.7676592364348025	0.6070259632607931	0.6033892086222044	0.031237566820017364	0.976336674151772	0.06433762755668367	0.972110369061212	0.0659661184458941
219	0.9010951979273286	0.015139454148701346	0.771413300863631	0.6219974363393377	0.603006793079595	0.030733732003044353	0.9739717571019152	0.06787413294038654	0.9704777949444228	0.07332776621924077
220	0.9008185504821725	0.014742425802750163	0.7660298471219812	0.6217574597815796	0.6359132483550585	0.029589803050038405	0.9736344528801569	0.07338256834559231	0.9732450203290502	0.07471177521235359
221	0.9024799659852023	0.016489727361118315	0.7882922107801495	0.6098429682132909	0.607325001814768	0.03252664790978362	0.9745214666870406	0.07183145561040098	0.9772943950630957	0.06960246059324693
222	0.8987581911110301	0.017870299890129223	0.8381779868218187	0.5986175228806773	0.6032911142064381	0.03459615632185169	0.966994903054213	0.08358150763183808	0.9712788420544413	0.0847821413383923
223	0.8909549148969222	0.01652458172284948	0.8212184054136974	0.6212578966170408	0.639518935930878	0.03428749697065263	0.9707467434744501	0.07376767449092843	0.9692358166163088	0.07990540304965627
224	0.9013051360773658	0.016244836997028587	0.7710465878160957	0.6059306049642943	0.6152695300105439	0.030493680093985766	0.975726867355861	0.06962453184160014	0.9730993454884403	0.0724530887054039
225	0.9026510472414659	0.015498912882111622	0.7686870067891269	0.6398505459202479	0.6394002221476808	0.029646816512107224	0.9676511695609071	0.07149694973564716	0.9716977853868473	0.07708665660795916
226	0.9130946004286655	0.015031327530579324	0.769493306812721	0.6355230207417383	0.6463159689445608	0.029937988327727386	0.9740742931921	0.07412895221845216	0.974304161669022	0.07342246411795117
227	0.9081645446507888	0.014832410694195152	0.7486553940726685	0.62796068671232	0.6198527651668323	0.02828794790916234	0.9737460815718383	0.06980571433721323	0.9738753133202529	0.07489844655287387
228	0.8865805700972488	0.017464617269605968	0.8033518156283137	0.6108906889344624	0.5917394303104422	0.03317036410661785	0.9718872636802072	0.07398827321924585	0.9734836363382358	0.0769566937364858
229	0.8417495220826076	0.023766681967365873	1.0300443576297322	0.5768895073287106	0.5731357664817146	0.04499370694409095	0.9587263355619888	0.13190325395181074	0.9567952140902183	0.11786104735192274
230	0.8907644709414564	0.01741322574623639	0.8808983503852019	0.6156373451051165	0.6231282460555264	0.03626457287064568	0.9644610809114134	0.09271951019962259	0.9682715388299722	0.09093019694520227
231	0.8823748757894133	0.018867158262776237	0.8752851208093352	0.59772677412042	0.59893797912492	0.03615032142625132	0.96088397654672	0.08988241379545635	0.9674174309836481	0.08753425148676408
232	0.8901710722287832	0.017642328635193775	0.819074519563616	0.6122380419123652	0.5983968430181867	0.03348025690619421	0.9723091420268154	0.07251055116497727	0.9720223095229964	0.07648722367598666
233	0.8863517860495532	0.018025471258111297	0.870660547511134	0.6201857080767452	0.612674421138245	0.036059069190157486	0.9688648252232409	0.08673877212014927	0.9664391036298331	0.08717393807943892
234	0.894943271743659	0.016851134525530442	0.8153043176809269	0.6360738067269774	0.6421328054596139	0.03263012017513828	0.9723741191625357	0.07482949822460888	0.9720167641767367	0.07881675264432467
235	0.8946673623509761	0.016428727763908225	0.792694405367757	0.6295997059335698	0.6303493914842258	0.031179829741316747	0.9716822225629702	0.0728529354964926	0.9658820030369059	0.07450239930281082
236	0.9143884321032583	0.015138715512540894	0.7945278123445514	0.5897402648401915	0.5627118684360163	0.030841835099600885	0.9725001765594644	0.07286797687118798	0.970930388230883	0.08101833752131633
237	0.9010411587740595	0.015225083342830693	0.7715310705272892	0.5972277253741436	0.5947754285208277	0.030018572671817838	0.9744012024683263	0.07004343483141914	0.9757211179992986	0.07105847136017122
238	0.9030480735823043	0.015721843544192864	0.7568018396452192	0.6127240449207407	0.6223144619602321	0.029450010946692265	0.9731395371602329	0.06596014397910437	0.9702917277838201	0.06803178514899537
239	0.9103067616978167	0.014434556110514418	0.765691516871842	0.6393134975259559	0.6495867316832677	0.03008327315161627	0.9732432661875775	0.06989055174649048	0.977558996617564	0.06868139739845633
240	0.8937701765762581	0.017800168886927984	0.827117670865842	0.6051504975094504	0.585742260333603	0.03447729604153148	0.9735787103344783	0.07648343380341306	0.9732225730208958	0.0789653428026795
241	0.8888602850315689	0.016811643377041142	0.8284495516060704	0.6273793512205246	0.6309940988938458	0.03381555672340335	0.9697398889324165	0.08036373365379916	0.971473250657548	0.08137003151218498
242	0.9073221412400736	0.01655822377489562	0.7824018393896792	0.6107543585893555	0.6098505675939468	0.030660154122565737	0.9734778348309249	0.07483533608172131	0.9733270095338654	0.07319127306260817
243	0.917198171691405	0.013938396832354651	0.7415957208370826	0.6124274110759297	0.6335438644658073	0.027567916953245102	0.9720810926914399	0.06676101831866527	0.9674544461732956	0.0731292155769346
244	0.9073983643479231	0.01409644166550269	0.7673987978977633	0.638373840876178	0.6496054713561222	0.02982912505343497	0.9708197021696076	0.07049937122906733	0.9726713090045863	0.07452596410700447
245	0.8860147124835452	0.01794933085996035	0.840499228029642	0.5995732491581058	0.5866965129358497	0.03463049285177767	0.9687969474962439	0.08482926081997903	0.9717885143227647	0.08384823553573507
246	0.9047788522376017	0.015058118846274404	0.7558265911127171	0.6303544482938964	0.6081096342342753	0.028871113170555077	0.9755646781497711	0.07010422514179919	0.97681608203561	0.07186900341517911
247	0.8982084951591175	0.016867856373120518	0.798814213264804	0.6341735010251085	0.6260568727314428	0.03233780311943608	0.9705957799735706	0.07158669415987297	0.9705695836942861	0.07925043688303206
248	0.8902339589090116	0.015525799907438034	0.7690595103874466	0.6203517372066415	0.631345437003622	0.030443029558260785	0.9756067905344602	0.06653495159348195	0.975219508280725	0.07450083354381422
249	0.9004829663383298	0.015873362715778706	0.7808755144242883	0.6331278521501624	0.605712949203728	0.030724095607621137	0.9736904537211399	0.07668028655542532	0.9754677224274035	0.07424666515695531
250	0.9063057139864967	0.014822727584962763	0.7507488442793595	0.6141359335141954	0.6188545867265773	0.02835929914721453	0.9699795047039786	0.07094718017911607	0.9746042382539148	0.07474664888362802
251	0.9069657153571831	0.014855316304452994	0.7727961110281824	0.6265930134374705	0.6331640086379361	0.0303597983534579	0.9690168373405792	0.07322899368585409	0.9695273694486869	0.07492541770768318
252	0.9010102100310918	0.014928431177275324	0.7667009792954229	0.6224289135833917	0.6068895321460545	0.029957891781862735	0.9739025044466701	0.07169123821229234	0.9683527231390919	0.07496968591781589
253	0.8855320423495849	0.017922695402845756	0.8328259978279777	0.6189646581925277	0.6045283461536918	0.03422001768934788	0.9657143997603566	0.08332478414922516	0.9693033231350129	0.08547102987799979
254	0.9135913268911124	0.015180721424375248	0.7694664717609019	0.6403751533756863	0.6477631300190165	0.030115777786274778	0.9706572978822141	0.07340648833792165	0.9748093861683446	0.07331560303833626
255	0.9191672895069339	0.013935510417820065	0.7369218848393831	0.6150889436039263	0.6227783093374887	0.027628619561831044	0.976683780430069	0.06904909408004052	0.9739435703016415	0.07185808463790076
256	0.9078906669027784	0.013599914381375235	0.7208896913060744	0.6080745561214488	0.5979030371571987	0.026610650792584074	0.971520727697642	0.06774482817857831	0.9752760604177038	0.06923660589196134
257	0.9039577195774627	0.015985279039675376	0.7449823485145488	0.6166922398792005	0.6123398707818164	0.029541389271641724	0.9784031298702145	0.0679119141687611	0.9736349623039456	0.0655042364422925
258	0.8933695519056131	0.018600168694884064	0.8277544797196615	0.5959155451664483	0.6062684438997539	0.035365078370573955	0.9675703475989736	0.07743143853859116	0.9702981835049608	0.07961828264489369
259	0.9042900920665546	0.015927124916919673	0.7491341617185447	0.6067438122676636	0.6056407788436615	0.029639060402178473	0.9713692151441593	0.06925408462930589	0.9741118825184625	0.0664634593145955
260	0.8983536565897069	0.01710741439511856	0.8075686843749974	0.6128481798974881	0.6278596096331089	0.03356966521791243	0.9705602233806633	0.07766749762347683	0.9737215973752583	0.07704447136211735
261	0.8988672526363151	0.016538951760285605	0.8080946472149946	0.6224393839010904	0.6420366119409449	0.03393475839554359	0.972671630229009	0.07372395350729924	0.9751602567838195	0.07677826847180046
262	0.898284423564211	0.015574846262369322	0.778014249685187	0.6320124031337464	0.6317713061917792	0.03052262320312864	0.9713062053543965	0.07360295600403821	0.9735377926470342	0.08073029862525918
263	0.9053333783938755	0.01493558850203707	0.7320313494209283	0.6293268033603553	0.6278909228533144	0.0278282875800245	0.9727773712191609	0.06859292357908163	0.9761207681529925	0.06801515362169201
264	0.9017740917999735	0.01509546336498769	0.7150886003835296	0.6542994441679252	0.63494244393153	0.027026895850119453	0.9733080861132288	0.06477229538060564	0.9775233961593401	0.06487200157144245
265	0.8918910996232016	0.01609831370195408	0.772701167040186	0.613663092092488	0.5919462431153053	0.02914322949764967	0.9697395663873684	0.08218571648154371	0.9719116657982425	0.08168275111536095
266	0.9097211191319755	0.014083906229424776	0.7556791904682106	0.6276788337898161	0.6513181894977521	0.028982982191903924	0.9719559421390369	0.0739017025727976	0.9730032212647167	0.0745919754320648
267	0.9066011943262591	0.014900909094810476	0.7645637389507451	0.5908275585365754	0.595989963728713	0.03085794208208404	0.9720085037783366	0.06936768814797434	0.9720743195356275	0.07002762153879549
268	0.8989967284216077	0.016501454905291243	0.7804479239419765	0.6102697953214494	0.594784485435992	0.03153237531103922	0.9725919608664226	0.07307192800918062	0.9717874714922982	0.07564806265645929
269	0.9114079200466018	0.014599641546152635	0.7490677308109741	0.6294125897835828	0.6644129793752975	0.02970495252377466	0.9749425527943474	0.06683883892353906	0.9646616772847552	0.06974247223599686
270	0.9068428111504998	0.014582826236146658	0.7265190476348878	0.620873363781493	0.6105885337611311	0.028051885604929792	0.9740666625695069	0.06589852795718767	0.9731891281189633	0.06623976876612654
271	0.8983988892674596	0.015914432598289827	0.7529020116213062	0.6289838272530464	0.6492857892106281	0.029673601047671083	0.9754637968109796	0.06916247805484316	0.972061092739792	0.07432133332142765
272	0.9143421058947413	0.013967134904988717	0.7140167654512536	0.6196977831849098	0.627360599549854	0.026836664962245408	0.9734103939350388	0.06411678733297697	0.9730627766970699	0.06949813665124586
273	0.920515285432371	0.013174950359299945	0.701047729015636	0.6348248539141624	0.6217711984189016	0.026108364827458944	0.9761300699552272	0.06331743052666067	0.9771751820229637	0.06566418867458093
274	0.9171190337098933	0.012460706145027917	0.7392873846932488	0.6313393020419056	0.6306328123889039	0.027955678095166032	0.9741357988361079	0.07403375405995713	0.973250469351158	0.07517970441316302
275	0.9056683544998109	0.013995691045914475	0.7298523789157187	0.6166308228281671	0.6205966802956927	0.028601472220282694	0.9772731082881326	0.06559559930758468	0.9768833637478835	0.06875272255836093
276	0.9176298592640186	0.013194964726343711	0.7175405810718242	0.6188574766273004	0.6164943714952162	0.027451017778168493	0.976636551261827	0.06696597037830464	0.9745453731040847	0.06697963339930793
277	0.9108340412258921	0.013712012864434747	0.7213061389562644	0.6027059381021661	0.6246565378521506	0.027871431830188663	0.97611907538892	0.06697903948967163	0.9761832483180299	0.06765071500096712
278	0.9121327056793167	0.0140515151194123	0.7044762432622821	0.6291122769239086	0.6150033466115398	0.026858007892795722	0.9770867212830197	0.06343412897055029	0.9716433511214491	0.06583884612121439
279	0.9128060271525561	0.014704887124149305	0.7304372567349303	0.6321177259833911	0.6458133024484728	0.028411944437943575	0.9753254326619839	0.07087121954515462	0.9762325480654649	0.06869671902737545
